#
# There is insufficient memory for the Java Runtime Environment to continue.
# Native memory allocation (mmap) failed to map 10485760 bytes for G1 virtual space
# Possible reasons:
#   The system is out of physical RAM or swap space
#   The process is running with CompressedOops enabled, and the Java Heap may be blocking the growth of the native heap
# Possible solutions:
#   Reduce memory load on the system
#   Increase physical memory or swap space
#   Check if swap backing store is full
#   Decrease Java heap size (-Xmx/-Xms)
#   Decrease number of Java threads
#   Decrease Java thread stack sizes (-Xss)
#   Set larger code cache with -XX:ReservedCodeCacheSize=
#   JVM is running with Unscaled Compressed Oops mode in which the Java heap is
#     placed in the first 4GB address space. The Java Heap base address is the
#     maximum limit for the native heap growth. Please use -XX:HeapBaseMinAddress
#     to set the Java Heap base and to place the Java Heap above 4GB virtual address.
# This output file may be truncated or incomplete.
#
#  Out of Memory Error (os_windows.cpp:3600), pid=2968, tid=14988
#
# JRE version: Java(TM) SE Runtime Environment (21.0.2+13) (build 21.0.2+13-LTS-58)
# Java VM: Java HotSpot(TM) 64-Bit Server VM (21.0.2+13-LTS-58, mixed mode, emulated-client, sharing, tiered, compressed oops, compressed class ptrs, g1 gc, windows-amd64)
# No core dump will be written. Minidumps are not enabled by default on client versions of Windows
#

---------------  S U M M A R Y ------------

Command Line: -XX:TieredStopAtLevel=1 -Dspring.output.ansi.enabled=always -Dcom.sun.management.jmxremote -Dspring.jmx.enabled=true -Dspring.liveBeansView.mbeanDomain -Dspring.application.admin.enabled=true -Dmanagement.endpoints.jmx.exposure.include=* -javaagent:C:\Program Files\JetBrains\IntelliJ IDEA 2024.1.6\lib\idea_rt.jar=49733:C:\Program Files\JetBrains\IntelliJ IDEA 2024.1.6\bin -Dfile.encoding=UTF-8 -Dsun.stdout.encoding=UTF-8 -Dsun.stderr.encoding=UTF-8 com.securityModel.SpringBootSecurityJwtApplication

Host: Intel(R) Core(TM) i5-4200U CPU @ 1.60GHz, 4 cores, 3G,  Windows 10 , 64 bit Build 19041 (10.0.19041.5072)
Time: Thu Nov 28 07:47:39 2024 Paris, Madrid elapsed time: 13.091412 seconds (0d 0h 0m 13s)

---------------  T H R E A D  ---------------

Current thread (0x000002247f6e81f0):  VMThread "VM Thread"          [id=14988, stack(0x000000443c300000,0x000000443c400000) (1024K)]

Stack: [0x000000443c300000,0x000000443c400000]
Native frames: (J=compiled Java code, j=interpreted, Vv=VM code, C=native code)
V  [jvm.dll+0x6cade9]
V  [jvm.dll+0x8569c1]
V  [jvm.dll+0x858d2e]
V  [jvm.dll+0x859413]
V  [jvm.dll+0x280e56]
V  [jvm.dll+0x6c74d5]
V  [jvm.dll+0x6bbeca]
V  [jvm.dll+0x355bca]
V  [jvm.dll+0x35d816]
V  [jvm.dll+0x3ae67e]
V  [jvm.dll+0x3ae928]
V  [jvm.dll+0x3295dc]
V  [jvm.dll+0x329667]
V  [jvm.dll+0x36df1c]
V  [jvm.dll+0x36c71d]
V  [jvm.dll+0x328d51]
V  [jvm.dll+0x32c6b6]
V  [jvm.dll+0x380f06]
V  [jvm.dll+0x85ef18]
V  [jvm.dll+0x860014]
V  [jvm.dll+0x860550]
V  [jvm.dll+0x8607f3]
V  [jvm.dll+0x7ff568]
V  [jvm.dll+0x6c953d]
C  [ucrtbase.dll+0x21bb2]
C  [KERNEL32.DLL+0x17374]
C  [ntdll.dll+0x4cc91]

VM_Operation (0x000000443bcf6960): CollectForMetadataAllocation, mode: safepoint, requested by thread 0x000002247d4aba90


---------------  P R O C E S S  ---------------

Threads class SMR info:
_java_thread_list=0x00000224554e6af0, length=17, elements={
0x000002247d4aba90, 0x000002240e472960, 0x000002240e473880, 0x000002240e4765b0,
0x000002240e478180, 0x000002240e47abf0, 0x000002240e47b650, 0x000002240e47c8c0,
0x000002247f6d2590, 0x000002240e6c5320, 0x000002240ea7e620, 0x000002240ea75b80,
0x00000224541692b0, 0x0000022454ac8570, 0x0000022454c0e610, 0x0000022454b2e470,
0x00000224550bcf00
}

Java Threads: ( => current thread )
  0x000002247d4aba90 JavaThread "main"                              [_thread_blocked, id=17480, stack(0x000000443bc00000,0x000000443bd00000) (1024K)]
  0x000002240e472960 JavaThread "Reference Handler"          daemon [_thread_blocked, id=14104, stack(0x000000443c400000,0x000000443c500000) (1024K)]
  0x000002240e473880 JavaThread "Finalizer"                  daemon [_thread_blocked, id=15060, stack(0x000000443c500000,0x000000443c600000) (1024K)]
  0x000002240e4765b0 JavaThread "Signal Dispatcher"          daemon [_thread_blocked, id=17424, stack(0x000000443c600000,0x000000443c700000) (1024K)]
  0x000002240e478180 JavaThread "Attach Listener"            daemon [_thread_blocked, id=5756, stack(0x000000443c700000,0x000000443c800000) (1024K)]
  0x000002240e47abf0 JavaThread "Service Thread"             daemon [_thread_blocked, id=4284, stack(0x000000443c800000,0x000000443c900000) (1024K)]
  0x000002240e47b650 JavaThread "Monitor Deflation Thread"   daemon [_thread_blocked, id=16796, stack(0x000000443c900000,0x000000443ca00000) (1024K)]
  0x000002240e47c8c0 JavaThread "C1 CompilerThread0"         daemon [_thread_blocked, id=16660, stack(0x000000443ca00000,0x000000443cb00000) (1024K)]
  0x000002247f6d2590 JavaThread "Common-Cleaner"             daemon [_thread_blocked, id=19172, stack(0x000000443cb00000,0x000000443cc00000) (1024K)]
  0x000002240e6c5320 JavaThread "C1 CompilerThread1"         daemon [_thread_blocked, id=6344, stack(0x000000443cc00000,0x000000443cd00000) (1024K)]
  0x000002240ea7e620 JavaThread "Monitor Ctrl-Break"         daemon [_thread_in_native, id=16348, stack(0x000000443cd00000,0x000000443ce00000) (1024K)]
  0x000002240ea75b80 JavaThread "Notification Thread"        daemon [_thread_blocked, id=11564, stack(0x000000443ce00000,0x000000443cf00000) (1024K)]
  0x00000224541692b0 JavaThread "RMI TCP Accept-0"           daemon [_thread_in_native, id=12008, stack(0x000000443d200000,0x000000443d300000) (1024K)]
  0x0000022454ac8570 JavaThread "RMI TCP Connection(1)-192.168.1.8" daemon [_thread_in_native, id=5860, stack(0x000000443d400000,0x000000443d500000) (1024K)]
  0x0000022454c0e610 JavaThread "C1 CompilerThread2"         daemon [_thread_blocked, id=11908, stack(0x000000443d600000,0x000000443d700000) (1024K)]
  0x0000022454b2e470 JavaThread "RMI Scheduler(0)"           daemon [_thread_blocked, id=10604, stack(0x000000443d700000,0x000000443d800000) (1024K)]
  0x00000224550bcf00 JavaThread "mysql-cj-abandoned-connection-cleanup" daemon [_thread_blocked, id=6468, stack(0x000000443d500000,0x000000443d600000) (1024K)]
Total: 17

Other Threads:
=>0x000002247f6e81f0 VMThread "VM Thread"                           [id=14988, stack(0x000000443c300000,0x000000443c400000) (1024K)]
  0x000002240e45ca10 WatcherThread "VM Periodic Task Thread"        [id=14028, stack(0x000000443c200000,0x000000443c300000) (1024K)]
  0x000002247f660f40 WorkerThread "GC Thread#0"                     [id=6260, stack(0x000000443bd00000,0x000000443be00000) (1024K)]
  0x0000022454244270 WorkerThread "GC Thread#1"                     [id=17528, stack(0x000000443cf00000,0x000000443d000000) (1024K)]
  0x00000224542698e0 WorkerThread "GC Thread#2"                     [id=6792, stack(0x000000443d000000,0x000000443d100000) (1024K)]
  0x000002245426bc90 WorkerThread "GC Thread#3"                     [id=15448, stack(0x000000443d100000,0x000000443d200000) (1024K)]
  0x000002247f66ab80 ConcurrentGCThread "G1 Main Marker"            [id=6844, stack(0x000000443be00000,0x000000443bf00000) (1024K)]
  0x000002247f66c5a0 WorkerThread "G1 Conc#0"                       [id=17452, stack(0x000000443bf00000,0x000000443c000000) (1024K)]
  0x000002247f6bda80 ConcurrentGCThread "G1 Refine#0"               [id=12960, stack(0x000000443c000000,0x000000443c100000) (1024K)]
  0x000002247f6be500 ConcurrentGCThread "G1 Service"                [id=12348, stack(0x000000443c100000,0x000000443c200000) (1024K)]
Total: 10

Threads with active compile tasks:
Total: 0

VM state: at safepoint (normal execution)

VM Mutex/Monitor currently owned by a thread:  ([mutex/lock_event])
[0x00007ffa3267cd68] Threads_lock - owner thread: 0x000002247f6e81f0
[0x00007ffa3267ce68] Heap_lock - owner thread: 0x000002247d4aba90

Heap address: 0x00000000c1a00000, size: 998 MB, Compressed Oops mode: 32-bit

CDS archive(s) mapped at: [0x000002240f000000-0x000002240fc90000-0x000002240fc90000), size 13172736, SharedBaseAddress: 0x000002240f000000, ArchiveRelocationMode: 1.
Compressed class space mapped at: 0x0000022410000000-0x0000022450000000, reserved size: 1073741824
Narrow klass base: 0x000002240f000000, Narrow klass shift: 0, Narrow klass range: 0x100000000

GC Precious Log:
 CardTable entry size: 512
 Card Set container configuration: InlinePtr #cards 5 size 8 Array Of Cards #cards 12 size 40 Howl #buckets 4 coarsen threshold 1843 Howl Bitmap #cards 512 size 80 coarsen threshold 460 Card regions per heap region 1 cards per card region 2048
 CPUs: 4 total, 4 available
 Memory: 3984M
 Large Page Support: Disabled
 NUMA Support: Disabled
 Compressed Oops: Enabled (32-bit)
 Heap Region Size: 1M
 Heap Min Capacity: 8M
 Heap Initial Capacity: 64M
 Heap Max Capacity: 998M
 Pre-touch: Disabled
 Parallel Workers: 4
 Concurrent Workers: 1
 Concurrent Refinement Workers: 4
 Periodic GC: Disabled

Heap:
 garbage-first heap   total 48128K, used 19795K [0x00000000c1a00000, 0x0000000100000000)
  region size 1024K, 2 young (2048K), 2 survivors (2048K)
 Metaspace       used 35574K, committed 36096K, reserved 1114112K
  class space    used 5005K, committed 5248K, reserved 1048576K

Heap Regions: E=young(eden), S=young(survivor), O=old, HS=humongous(starts), HC=humongous(continues), CS=collection set, F=free, TAMS=top-at-mark-start, PB=parsable bottom
|   0|0x00000000c1a00000, 0x00000000c1b00000, 0x00000000c1b00000|100%|HS|  |TAMS 0x00000000c1b00000| PB 0x00000000c1a00000| Complete 
|   1|0x00000000c1b00000, 0x00000000c1c00000, 0x00000000c1c00000|100%| O|  |TAMS 0x00000000c1c00000| PB 0x00000000c1b00000| Untracked 
|   2|0x00000000c1c00000, 0x00000000c1d00000, 0x00000000c1d00000|100%| O|  |TAMS 0x00000000c1d00000| PB 0x00000000c1c00000| Untracked 
|   3|0x00000000c1d00000, 0x00000000c1e00000, 0x00000000c1e00000|100%| O|  |TAMS 0x00000000c1e00000| PB 0x00000000c1d00000| Untracked 
|   4|0x00000000c1e00000, 0x00000000c1f00000, 0x00000000c1f00000|100%| O|  |TAMS 0x00000000c1f00000| PB 0x00000000c1e00000| Untracked 
|   5|0x00000000c1f00000, 0x00000000c2000000, 0x00000000c2000000|100%| O|  |TAMS 0x00000000c2000000| PB 0x00000000c1f00000| Untracked 
|   6|0x00000000c2000000, 0x00000000c2100000, 0x00000000c2100000|100%| O|  |TAMS 0x00000000c2100000| PB 0x00000000c2000000| Untracked 
|   7|0x00000000c2100000, 0x00000000c2200000, 0x00000000c2200000|100%| O|  |TAMS 0x00000000c2200000| PB 0x00000000c2100000| Untracked 
|   8|0x00000000c2200000, 0x00000000c2300000, 0x00000000c2300000|100%| O|  |TAMS 0x00000000c2300000| PB 0x00000000c2200000| Untracked 
|   9|0x00000000c2300000, 0x00000000c2400000, 0x00000000c2400000|100%| O|  |TAMS 0x00000000c2400000| PB 0x00000000c2300000| Untracked 
|  10|0x00000000c2400000, 0x00000000c2500000, 0x00000000c2500000|100%| O|  |TAMS 0x00000000c2500000| PB 0x00000000c2400000| Untracked 
|  11|0x00000000c2500000, 0x00000000c2600000, 0x00000000c2600000|100%| O|  |TAMS 0x00000000c2600000| PB 0x00000000c2500000| Untracked 
|  12|0x00000000c2600000, 0x00000000c2700000, 0x00000000c2700000|100%| O|  |TAMS 0x00000000c2700000| PB 0x00000000c2600000| Untracked 
|  13|0x00000000c2700000, 0x00000000c2800000, 0x00000000c2800000|100%| O|  |TAMS 0x00000000c2800000| PB 0x00000000c2700000| Untracked 
|  14|0x00000000c2800000, 0x00000000c2900000, 0x00000000c2900000|100%| O|  |TAMS 0x00000000c2900000| PB 0x00000000c2800000| Untracked 
|  15|0x00000000c2900000, 0x00000000c2a00000, 0x00000000c2a00000|100%| O|  |TAMS 0x00000000c2a00000| PB 0x00000000c2900000| Untracked 
|  16|0x00000000c2a00000, 0x00000000c2b00000, 0x00000000c2b00000|100%| O|  |TAMS 0x00000000c2b00000| PB 0x00000000c2a00000| Untracked 
|  17|0x00000000c2b00000, 0x00000000c2c00000, 0x00000000c2c00000|100%| O|  |TAMS 0x00000000c2c00000| PB 0x00000000c2b00000| Untracked 
|  18|0x00000000c2c00000, 0x00000000c2c34cd8, 0x00000000c2d00000| 20%| O|  |TAMS 0x00000000c2c34cd8| PB 0x00000000c2c00000| Untracked 
|  19|0x00000000c2d00000, 0x00000000c2d00000, 0x00000000c2e00000|  0%| F|  |TAMS 0x00000000c2d00000| PB 0x00000000c2d00000| Untracked 
|  20|0x00000000c2e00000, 0x00000000c2e00000, 0x00000000c2f00000|  0%| F|  |TAMS 0x00000000c2e00000| PB 0x00000000c2e00000| Untracked 
|  21|0x00000000c2f00000, 0x00000000c2f00000, 0x00000000c3000000|  0%| F|  |TAMS 0x00000000c2f00000| PB 0x00000000c2f00000| Untracked 
|  22|0x00000000c3000000, 0x00000000c3000000, 0x00000000c3100000|  0%| F|  |TAMS 0x00000000c3000000| PB 0x00000000c3000000| Untracked 
|  23|0x00000000c3100000, 0x00000000c3100000, 0x00000000c3200000|  0%| F|  |TAMS 0x00000000c3100000| PB 0x00000000c3100000| Untracked 
|  24|0x00000000c3200000, 0x00000000c3200000, 0x00000000c3300000|  0%| F|  |TAMS 0x00000000c3200000| PB 0x00000000c3200000| Untracked 
|  25|0x00000000c3300000, 0x00000000c3300000, 0x00000000c3400000|  0%| F|  |TAMS 0x00000000c3300000| PB 0x00000000c3300000| Untracked 
|  26|0x00000000c3400000, 0x00000000c3400000, 0x00000000c3500000|  0%| F|  |TAMS 0x00000000c3400000| PB 0x00000000c3400000| Untracked 
|  27|0x00000000c3500000, 0x00000000c3500000, 0x00000000c3600000|  0%| F|  |TAMS 0x00000000c3500000| PB 0x00000000c3500000| Untracked 
|  28|0x00000000c3600000, 0x00000000c3600000, 0x00000000c3700000|  0%| F|  |TAMS 0x00000000c3600000| PB 0x00000000c3600000| Untracked 
|  29|0x00000000c3700000, 0x00000000c3700000, 0x00000000c3800000|  0%| F|  |TAMS 0x00000000c3700000| PB 0x00000000c3700000| Untracked 
|  30|0x00000000c3800000, 0x00000000c3800000, 0x00000000c3900000|  0%| F|  |TAMS 0x00000000c3800000| PB 0x00000000c3800000| Untracked 
|  31|0x00000000c3900000, 0x00000000c3900000, 0x00000000c3a00000|  0%| F|  |TAMS 0x00000000c3900000| PB 0x00000000c3900000| Untracked 
|  32|0x00000000c3a00000, 0x00000000c3a00000, 0x00000000c3b00000|  0%| F|  |TAMS 0x00000000c3a00000| PB 0x00000000c3a00000| Untracked 
|  33|0x00000000c3b00000, 0x00000000c3b00000, 0x00000000c3c00000|  0%| F|  |TAMS 0x00000000c3b00000| PB 0x00000000c3b00000| Untracked 
|  34|0x00000000c3c00000, 0x00000000c3c00000, 0x00000000c3d00000|  0%| F|  |TAMS 0x00000000c3c00000| PB 0x00000000c3c00000| Untracked 
|  35|0x00000000c3d00000, 0x00000000c3d00000, 0x00000000c3e00000|  0%| F|  |TAMS 0x00000000c3d00000| PB 0x00000000c3d00000| Untracked 
|  36|0x00000000c3e00000, 0x00000000c3e00000, 0x00000000c3f00000|  0%| F|  |TAMS 0x00000000c3e00000| PB 0x00000000c3e00000| Untracked 
|  37|0x00000000c3f00000, 0x00000000c3f00000, 0x00000000c4000000|  0%| F|  |TAMS 0x00000000c3f00000| PB 0x00000000c3f00000| Untracked 
|  38|0x00000000c4000000, 0x00000000c4000000, 0x00000000c4100000|  0%| F|  |TAMS 0x00000000c4000000| PB 0x00000000c4000000| Untracked 
|  39|0x00000000c4100000, 0x00000000c4100000, 0x00000000c4200000|  0%| F|  |TAMS 0x00000000c4100000| PB 0x00000000c4100000| Untracked 
|  40|0x00000000c4200000, 0x00000000c4200000, 0x00000000c4300000|  0%| F|  |TAMS 0x00000000c4200000| PB 0x00000000c4200000| Untracked 
|  41|0x00000000c4300000, 0x00000000c4300000, 0x00000000c4400000|  0%| F|  |TAMS 0x00000000c4300000| PB 0x00000000c4300000| Untracked 
|  42|0x00000000c4400000, 0x00000000c4400000, 0x00000000c4500000|  0%| F|  |TAMS 0x00000000c4400000| PB 0x00000000c4400000| Untracked 
|  43|0x00000000c4500000, 0x00000000c45200d0, 0x00000000c4600000| 12%| S|CS|TAMS 0x00000000c4500000| PB 0x00000000c4500000| Complete 
|  44|0x00000000c4600000, 0x00000000c4700000, 0x00000000c4700000|100%| S|CS|TAMS 0x00000000c4600000| PB 0x00000000c4600000| Complete 
|  45|0x00000000c4700000, 0x00000000c4700000, 0x00000000c4800000|  0%| F|  |TAMS 0x00000000c4700000| PB 0x00000000c4700000| Untracked 
|  63|0x00000000c5900000, 0x00000000c5900000, 0x00000000c5a00000|  0%| F|  |TAMS 0x00000000c5900000| PB 0x00000000c5900000| Untracked 

Card table byte_map: [0x000002247f6f0000,0x000002247f8f0000] _byte_map_base: 0x000002247f0e3000

Marking Bits: (CMBitMap*) 0x000002247f661550
 Bits: [0x000002240b3a0000, 0x000002240c338000)

Polling page: 0x000002247d5a0000

Metaspace:

Usage:
  Non-class:     29.85 MB used.
      Class:      4.89 MB used.
       Both:     34.74 MB used.

Virtual space:
  Non-class space:       64.00 MB reserved,      30.12 MB ( 47%) committed,  1 nodes.
      Class space:        1.00 GB reserved,       5.12 MB ( <1%) committed,  1 nodes.
             Both:        1.06 GB reserved,      35.25 MB (  3%) committed. 

Chunk freelists:
   Non-Class:  1.88 MB
       Class:  10.81 MB
        Both:  12.69 MB

MaxMetaspaceSize: unlimited
CompressedClassSpaceSize: 1.00 GB
Initial GC threshold: 21.00 MB
Current GC threshold: 35.25 MB
CDS: on
 - commit_granule_bytes: 65536.
 - commit_granule_words: 8192.
 - virtual_space_node_default_size: 8388608.
 - enlarge_chunks_in_place: 1.
 - use_allocation_guard: 0.


Internal statistics:

num_allocs_failed_limit: 6.
num_arena_births: 738.
num_arena_deaths: 0.
num_vsnodes_births: 2.
num_vsnodes_deaths: 0.
num_space_committed: 564.
num_space_uncommitted: 0.
num_chunks_returned_to_freelist: 6.
num_chunks_taken_from_freelist: 1980.
num_chunk_merges: 6.
num_chunk_splits: 1375.
num_chunks_enlarged: 992.
num_inconsistent_stats: 0.

CodeCache: size=49152Kb used=8967Kb max_used=8967Kb free=40185Kb
 bounds [0x00000224083a0000, 0x0000022408c70000, 0x000002240b3a0000]
 total_blobs=4732 nmethods=4176 adapters=478
 compilation: enabled
              stopped_count=0, restarted_count=0
 full_count=0

Compilation events (20 events):
Event: 12.714 Thread 0x0000022454c0e610 4168       1       java.io.ObjectStreamField::getField (5 bytes)
Event: 12.715 Thread 0x0000022454c0e610 nmethod 4168 0x0000022408c59f90 code [0x0000022408c5a120, 0x0000022408c5a1e8]
Event: 12.718 Thread 0x0000022454c0e610 4169       1       java.io.ObjectStreamClass::lookup (26 bytes)
Event: 12.719 Thread 0x0000022454c0e610 nmethod 4169 0x0000022408c5a290 code [0x0000022408c5a460, 0x0000022408c5a5e8]
Event: 12.753 Thread 0x0000022454c0e610 4170       1       java.lang.reflect.ProxyGenerator::addProxyMethod (33 bytes)
Event: 12.753 Thread 0x000002240e6c5320 4171       1       java.lang.reflect.ProxyGenerator$$Lambda/0x0000022410079428::apply (8 bytes)
Event: 12.753 Thread 0x000002240e6c5320 nmethod 4171 0x0000022408c5a690 code [0x0000022408c5a840, 0x0000022408c5a9c8]
Event: 12.753 Thread 0x0000022454c0e610 nmethod 4170 0x0000022408c5aa90 code [0x0000022408c5ac40, 0x0000022408c5ade0]
Event: 12.753 Thread 0x000002240e6c5320 4172       1       java.lang.reflect.ProxyGenerator::lambda$addProxyMethod$1 (9 bytes)
Event: 12.754 Thread 0x000002240e6c5320 nmethod 4172 0x0000022408c5af10 code [0x0000022408c5b0c0, 0x0000022408c5b1f0]
Event: 12.763 Thread 0x0000022454c0e610 4173       1       java.lang.reflect.Method::invoke (108 bytes)
Event: 12.763 Thread 0x000002240e47c8c0 4174   !   1       java.util.AbstractList$Itr::next (46 bytes)
Event: 12.763 Thread 0x000002240e47c8c0 nmethod 4174 0x0000022408c5b290 code [0x0000022408c5b480, 0x0000022408c5b7e0]
Event: 12.763 Thread 0x0000022454c0e610 nmethod 4173 0x0000022408c5ba10 code [0x0000022408c5bc00, 0x0000022408c5bee8]
Event: 12.763 Thread 0x0000022454c0e610 4175       1       java.util.AbstractList$Itr::checkForComodification (23 bytes)
Event: 12.764 Thread 0x0000022454c0e610 nmethod 4175 0x0000022408c5c090 code [0x0000022408c5c240, 0x0000022408c5c3c0]
Event: 12.852 Thread 0x0000022454c0e610 4176       1       jdk.internal.loader.BuiltinClassLoader$1::hasNext (93 bytes)
Event: 12.853 Thread 0x0000022454c0e610 nmethod 4176 0x0000022408c5c490 code [0x0000022408c5c6a0, 0x0000022408c5ca80]
Event: 12.892 Thread 0x000002240e47c8c0 4177       1       jdk.internal.loader.BuiltinClassLoader$1::hasMoreElements (5 bytes)
Event: 12.892 Thread 0x000002240e47c8c0 nmethod 4177 0x0000022408c5cc10 code [0x0000022408c5cdc0, 0x0000022408c5cea0]

GC Heap History (17 events):
Event: 3.066 GC heap before
{Heap before GC invocations=0 (full 0):
 garbage-first heap   total 65536K, used 13312K [0x00000000c1a00000, 0x0000000100000000)
  region size 1024K, 13 young (13312K), 0 survivors (0K)
 Metaspace       used 4189K, committed 4352K, reserved 1114112K
  class space    used 492K, committed 576K, reserved 1048576K
}
Event: 3.089 GC heap after
{Heap after GC invocations=1 (full 0):
 garbage-first heap   total 65536K, used 6104K [0x00000000c1a00000, 0x0000000100000000)
  region size 1024K, 2 young (2048K), 2 survivors (2048K)
 Metaspace       used 4189K, committed 4352K, reserved 1114112K
  class space    used 492K, committed 576K, reserved 1048576K
}
Event: 5.160 GC heap before
{Heap before GC invocations=1 (full 0):
 garbage-first heap   total 65536K, used 18392K [0x00000000c1a00000, 0x0000000100000000)
  region size 1024K, 14 young (14336K), 2 survivors (2048K)
 Metaspace       used 8537K, committed 8832K, reserved 1114112K
  class space    used 1062K, committed 1216K, reserved 1048576K
}
Event: 5.171 GC heap after
{Heap after GC invocations=2 (full 0):
 garbage-first heap   total 65536K, used 7352K [0x00000000c1a00000, 0x0000000100000000)
  region size 1024K, 2 young (2048K), 2 survivors (2048K)
 Metaspace       used 8537K, committed 8832K, reserved 1114112K
  class space    used 1062K, committed 1216K, reserved 1048576K
}
Event: 6.612 GC heap before
{Heap before GC invocations=2 (full 0):
 garbage-first heap   total 65536K, used 30904K [0x00000000c1a00000, 0x0000000100000000)
  region size 1024K, 26 young (26624K), 2 survivors (2048K)
 Metaspace       used 13847K, committed 14080K, reserved 1114112K
  class space    used 1915K, committed 2048K, reserved 1048576K
}
Event: 6.623 GC heap after
{Heap after GC invocations=3 (full 0):
 garbage-first heap   total 65536K, used 9604K [0x00000000c1a00000, 0x0000000100000000)
  region size 1024K, 4 young (4096K), 4 survivors (4096K)
 Metaspace       used 13847K, committed 14080K, reserved 1114112K
  class space    used 1915K, committed 2048K, reserved 1048576K
}
Event: 8.178 GC heap before
{Heap before GC invocations=3 (full 0):
 garbage-first heap   total 65536K, used 42372K [0x00000000c1a00000, 0x0000000100000000)
  region size 1024K, 38 young (38912K), 4 survivors (4096K)
 Metaspace       used 21203K, committed 21504K, reserved 1114112K
  class space    used 2840K, committed 3008K, reserved 1048576K
}
Event: 8.193 GC heap after
{Heap after GC invocations=4 (full 0):
 garbage-first heap   total 65536K, used 12503K [0x00000000c1a00000, 0x0000000100000000)
  region size 1024K, 5 young (5120K), 5 survivors (5120K)
 Metaspace       used 21203K, committed 21504K, reserved 1114112K
  class space    used 2840K, committed 3008K, reserved 1048576K
}
Event: 9.564 GC heap before
{Heap before GC invocations=5 (full 0):
 garbage-first heap   total 48128K, used 35031K [0x00000000c1a00000, 0x0000000100000000)
  region size 1024K, 28 young (28672K), 5 survivors (5120K)
 Metaspace       used 23835K, committed 24128K, reserved 1114112K
  class space    used 3245K, committed 3392K, reserved 1048576K
}
Event: 9.580 GC heap after
{Heap after GC invocations=6 (full 0):
 garbage-first heap   total 48128K, used 14602K [0x00000000c1a00000, 0x0000000100000000)
  region size 1024K, 3 young (3072K), 3 survivors (3072K)
 Metaspace       used 23835K, committed 24128K, reserved 1114112K
  class space    used 3245K, committed 3392K, reserved 1048576K
}
Event: 10.659 GC heap before
{Heap before GC invocations=6 (full 0):
 garbage-first heap   total 48128K, used 36106K [0x00000000c1a00000, 0x0000000100000000)
  region size 1024K, 24 young (24576K), 3 survivors (3072K)
 Metaspace       used 27368K, committed 27904K, reserved 1114112K
  class space    used 3813K, committed 4032K, reserved 1048576K
}
Event: 10.675 GC heap after
{Heap after GC invocations=7 (full 0):
 garbage-first heap   total 48128K, used 16317K [0x00000000c1a00000, 0x0000000100000000)
  region size 1024K, 3 young (3072K), 3 survivors (3072K)
 Metaspace       used 27368K, committed 27904K, reserved 1114112K
  class space    used 3813K, committed 4032K, reserved 1048576K
}
Event: 11.835 GC heap before
{Heap before GC invocations=7 (full 0):
 garbage-first heap   total 48128K, used 37821K [0x00000000c1a00000, 0x0000000100000000)
  region size 1024K, 24 young (24576K), 3 survivors (3072K)
 Metaspace       used 30779K, committed 31360K, reserved 1114112K
  class space    used 4276K, committed 4544K, reserved 1048576K
}
Event: 11.854 GC heap after
{Heap after GC invocations=8 (full 0):
 garbage-first heap   total 48128K, used 18778K [0x00000000c1a00000, 0x0000000100000000)
  region size 1024K, 3 young (3072K), 3 survivors (3072K)
 Metaspace       used 30779K, committed 31360K, reserved 1114112K
  class space    used 4276K, committed 4544K, reserved 1048576K
}
Event: 13.009 GC heap before
{Heap before GC invocations=8 (full 0):
 garbage-first heap   total 48128K, used 39258K [0x00000000c1a00000, 0x0000000100000000)
  region size 1024K, 23 young (23552K), 3 survivors (3072K)
 Metaspace       used 35121K, committed 35712K, reserved 1114112K
  class space    used 4942K, committed 5248K, reserved 1048576K
}
Event: 13.022 GC heap after
{Heap after GC invocations=9 (full 0):
 garbage-first heap   total 48128K, used 19891K [0x00000000c1a00000, 0x0000000100000000)
  region size 1024K, 2 young (2048K), 2 survivors (2048K)
 Metaspace       used 35121K, committed 35712K, reserved 1114112K
  class space    used 4942K, committed 5248K, reserved 1048576K
}
Event: 13.076 GC heap before
{Heap before GC invocations=9 (full 0):
 garbage-first heap   total 48128K, used 20915K [0x00000000c1a00000, 0x0000000100000000)
  region size 1024K, 4 young (4096K), 2 survivors (2048K)
 Metaspace       used 35574K, committed 36096K, reserved 1114112K
  class space    used 5005K, committed 5248K, reserved 1048576K
}

Dll operation events (13 events):
Event: 0.027 Loaded shared library C:\Program Files\Java\jdk-21\bin\java.dll
Event: 0.708 Loaded shared library C:\Program Files\Java\jdk-21\bin\zip.dll
Event: 0.719 Loaded shared library C:\Program Files\Java\jdk-21\bin\instrument.dll
Event: 0.739 Loaded shared library C:\Program Files\Java\jdk-21\bin\net.dll
Event: 0.788 Loaded shared library C:\Program Files\Java\jdk-21\bin\nio.dll
Event: 0.805 Loaded shared library C:\Program Files\Java\jdk-21\bin\zip.dll
Event: 1.565 Loaded shared library C:\Program Files\JetBrains\IntelliJ IDEA 2024.1.6\bin\breakgen64.dll
Event: 1.585 Loaded shared library C:\Program Files\Java\jdk-21\bin\jimage.dll
Event: 1.606 Loaded shared library C:\Program Files\Java\jdk-21\bin\extnet.dll
Event: 1.712 Loaded shared library C:\Program Files\Java\jdk-21\bin\management.dll
Event: 1.766 Loaded shared library C:\Program Files\Java\jdk-21\bin\management_ext.dll
Event: 6.173 Loaded shared library C:\Program Files\Java\jdk-21\bin\verify.dll
Event: 11.542 Loaded shared library C:\Program Files\Java\jdk-21\bin\sunmscapi.dll

Deoptimization events (0 events):
No events

Classes loaded (20 events):
Event: 11.596 Loading class java/util/stream/ReduceOps$2ReducingSink
Event: 11.596 Loading class java/util/stream/ReduceOps$2ReducingSink done
Event: 11.736 Loading class java/util/UUID$Holder
Event: 11.737 Loading class java/util/UUID$Holder done
Event: 11.785 Loading class java/lang/SafeVarargs
Event: 11.785 Loading class java/lang/SafeVarargs done
Event: 11.824 Loading class java/util/concurrent/Executors$AutoShutdownDelegatedExecutorService
Event: 11.824 Loading class java/util/concurrent/Executors$DelegatedExecutorService
Event: 11.825 Loading class java/util/concurrent/Executors$DelegatedExecutorService done
Event: 11.825 Loading class java/util/concurrent/Executors$AutoShutdownDelegatedExecutorService done
Event: 11.963 Loading class javax/naming/Referenceable
Event: 11.963 Loading class javax/naming/Referenceable done
Event: 12.022 Loading class java/lang/instrument/ClassFileTransformer
Event: 12.022 Loading class java/lang/instrument/ClassFileTransformer done
Event: 12.342 Loading class java/lang/Process
Event: 12.343 Loading class java/lang/Process done
Event: 12.426 Loading class java/lang/reflect/GenericSignatureFormatError
Event: 12.426 Loading class java/lang/reflect/GenericSignatureFormatError done
Event: 12.578 Loading class java/io/Console
Event: 12.579 Loading class java/io/Console done

Classes unloaded (0 events):
No events

Classes redefined (0 events):
No events

Internal exceptions (20 events):
Event: 10.259 Thread 0x000002247d4aba90 Exception <a 'java/lang/NoClassDefFoundError'{0x00000000c3bc89a0}: org/springframework/batch/core/repository/JobRepository> (0x00000000c3bc89a0) 
thrown [s\open\src\hotspot\share\classfile\systemDictionary.cpp, line 301]
Event: 10.260 Thread 0x000002247d4aba90 Exception <a 'java/lang/NoClassDefFoundError'{0x00000000c3bc9f90}: org/quartz/Scheduler> (0x00000000c3bc9f90) 
thrown [s\open\src\hotspot\share\classfile\systemDictionary.cpp, line 301]
Event: 10.260 Thread 0x000002247d4aba90 Exception <a 'java/lang/NoClassDefFoundError'{0x00000000c3bcb958}: org/springframework/session/jdbc/JdbcIndexedSessionRepository> (0x00000000c3bcb958) 
thrown [s\open\src\hotspot\share\classfile\systemDictionary.cpp, line 301]
Event: 10.330 Thread 0x000002247d4aba90 Exception <a 'java/lang/NoSuchMethodError'{0x00000000c3af1110}: 'void java.lang.invoke.DirectMethodHandle$Holder.invokeSpecial(java.lang.Object, java.lang.Object, java.lang.Object, java.lang.Object, java.lang.Object, java.lang.Object)'> (0x00000000c3af1110) 
thrown [s\open\src\hotspot\share\interpreter\linkResolver.cpp, line 773]
Event: 10.337 Thread 0x000002247d4aba90 Exception <a 'java/lang/NoSuchMethodError'{0x00000000c392f928}: 'void java.lang.invoke.DirectMethodHandle$Holder.invokeVirtual(java.lang.Object, java.lang.Object, int)'> (0x00000000c392f928) 
thrown [s\open\src\hotspot\share\interpreter\linkResolver.cpp, line 773]
Event: 10.338 Thread 0x000002247d4aba90 Exception <a 'java/lang/NoSuchMethodError'{0x00000000c39334c0}: 'int java.lang.invoke.DirectMethodHandle$Holder.invokeSpecial(java.lang.Object, java.lang.Object, java.lang.Object, int)'> (0x00000000c39334c0) 
thrown [s\open\src\hotspot\share\interpreter\linkResolver.cpp, line 773]
Event: 10.344 Thread 0x000002247d4aba90 Exception <a 'java/lang/NoSuchMethodError'{0x00000000c3945100}: 'java.lang.Object java.lang.invoke.DirectMethodHandle$Holder.invokeStatic(java.lang.Object, java.lang.Object, java.lang.Object, java.lang.Object, int)'> (0x00000000c3945100) 
thrown [s\open\src\hotspot\share\interpreter\linkResolver.cpp, line 773]
Event: 10.345 Thread 0x000002247d4aba90 Exception <a 'java/lang/NoSuchMethodError'{0x00000000c394c4b0}: 'void java.lang.invoke.DelegatingMethodHandle$Holder.reinvoke_L(java.lang.Object, java.lang.Object, int)'> (0x00000000c394c4b0) 
thrown [s\open\src\hotspot\share\interpreter\linkResolver.cpp, line 773]
Event: 10.589 Thread 0x000002247d4aba90 Exception <a 'java/lang/NoSuchMethodError'{0x00000000c34030e8}: 'java.lang.Object java.lang.invoke.DirectMethodHandle$Holder.invokeVirtual(java.lang.Object, java.lang.Object, java.lang.Object, java.lang.Object, java.lang.Object)'> (0x00000000c34030e8) 
thrown [s\open\src\hotspot\share\interpreter\linkResolver.cpp, line 773]
Event: 10.764 Thread 0x000002247d4aba90 Exception <a 'java/lang/NoSuchMethodError'{0x00000000c46084a0}: 'java.lang.reflect.Field[] java.lang.Class.getDeclaredFields(java.lang.Class)'> (0x00000000c46084a0) 
thrown [s\open\src\hotspot\share\interpreter\linkResolver.cpp, line 773]
Event: 10.836 Thread 0x000002247d4aba90 Exception <a 'java/lang/NoSuchMethodError'{0x00000000c451fc60}: 'void java.lang.invoke.DirectMethodHandle$Holder.invokeInterface(java.lang.Object, java.lang.Object, int)'> (0x00000000c451fc60) 
thrown [s\open\src\hotspot\share\interpreter\linkResolver.cpp, line 773]
Event: 10.848 Thread 0x000002247d4aba90 Exception <a 'java/lang/IncompatibleClassChangeError'{0x00000000c4561cc8}: Found class java.lang.Object, but interface was expected> (0x00000000c4561cc8) 
thrown [s\open\src\hotspot\share\interpreter\linkResolver.cpp, line 840]
Event: 10.849 Thread 0x000002247d4aba90 Exception <a 'java/lang/NoSuchMethodError'{0x00000000c45664b0}: 'void java.lang.invoke.DirectMethodHandle$Holder.invokeStatic(java.lang.Object, int, java.lang.Object)'> (0x00000000c45664b0) 
thrown [s\open\src\hotspot\share\interpreter\linkResolver.cpp, line 773]
Event: 11.325 Thread 0x000002247d4aba90 Exception <a 'java/lang/NoSuchMethodError'{0x00000000c3d2f240}: 'int java.lang.invoke.DirectMethodHandle$Holder.invokeVirtual(java.lang.Object, java.lang.Object, java.lang.Object, java.lang.Object)'> (0x00000000c3d2f240) 
thrown [s\open\src\hotspot\share\interpreter\linkResolver.cpp, line 773]
Event: 11.325 Thread 0x000002247d4aba90 Exception <a 'java/lang/NoSuchMethodError'{0x00000000c3d32ac0}: 'int java.lang.invoke.DelegatingMethodHandle$Holder.reinvoke_L(java.lang.Object, java.lang.Object, java.lang.Object, java.lang.Object)'> (0x00000000c3d32ac0) 
thrown [s\open\src\hotspot\share\interpreter\linkResolver.cpp, line 773]
Event: 11.630 Thread 0x000002247d4aba90 Exception <a 'java/io/FileNotFoundException'{0x00000000c3860c10}> (0x00000000c3860c10) 
thrown [s\open\src\hotspot\share\prims\jni.cpp, line 520]
Event: 11.724 Thread 0x000002247d4aba90 Exception <a 'java/lang/NoSuchMethodError'{0x00000000c37cf290}: 'int java.lang.invoke.DirectMethodHandle$Holder.invokeInterface(java.lang.Object, java.lang.Object, java.lang.Object, java.lang.Object)'> (0x00000000c37cf290) 
thrown [s\open\src\hotspot\share\interpreter\linkResolver.cpp, line 773]
Event: 11.754 Thread 0x000002247d4aba90 Exception <a 'java/lang/NoSuchMethodError'{0x00000000c369cbe0}: 'void java.lang.invoke.Invokers$Holder.invokeExact_MT(java.lang.Object, java.lang.Object, java.lang.Object, java.lang.Object)'> (0x00000000c369cbe0) 
thrown [s\open\src\hotspot\share\interpreter\linkResolver.cpp, line 773]
Event: 11.918 Thread 0x000002247d4aba90 Exception <a 'java/lang/NoSuchMethodError'{0x00000000c45cfaa0}: 'java.lang.Object java.lang.invoke.DirectMethodHandle$Holder.newInvokeSpecial(java.lang.Object, java.lang.Object, java.lang.Object, java.lang.Object, java.lang.Object, java.lang.Object, java.lang.Object, java.lang.Object, java.lang.Object, java.lang.Object, java.lang.Object)'> (0x00000000c45cfaa0) 
thrown [s\open\src\hotspot\share\interpreter\linkResolver.cpp, line 773]
Event: 12.072 Thread 0x000002247d4aba90 Exception <a 'java/lang/NoSuchMethodError'{0x00000000c42f1d90}: 'void java.lang.invoke.DelegatingMethodHandle$Holder.reinvoke_L(java.lang.Object, java.lang.Object, java.lang.Object, java.lang.Object, int, java.lang.Object, java.lang.Object, java.lang.Object)'> (0x00000000c42f1d90) 
thrown [s\open\src\hotspot\share\interpreter\linkResolver.cpp, line 773]

ZGC Phase Switch (0 events):
No events

VM Operations (20 events):
Event: 10.676 Executing VM operation: G1CollectForAllocation (G1 Evacuation Pause) done
Event: 11.126 Executing VM operation: HandshakeAllThreads (Deoptimize)
Event: 11.126 Executing VM operation: HandshakeAllThreads (Deoptimize) done
Event: 11.408 Executing VM operation: HandshakeAllThreads (Deoptimize)
Event: 11.408 Executing VM operation: HandshakeAllThreads (Deoptimize) done
Event: 11.412 Executing VM operation: HandshakeAllThreads (Deoptimize)
Event: 11.412 Executing VM operation: HandshakeAllThreads (Deoptimize) done
Event: 11.488 Executing VM operation: HandshakeAllThreads (Deoptimize)
Event: 11.488 Executing VM operation: HandshakeAllThreads (Deoptimize) done
Event: 11.568 Executing VM operation: HandshakeAllThreads (Deoptimize)
Event: 11.568 Executing VM operation: HandshakeAllThreads (Deoptimize) done
Event: 11.596 Executing VM operation: HandshakeAllThreads (Deoptimize)
Event: 11.596 Executing VM operation: HandshakeAllThreads (Deoptimize) done
Event: 11.835 Executing VM operation: G1CollectForAllocation (G1 Evacuation Pause)
Event: 11.854 Executing VM operation: G1CollectForAllocation (G1 Evacuation Pause) done
Event: 12.187 Executing VM operation: HandshakeAllThreads (Deoptimize)
Event: 12.187 Executing VM operation: HandshakeAllThreads (Deoptimize) done
Event: 13.009 Executing VM operation: G1CollectForAllocation (G1 Evacuation Pause)
Event: 13.022 Executing VM operation: G1CollectForAllocation (G1 Evacuation Pause) done
Event: 13.076 Executing VM operation: CollectForMetadataAllocation (Metadata GC Threshold)

Events (20 events):
Event: 8.311 Thread 0x0000022454750810 Thread exited: 0x0000022454750810
Event: 8.610 Thread 0x0000022454ca44f0 Thread added: 0x0000022454ca44f0
Event: 8.672 Thread 0x0000022454ca44f0 Thread exited: 0x0000022454ca44f0
Event: 9.125 Thread 0x0000022454fddc50 Thread added: 0x0000022454fddc50
Event: 9.135 Thread 0x0000022454fddc50 Thread exited: 0x0000022454fddc50
Event: 9.636 Thread 0x00000224550bdc20 Thread added: 0x00000224550bdc20
Event: 9.649 Thread 0x00000224550bdc20 Thread exited: 0x00000224550bdc20
Event: 10.148 Thread 0x00000224550bc870 Thread added: 0x00000224550bc870
Event: 10.155 Thread 0x00000224550bc870 Thread exited: 0x00000224550bc870
Event: 10.657 Thread 0x00000224550be940 Thread added: 0x00000224550be940
Event: 10.681 Thread 0x00000224550be940 Thread exited: 0x00000224550be940
Event: 11.182 Thread 0x00000224550befd0 Thread added: 0x00000224550befd0
Event: 11.198 Thread 0x00000224550befd0 Thread exited: 0x00000224550befd0
Event: 11.692 Thread 0x00000224550bd590 Thread added: 0x00000224550bd590
Event: 11.700 Thread 0x00000224550bd590 Thread exited: 0x00000224550bd590
Event: 11.826 Thread 0x00000224550bcf00 Thread added: 0x00000224550bcf00
Event: 12.202 Thread 0x00000224550bd590 Thread added: 0x00000224550bd590
Event: 12.212 Thread 0x00000224550bd590 Thread exited: 0x00000224550bd590
Event: 12.712 Thread 0x00000224550bc870 Thread added: 0x00000224550bc870
Event: 12.721 Thread 0x00000224550bc870 Thread exited: 0x00000224550bc870


Dynamic libraries:
0x00007ff6d8780000 - 0x00007ff6d8790000 	C:\Program Files\Java\jdk-21\bin\java.exe
0x00007ffa921f0000 - 0x00007ffa923e8000 	C:\Windows\SYSTEM32\ntdll.dll
0x00007ffa91010000 - 0x00007ffa910d2000 	C:\Windows\System32\KERNEL32.DLL
0x00007ffa8fb80000 - 0x00007ffa8fe7e000 	C:\Windows\System32\KERNELBASE.dll
0x00007ffa8f890000 - 0x00007ffa8f990000 	C:\Windows\System32\ucrtbase.dll
0x00007ffa83990000 - 0x00007ffa839a9000 	C:\Program Files\Java\jdk-21\bin\jli.dll
0x00007ffa90d70000 - 0x00007ffa90e21000 	C:\Windows\System32\ADVAPI32.dll
0x00007ffa90210000 - 0x00007ffa902ae000 	C:\Windows\System32\msvcrt.dll
0x00007ffa92030000 - 0x00007ffa920cf000 	C:\Windows\System32\sechost.dll
0x00007ffa90c40000 - 0x00007ffa90d63000 	C:\Windows\System32\RPCRT4.dll
0x00007ffa8f990000 - 0x00007ffa8f9b7000 	C:\Windows\System32\bcrypt.dll
0x00007ffa91e90000 - 0x00007ffa9202d000 	C:\Windows\System32\USER32.dll
0x00007ffa90080000 - 0x00007ffa900a2000 	C:\Windows\System32\win32u.dll
0x00007ffa91c60000 - 0x00007ffa91c8b000 	C:\Windows\System32\GDI32.dll
0x00007ffa8f9c0000 - 0x00007ffa8fad7000 	C:\Windows\System32\gdi32full.dll
0x00007ffa8fae0000 - 0x00007ffa8fb7d000 	C:\Windows\System32\msvcp_win.dll
0x00007ffa83970000 - 0x00007ffa8398b000 	C:\Program Files\Java\jdk-21\bin\VCRUNTIME140.dll
0x00007ffa80560000 - 0x00007ffa807fa000 	C:\Windows\WinSxS\amd64_microsoft.windows.common-controls_6595b64144ccf1df_6.0.19041.4355_none_60b8b9eb71f62e16\COMCTL32.dll
0x00007ffa7e1e0000 - 0x00007ffa7e1ea000 	C:\Windows\SYSTEM32\VERSION.dll
0x00007ffa920d0000 - 0x00007ffa920ff000 	C:\Windows\System32\IMM32.DLL
0x00007ffa83960000 - 0x00007ffa8396c000 	C:\Program Files\Java\jdk-21\bin\vcruntime140_1.dll
0x00007ffa739f0000 - 0x00007ffa73a7e000 	C:\Program Files\Java\jdk-21\bin\msvcp140.dll
0x00007ffa31a40000 - 0x00007ffa32757000 	C:\Program Files\Java\jdk-21\bin\server\jvm.dll
0x00007ffa90f40000 - 0x00007ffa90fab000 	C:\Windows\System32\WS2_32.dll
0x00007ffa8ee20000 - 0x00007ffa8ee6b000 	C:\Windows\SYSTEM32\POWRPROF.dll
0x00007ffa7d610000 - 0x00007ffa7d637000 	C:\Windows\SYSTEM32\WINMM.dll
0x00007ffa8ec90000 - 0x00007ffa8eca2000 	C:\Windows\SYSTEM32\UMPDC.dll
0x00007ffa8d710000 - 0x00007ffa8d722000 	C:\Windows\SYSTEM32\kernel.appcore.dll
0x00007ffa82b90000 - 0x00007ffa82b9a000 	C:\Program Files\Java\jdk-21\bin\jimage.dll
0x00007ffa75150000 - 0x00007ffa75334000 	C:\Windows\SYSTEM32\DBGHELP.DLL
0x00007ffa75110000 - 0x00007ffa75144000 	C:\Windows\SYSTEM32\dbgcore.DLL
0x00007ffa8fff0000 - 0x00007ffa90072000 	C:\Windows\System32\bcryptPrimitives.dll
0x00007ffa80300000 - 0x00007ffa8030f000 	C:\Program Files\Java\jdk-21\bin\instrument.dll
0x00007ffa80970000 - 0x00007ffa8098f000 	C:\Program Files\Java\jdk-21\bin\java.dll
0x00007ffa902b0000 - 0x00007ffa90a1d000 	C:\Windows\System32\SHELL32.dll
0x00007ffa8d910000 - 0x00007ffa8e0b4000 	C:\Windows\SYSTEM32\windows.storage.dll
0x00007ffa910e0000 - 0x00007ffa91433000 	C:\Windows\System32\combase.dll
0x00007ffa8f2c0000 - 0x00007ffa8f2ee000 	C:\Windows\SYSTEM32\Wldp.dll
0x00007ffa91b90000 - 0x00007ffa91c5d000 	C:\Windows\System32\OLEAUT32.dll
0x00007ffa92100000 - 0x00007ffa921ad000 	C:\Windows\System32\SHCORE.dll
0x00007ffa91500000 - 0x00007ffa91555000 	C:\Windows\System32\shlwapi.dll
0x00007ffa8f7c0000 - 0x00007ffa8f7e4000 	C:\Windows\SYSTEM32\profapi.dll
0x00007ffa7e950000 - 0x00007ffa7e968000 	C:\Program Files\Java\jdk-21\bin\zip.dll
0x00007ffa82b80000 - 0x00007ffa82b90000 	C:\Program Files\Java\jdk-21\bin\net.dll
0x00007ffa87570000 - 0x00007ffa8767d000 	C:\Windows\SYSTEM32\WINHTTP.dll
0x00007ffa8f020000 - 0x00007ffa8f08a000 	C:\Windows\system32\mswsock.dll
0x00007ffa800c0000 - 0x00007ffa800d6000 	C:\Program Files\Java\jdk-21\bin\nio.dll
0x00007ffa712e0000 - 0x00007ffa712fa000 	C:\Program Files\JetBrains\IntelliJ IDEA 2024.1.6\bin\breakgen64.dll
0x00007ffa800b0000 - 0x00007ffa800b9000 	C:\Program Files\Java\jdk-21\bin\extnet.dll
0x00007ffa8ed00000 - 0x00007ffa8edca000 	C:\Windows\SYSTEM32\DNSAPI.dll
0x00007ffa8ecb0000 - 0x00007ffa8eceb000 	C:\Windows\SYSTEM32\IPHLPAPI.DLL
0x00007ffa90e50000 - 0x00007ffa90e58000 	C:\Windows\System32\NSI.dll
0x00007ffa7fb50000 - 0x00007ffa7fb5a000 	C:\Windows\System32\rasadhlp.dll
0x00007ffa803e0000 - 0x00007ffa80460000 	C:\Windows\System32\fwpuclnt.dll
0x00007ffa77ea0000 - 0x00007ffa77eaa000 	C:\Program Files\Java\jdk-21\bin\management.dll
0x00007ffa739e0000 - 0x00007ffa739eb000 	C:\Program Files\Java\jdk-21\bin\management_ext.dll
0x00007ffa91440000 - 0x00007ffa91448000 	C:\Windows\System32\PSAPI.DLL
0x00007ffa8f220000 - 0x00007ffa8f238000 	C:\Windows\SYSTEM32\CRYPTSP.dll
0x00007ffa8e8d0000 - 0x00007ffa8e904000 	C:\Windows\system32\rsaenh.dll
0x00007ffa8f740000 - 0x00007ffa8f76e000 	C:\Windows\SYSTEM32\USERENV.dll
0x00007ffa8f210000 - 0x00007ffa8f21c000 	C:\Windows\SYSTEM32\CRYPTBASE.dll
0x00007ffa7e1c0000 - 0x00007ffa7e1d7000 	C:\Windows\system32\napinsp.dll
0x00007ffa71c50000 - 0x00007ffa71c6b000 	C:\Windows\system32\pnrpnsp.dll
0x00007ffa70690000 - 0x00007ffa706a5000 	C:\Windows\system32\wshbth.dll
0x00007ffa8a0c0000 - 0x00007ffa8a0dd000 	C:\Windows\system32\NLAapi.dll
0x00007ffa71c30000 - 0x00007ffa71c42000 	C:\Windows\System32\winrnr.dll
0x00007ffa77eb0000 - 0x00007ffa77ec0000 	C:\Program Files\Java\jdk-21\bin\verify.dll
0x00007ffa739a0000 - 0x00007ffa739ae000 	C:\Program Files\Java\jdk-21\bin\sunmscapi.dll
0x00007ffa900b0000 - 0x00007ffa9020c000 	C:\Windows\System32\CRYPT32.dll
0x00007ffa8f330000 - 0x00007ffa8f357000 	C:\Windows\SYSTEM32\ncrypt.dll
0x00007ffa8f2f0000 - 0x00007ffa8f32b000 	C:\Windows\SYSTEM32\NTASN1.dll

dbghelp: loaded successfully - version: 4.0.5 - missing functions: none
symbol engine: initialized successfully - sym options: 0x614 - pdb path: .;C:\Program Files\Java\jdk-21\bin;C:\Windows\SYSTEM32;C:\Windows\WinSxS\amd64_microsoft.windows.common-controls_6595b64144ccf1df_6.0.19041.4355_none_60b8b9eb71f62e16;C:\Program Files\Java\jdk-21\bin\server;C:\Program Files\JetBrains\IntelliJ IDEA 2024.1.6\bin

VM Arguments:
jvm_args: -XX:TieredStopAtLevel=1 -Dspring.output.ansi.enabled=always -Dcom.sun.management.jmxremote -Dspring.jmx.enabled=true -Dspring.liveBeansView.mbeanDomain -Dspring.application.admin.enabled=true -Dmanagement.endpoints.jmx.exposure.include=* -javaagent:C:\Program Files\JetBrains\IntelliJ IDEA 2024.1.6\lib\idea_rt.jar=49733:C:\Program Files\JetBrains\IntelliJ IDEA 2024.1.6\bin -Dfile.encoding=UTF-8 -Dsun.stdout.encoding=UTF-8 -Dsun.stderr.encoding=UTF-8 
java_command: com.securityModel.SpringBootSecurityJwtApplication
java_class_path (initial): C:\Users\maison info\Desktop\Projet Bootcamp\Backend\recrutement_en_ligne\authentificationService\target\classes;C:\Users\maison info\.m2\repository\org\springframework\boot\spring-boot-starter-data-jpa\3.0.1\spring-boot-starter-data-jpa-3.0.1.jar;C:\Users\maison info\.m2\repository\org\springframework\boot\spring-boot-starter-aop\3.0.1\spring-boot-starter-aop-3.0.1.jar;C:\Users\maison info\.m2\repository\org\aspectj\aspectjweaver\1.9.19\aspectjweaver-1.9.19.jar;C:\Users\maison info\.m2\repository\org\springframework\boot\spring-boot-starter-jdbc\3.0.1\spring-boot-starter-jdbc-3.0.1.jar;C:\Users\maison info\.m2\repository\com\zaxxer\HikariCP\5.0.1\HikariCP-5.0.1.jar;C:\Users\maison info\.m2\repository\org\springframework\spring-jdbc\6.0.3\spring-jdbc-6.0.3.jar;C:\Users\maison info\.m2\repository\org\hibernate\orm\hibernate-core\6.1.6.Final\hibernate-core-6.1.6.Final.jar;C:\Users\maison info\.m2\repository\jakarta\persistence\jakarta.persistence-api\3.1.0\jakarta.persistence-api-3.1.0.jar;C:\Users\maison info\.m2\repository\jakarta\transaction\jakarta.transaction-api\2.0.1\jakarta.transaction-api-2.0.1.jar;C:\Users\maison info\.m2\repository\org\jboss\logging\jboss-logging\3.5.0.Final\jboss-logging-3.5.0.Final.jar;C:\Users\maison info\.m2\repository\org\hibernate\common\hibernate-commons-annotations\6.0.2.Final\hibernate-commons-annotations-6.0.2.Final.jar;C:\Users\maison info\.m2\repository\org\jboss\jandex\2.4.2.Final\jandex-2.4.2.Final.jar;C:\Users\maison info\.m2\repository\com\fasterxml\classmate\1.5.1\classmate-1.5.1.jar;C:\Users\maison info\.m2\repository\net\bytebuddy\byte-buddy\1.12.20\byte-buddy-1.12.20.jar;C:\Users\maison info\.m2\repository\org\glassfish\jaxb\jaxb-runtime\4.0.1\jaxb-runtime-4.0.1.jar;C:\Users\maison info\.m2\repository\org\glassfish\jaxb\jaxb-core\4.0.1\jaxb-core-4.0.1.jar;C:\Users\maison info\.m2\repository\org\eclipse\angus\angus-activation\1.0.0\angus-activation-1.0.0.jar;C:\Users\maison info\.m2\repository\org\glassfish\jaxb\txw2\4.0.1\txw2-4.0.1.jar;C:\Users\maison info\.m2\repository\com\sun\istack\istack-commons-runtime\4.1.1\istack-commons-runtime-4.1.1.jar;C:\Users\maison info\.m2\repository\jakarta\inject\jakarta.inject-api\2.0.0\jakarta.inject-api-2.0.0.jar;C:\Users\maison info\.m2\repository\org\antlr\antlr4-runtime\4.10.1\antlr4-runtime-4.10.1.jar;C:\Users\maison info\.m2\repository\org\springframework\data\spring-data-jpa\3.0.0\spring-data-jpa-3.0.0.jar;C:\Users\maison info\.m2\repository\org\springframework\data\spring-data-commons\3.0.0\spring-data-commons-3.0.0.jar;C:\Users\maison info\.m2\repository\org\springframework\spring-orm\6.0.3\spring-orm-6.0.3.jar;C:\Users\maison info\.m2\repository\org\springframework\spring-context\6.0.3\spring-context-6.0.3.jar;C:\Users\maison info\.m2\repository\org\springframework\spring-tx\6.0.3\spring-tx-6.0.3.jar;C:\Users\maison info\.m2\repository\org\springframework\spring-beans\6.0.3\spring-beans-6.0.3.jar;C:\Users\maison info\.m2\repository\jakarta\annotation\jakarta.annotation-api\2.1.1\jakarta.annotation-api-2.1.1.jar;C:\Users\maison info\.m2\repository\org\slf4j\slf4j-api\2.0.6\slf4j-api-2.0.6.jar;C:\Users\maison info\.m2\repository\org\springframework\spring-aspects\6.0.3\spring-aspects-6.0.3.jar;C:\Users\maison info\.m2\repository\org\springframework\boot\spring-boot-starter-security\3.0.1\spring-boot-starter-security-3.0.1.jar;C:\Users\maison info\.m2\repository\org\springframework\boot\spring-boot-starter\3.0.1\spring-boot-starter-3.0.1.jar;C:\Users\maison info\.m2\repository\org\springframework\boot\spring-boot\3.0.1\spring-boot-3.0.1.jar;C:\Users\maison info\.m2\repository\org\springframework\boot\spring-boot-autoconfigure\3.0.1\spring-boot-autoconfigure-3.0.1.jar;C:\Users\maison info\.m2\repository\org\springframework\boot\spring-boot-starter-logging\3.0.1\spring-boot-starter-logging-3.0.1.jar;C:\Users\maison info\.m2\repository\ch\qos\logback\logback-classic\1.4.5\logback-classic-1.4.5.jar;C:\Users\maison info\.m2\repository\ch\qos\logback\logback-core\1.4.5\logback-core-1.4.5.jar;C:\Users\maison info\.m2\repository\org\apache\logging\log4j\log4j-to-slf4j\2.19.0\log4j-to-slf4j-2.19.0.jar;C:\Users\maison info\.m2\repository\org\apache\logging\log4j\log4j-api\2.19.0\log4j-api-2.19.0.jar;C:\Users\maison info\.m2\repository\org\slf4j\jul-to-slf4j\2.0.6\jul-to-slf4j-2.0.6.jar;C:\Users\maison info\.m2\repository\org\yaml\snakeyaml\1.33\snakeyaml-1.33.jar;C:\Users\maison info\.m2\repository\org\springframework\spring-aop\6.0.3\spring-aop-6.0.3.jar;C:\Users\maison info\.m2\repository\org\springframework\security\spring-security-config\6.0.1\spring-security-config-6.0.1.jar;C:\Users\maison info\.m2\repository\org\springframework\security\spring-security-web\6.0.1\spring-security-web-6.0.1.jar;C:\Users\maison info\.m2\repository\org\springframework\spring-expression\6.0.3\spring-expression-6.0.3.jar;C:\Users\maison info\.m2\repository\org\springframework\boot\spring-boot-starter-web\3.0.1\spring-boot-starter-web-3.0.1.jar;C:\Users\maison info\.m2\repository\org\springframework\boot\spring-boot-starter-json\3.0.1\spring-boot-starter-json-3.0.1.jar;C:\Users\maison info\.m2\repository\com\fasterxml\jackson\datatype\jackson-datatype-jdk8\2.14.1\jackson-datatype-jdk8-2.14.1.jar;C:\Users\maison info\.m2\repository\com\fasterxml\jackson\datatype\jackson-datatype-jsr310\2.14.1\jackson-datatype-jsr310-2.14.1.jar;C:\Users\maison info\.m2\repository\com\fasterxml\jackson\module\jackson-module-parameter-names\2.14.1\jackson-module-parameter-names-2.14.1.jar;C:\Users\maison info\.m2\repository\org\springframework\boot\spring-boot-starter-tomcat\3.0.1\spring-boot-starter-tomcat-3.0.1.jar;C:\Users\maison info\.m2\repository\org\apache\tomcat\embed\tomcat-embed-core\10.1.4\tomcat-embed-core-10.1.4.jar;C:\Users\maison info\.m2\repository\org\apache\tomcat\embed\tomcat-embed-websocket\10.1.4\tomcat-embed-websocket-10.1.4.jar;C:\Users\maison info\.m2\repository\org\springframework\spring-web\6.0.3\spring-web-6.0.3.jar;C:\Users\maison info\.m2\repository\io\micrometer\micrometer-observation\1.10.2\micrometer-observation-1.10.2.jar;C:\Users\maison info\.m2\repository\io\micrometer\micrometer-commons\1.10.2\micrometer-commons-1.10.2.jar;C:\Users\maison info\.m2\repository\org\springframework\spring-webmvc\6.0.3\spring-webmvc-6.0.3.jar;C:\Users\maison info\.m2\repository\org\springframework\boot\spring-boot-starter-validation\3.0.1\spring-boot-starter-validation-3.0.1.jar;C:\Users\maison info\.m2\repository\org\apache\tomcat\embed\tomcat-embed-el\10.1.4\tomcat-embed-el-10.1.4.jar;C:\Users\maison info\.m2\repository\org\hibernate\validator\hibernate-validator\8.0.0.Final\hibernate-validator-8.0.0.Final.jar;C:\Users\maison info\.m2\repository\jakarta\validation\jakarta.validation-api\3.0.2\jakarta.validation-api-3.0.2.jar;C:\Users\maison info\.m2\repository\com\mysql\mysql-connector-j\8.0.31\mysql-connector-j-8.0.31.jar;C:\Users\maison info\.m2\repository\io\jsonwebtoken\jjwt\0.9.1\jjwt-0.9.1.jar;C:\Users\maison info\.m2\repository\com\fasterxml\jackson\core\jackson-databind\2.14.1\jackson-databind-2.14.1.jar;C:\Users\maison info\.m2\repository\com\fasterxml\jackson\core\jackson-annotations\2.14.1\jackson-annotations-2.14.1.jar;C:\Users\maison info\.m2\repository\com\fasterxml\jackson\core\jackson-core\2.14.1\jackson-core-2.14.1.jar;C:\Users\maison info\.m2\repository\javax\xml\bind\jaxb-api\2.3.0\jaxb-api-2.3.0.jar;C:\Users\maison info\.m2\repository\jakarta\xml\bind\jakarta.xml.bind-api\4.0.0\jakarta.xml.bind-api-4.0.0.jar;C:\Users\maison info\.m2\repository\jakarta\activation\jakarta.activation-api\2.1.0\jakarta.activation-api-2.1.0.jar;C:\Users\maison info\.m2\repository\org\springframework\spring-core\6.0.3\spring-core-6.0.3.jar;C:\Users\maison info\.m2\repository\org\springframework\spring-jcl\6.0.3\spring-jcl-6.0.3.jar;C:\Users\maison info\.m2\repository\org\springframework\security\spring-security-core\6.0.1\spring-security-core-6.0.1.jar;C:\Users\maison info\.m2\repository\org\springframework\security\spring-security-crypto\6.0.1\spring-security-crypto-6.0.1.jar
Launcher Type: SUN_STANDARD

[Global flags]
     intx CICompilerCount                          = 3                                         {product} {ergonomic}
     uint ConcGCThreads                            = 1                                         {product} {ergonomic}
     uint G1ConcRefinementThreads                  = 4                                         {product} {ergonomic}
   size_t G1HeapRegionSize                         = 1048576                                   {product} {ergonomic}
    uintx GCDrainStackTargetSize                   = 64                                        {product} {ergonomic}
   size_t InitialHeapSize                          = 67108864                                  {product} {ergonomic}
     bool ManagementServer                         = true                                      {product} {command line}
   size_t MarkStackSize                            = 4194304                                   {product} {ergonomic}
   size_t MaxHeapSize                              = 1046478848                                {product} {ergonomic}
   size_t MaxNewSize                               = 627048448                                 {product} {ergonomic}
   size_t MinHeapDeltaBytes                        = 1048576                                   {product} {ergonomic}
   size_t MinHeapSize                              = 8388608                                   {product} {ergonomic}
    uintx NonNMethodCodeHeapSize                   = 4096                                   {pd product} {ergonomic}
    uintx NonProfiledCodeHeapSize                  = 0                                      {pd product} {ergonomic}
     bool ProfileInterpreter                       = false                                  {pd product} {command line}
    uintx ProfiledCodeHeapSize                     = 0                                      {pd product} {ergonomic}
   size_t SoftMaxHeapSize                          = 1046478848                             {manageable} {ergonomic}
     intx TieredStopAtLevel                        = 1                                         {product} {command line}
     bool UseCompressedOops                        = true                           {product lp64_product} {ergonomic}
     bool UseG1GC                                  = true                                      {product} {ergonomic}
     bool UseLargePagesIndividualAllocation        = false                                  {pd product} {ergonomic}

Logging:
Log output configuration:
 #0: stdout all=warning uptime,level,tags foldmultilines=false
 #1: stderr all=off uptime,level,tags foldmultilines=false

Environment Variables:
JAVA_HOME=C:\Program Files\Java\jdk-17.0.13+11
PATH=C:\Program Files\Common Files\Oracle\Java\javapath;C:\Program Files (x86)\Common Files\Oracle\Java\javapath;C:\Windows\system32;C:\Windows;C:\Windows\System32\Wbem;C:\Windows\System32\WindowsPowerShell\v1.0\;C:\Windows\System32\OpenSSH\;C:\Program Files (x86)\AMD\ATI.ACE\Core-Static;C:\Users\maison info\AppData\Roaming\nvm;C:\Program Files\nodejs;C:\Users\maison info\AppData\Roaming\nvm;C:\Program Files\nodejs;C:\Program Files\Git\cmd;C:\Program Files\Java\jdk-21\bin;C:\Users\maison info\AppData\Local\Microsoft\WindowsApps;C:\Users\maison info\AppData\Local\Programs\Microsoft VS Code\bin;C:\Users\maison info\AppData\Local\GitHubDesktop\bin;C:\Users\maison info\AppData\Roaming\npm;C:\Users\maison info\AppData\Roaming\nvm;C:\Program Files\nodejs
USERNAME=maison info
OS=Windows_NT
PROCESSOR_IDENTIFIER=Intel64 Family 6 Model 69 Stepping 1, GenuineIntel
TMP=C:\Users\MAISON~1\AppData\Local\Temp
TEMP=C:\Users\MAISON~1\AppData\Local\Temp




Periodic native trim disabled

---------------  S Y S T E M  ---------------

OS:
 Windows 10 , 64 bit Build 19041 (10.0.19041.5072)
OS uptime: 1 days 16:13 hours

CPU: total 4 (initial active 4) (2 cores per cpu, 2 threads per core) family 6 model 69 stepping 1 microcode 0x25, cx8, cmov, fxsr, ht, mmx, sse, sse2, sse3, ssse3, sse4.1, sse4.2, popcnt, lzcnt, tsc, tscinvbit, avx, avx2, aes, erms, clmul, bmi1, bmi2, fma, vzeroupper, clflush, rdtscp, f16c
Processor Information for all 4 processors :
  Max Mhz: 2301, Current Mhz: 1600, Mhz Limit: 1587

Memory: 4k page, system-wide physical 3984M (281M free)
TotalPageFile size 16272M (AvailPageFile size 99M)
current process WorkingSet (physical memory assigned to process): 139M, peak: 139M
current process commit charge ("private bytes"): 181M, peak: 191M

vm_info: Java HotSpot(TM) 64-Bit Server VM (21.0.2+13-LTS-58) for windows-amd64 JRE (21.0.2+13-LTS-58), built on 2024-01-05T18:32:24Z by "mach5one" with MS VC++ 17.1 (VS2022)

END.
