#
# There is insufficient memory for the Java Runtime Environment to continue.
# Native memory allocation (mmap) failed to map 65536 bytes for Failed to commit metaspace.
# Possible reasons:
#   The system is out of physical RAM or swap space
#   The process is running with CompressedOops enabled, and the Java Heap may be blocking the growth of the native heap
# Possible solutions:
#   Reduce memory load on the system
#   Increase physical memory or swap space
#   Check if swap backing store is full
#   Decrease Java heap size (-Xmx/-Xms)
#   Decrease number of Java threads
#   Decrease Java thread stack sizes (-Xss)
#   Set larger code cache with -XX:ReservedCodeCacheSize=
#   JVM is running with Unscaled Compressed Oops mode in which the Java heap is
#     placed in the first 4GB address space. The Java Heap base address is the
#     maximum limit for the native heap growth. Please use -XX:HeapBaseMinAddress
#     to set the Java Heap base and to place the Java Heap above 4GB virtual address.
# This output file may be truncated or incomplete.
#
#  Out of Memory Error (virtualSpaceNode.cpp:112), pid=8152, tid=17728
#
# JRE version: Java(TM) SE Runtime Environment (21.0.2+13) (build 21.0.2+13-LTS-58)
# Java VM: Java HotSpot(TM) 64-Bit Server VM (21.0.2+13-LTS-58, mixed mode, emulated-client, sharing, tiered, compressed oops, compressed class ptrs, g1 gc, windows-amd64)
# No core dump will be written. Minidumps are not enabled by default on client versions of Windows
#

---------------  S U M M A R Y ------------

Command Line: -XX:TieredStopAtLevel=1 -Dspring.output.ansi.enabled=always -Dcom.sun.management.jmxremote -Dspring.jmx.enabled=true -Dspring.liveBeansView.mbeanDomain -Dspring.application.admin.enabled=true -Dmanagement.endpoints.jmx.exposure.include=* -javaagent:C:\Program Files\JetBrains\IntelliJ IDEA 2024.1.6\lib\idea_rt.jar=49598:C:\Program Files\JetBrains\IntelliJ IDEA 2024.1.6\bin -Dfile.encoding=UTF-8 -Dsun.stdout.encoding=UTF-8 -Dsun.stderr.encoding=UTF-8 com.example.gatewayservice.GatewayServiceApplication

Host: Intel(R) Core(TM) i5-4200U CPU @ 1.60GHz, 4 cores, 3G,  Windows 10 , 64 bit Build 19041 (10.0.19041.5072)
Time: Thu Nov 28 07:39:42 2024 Paris, Madrid elapsed time: 10.501974 seconds (0d 0h 0m 10s)

---------------  T H R E A D  ---------------

Current thread (0x000001fe4be92b80):  JavaThread "main"             [_thread_in_vm, id=17728, stack(0x000000fcdb900000,0x000000fcdba00000) (1024K)]

Stack: [0x000000fcdb900000,0x000000fcdba00000]
Native frames: (J=compiled Java code, j=interpreted, Vv=VM code, C=native code)
V  [jvm.dll+0x6cade9]
V  [jvm.dll+0x8569c1]
V  [jvm.dll+0x858d2e]
V  [jvm.dll+0x859413]
V  [jvm.dll+0x280e56]
V  [jvm.dll+0x8526ee]
V  [jvm.dll+0x66e705]
V  [jvm.dll+0x1e68cc]
V  [jvm.dll+0x1e669e]
V  [jvm.dll+0x67104c]
V  [jvm.dll+0x670e62]
V  [jvm.dll+0x66f0de]
V  [jvm.dll+0x26c721]
V  [jvm.dll+0x218617]
V  [jvm.dll+0x20dd9e]
V  [jvm.dll+0x5ad3dc]
V  [jvm.dll+0x7cf74d]
V  [jvm.dll+0x4709da]
V  [jvm.dll+0x483de6]
C  [java.dll+0x1657]

Java frames: (J=compiled Java code, j=interpreted, Vv=VM code)
J 1645  java.lang.ClassLoader.defineClass0(Ljava/lang/ClassLoader;Ljava/lang/Class;Ljava/lang/String;[BIILjava/security/ProtectionDomain;ZILjava/lang/Object;)Ljava/lang/Class; java.base@21.0.2 (0 bytes) @ 0x000001fe560802bc [0x000001fe560801c0+0x00000000000000fc]
J 1644 c1 java.lang.System$2.defineClass(Ljava/lang/ClassLoader;Ljava/lang/Class;Ljava/lang/String;[BLjava/security/ProtectionDomain;ZILjava/lang/Object;)Ljava/lang/Class; java.base@21.0.2 (21 bytes) @ 0x000001fe5608093c [0x000001fe560808c0+0x000000000000007c]
J 1643 c1 java.lang.invoke.MethodHandles$Lookup$ClassDefiner.defineClass(ZLjava/lang/Object;)Ljava/lang/Class; java.base@21.0.2 (213 bytes) @ 0x000001fe5608118c [0x000001fe56080fa0+0x00000000000001ec]
J 2043 c1 java.lang.invoke.InnerClassLambdaMetafactory.generateInnerClass()Ljava/lang/Class; java.base@21.0.2 (506 bytes) @ 0x000001fe56118164 [0x000001fe56117540+0x0000000000000c24]
J 2383 c1 java.lang.invoke.InnerClassLambdaMetafactory.spinInnerClass()Ljava/lang/Class; java.base@21.0.2 (118 bytes) @ 0x000001fe56191efc [0x000001fe56191e40+0x00000000000000bc]
J 2382 c1 java.lang.invoke.InnerClassLambdaMetafactory.buildCallSite()Ljava/lang/invoke/CallSite; java.base@21.0.2 (150 bytes) @ 0x000001fe56190954 [0x000001fe56190900+0x0000000000000054]
J 2394 c1 java.lang.invoke.LambdaMetafactory.metafactory(Ljava/lang/invoke/MethodHandles$Lookup;Ljava/lang/String;Ljava/lang/invoke/MethodType;Ljava/lang/invoke/MethodType;Ljava/lang/invoke/MethodHandle;Ljava/lang/invoke/MethodType;)Ljava/lang/invoke/CallSite; java.base@21.0.2 (71 bytes) @ 0x000001fe5619aa8c [0x000001fe5619a920+0x000000000000016c]
J 2572 c1 java.lang.invoke.LambdaForm$DMH+0x000001fe01104400.invokeStatic(Ljava/lang/Object;Ljava/lang/Object;Ljava/lang/Object;Ljava/lang/Object;Ljava/lang/Object;Ljava/lang/Object;Ljava/lang/Object;)Ljava/lang/Object; java.base@21.0.2 (31 bytes) @ 0x000001fe561e8894 [0x000001fe561e8840+0x0000000000000054]
J 1731 c1 java.lang.invoke.BootstrapMethodInvoker.invoke(Ljava/lang/Class;Ljava/lang/invoke/MethodHandle;Ljava/lang/String;Ljava/lang/Object;Ljava/lang/Object;Ljava/lang/Class;)Ljava/lang/Object; java.base@21.0.2 (974 bytes) @ 0x000001fe560a5494 [0x000001fe560a3f20+0x0000000000001574]
J 1730 c1 java.lang.invoke.CallSite.makeSite(Ljava/lang/invoke/MethodHandle;Ljava/lang/String;Ljava/lang/invoke/MethodType;Ljava/lang/Object;Ljava/lang/Class;)Ljava/lang/invoke/CallSite; java.base@21.0.2 (91 bytes) @ 0x000001fe560a0314 [0x000001fe560a02c0+0x0000000000000054]
J 1729 c1 java.lang.invoke.MethodHandleNatives.linkCallSiteImpl(Ljava/lang/Class;Ljava/lang/invoke/MethodHandle;Ljava/lang/String;Ljava/lang/invoke/MethodType;Ljava/lang/Object;[Ljava/lang/Object;)Ljava/lang/invoke/MemberName; java.base@21.0.2 (119 bytes) @ 0x000001fe5609f944 [0x000001fe5609f900+0x0000000000000044]
J 1728 c1 java.lang.invoke.MethodHandleNatives.linkCallSite(Ljava/lang/Object;Ljava/lang/Object;Ljava/lang/Object;Ljava/lang/Object;Ljava/lang/Object;[Ljava/lang/Object;)Ljava/lang/invoke/MemberName; java.base@21.0.2 (65 bytes) @ 0x000001fe5609e10c [0x000001fe5609dfe0+0x000000000000012c]
v  ~StubRoutines::call_stub 0x000001fe55c5100d
j  org.springframework.context.annotation.ConfigurationClassParser$DeferredImportSelectorGroupingHandler.processGroupImports()V+45
j  org.springframework.context.annotation.ConfigurationClassParser$DeferredImportSelectorHandler.process()V+53
j  org.springframework.context.annotation.ConfigurationClassParser.parse(Ljava/util/Set;)V+158
j  org.springframework.context.annotation.ConfigurationClassPostProcessor.processConfigBeanDefinitions(Lorg/springframework/beans/factory/support/BeanDefinitionRegistry;)V+301
j  org.springframework.context.annotation.ConfigurationClassPostProcessor.postProcessBeanDefinitionRegistry(Lorg/springframework/beans/factory/support/BeanDefinitionRegistry;)V+81
j  org.springframework.context.support.PostProcessorRegistrationDelegate.invokeBeanDefinitionRegistryPostProcessors(Ljava/util/Collection;Lorg/springframework/beans/factory/support/BeanDefinitionRegistry;Lorg/springframework/core/metrics/ApplicationStartup;)V+59
j  org.springframework.context.support.PostProcessorRegistrationDelegate.invokeBeanFactoryPostProcessors(Lorg/springframework/beans/factory/config/ConfigurableListableBeanFactory;Ljava/util/List;)V+238
j  org.springframework.context.support.AbstractApplicationContext.invokeBeanFactoryPostProcessors(Lorg/springframework/beans/factory/config/ConfigurableListableBeanFactory;)V+5
j  org.springframework.context.support.AbstractApplicationContext.refresh()V+62
j  org.springframework.boot.web.reactive.context.ReactiveWebServerApplicationContext.refresh()V+1
j  org.springframework.boot.SpringApplication.refresh(Lorg/springframework/context/ConfigurableApplicationContext;)V+1
j  org.springframework.boot.SpringApplication.refreshContext(Lorg/springframework/context/ConfigurableApplicationContext;)V+16
j  org.springframework.boot.SpringApplication.run([Ljava/lang/String;)Lorg/springframework/context/ConfigurableApplicationContext;+110
j  org.springframework.boot.SpringApplication.run([Ljava/lang/Class;[Ljava/lang/String;)Lorg/springframework/context/ConfigurableApplicationContext;+9
j  org.springframework.boot.SpringApplication.run(Ljava/lang/Class;[Ljava/lang/String;)Lorg/springframework/context/ConfigurableApplicationContext;+9
j  com.example.gatewayservice.GatewayServiceApplication.main([Ljava/lang/String;)V+3
v  ~StubRoutines::call_stub 0x000001fe55c5100d

Compiled method (n/a)   10570 1645     n 0       java.lang.ClassLoader::defineClass0 (native)
 total in heap  [0x000001fe56080010,0x000001fe560806a0] = 1680
 relocation     [0x000001fe56080170,0x000001fe560801a8] = 56
 main code      [0x000001fe560801c0,0x000001fe5608069a] = 1242
 stub code      [0x000001fe5608069a,0x000001fe560806a0] = 6

[Constant Pool (empty)]

[MachCode]
[Entry Point]
  # {method} {0x000001fe0043c758} 'defineClass0' '(Ljava/lang/ClassLoader;Ljava/lang/Class;Ljava/lang/String;[BIILjava/security/ProtectionDomain;ZILjava/lang/Object;)Ljava/lang/Class;' in 'java/lang/ClassLoader'
  # parm0:    rdx:rdx   = 'java/lang/ClassLoader'
  # parm1:    r8:r8     = 'java/lang/Class'
  # parm2:    r9:r9     = 'java/lang/String'
  # parm3:    rdi:rdi   = '[B'
  # parm4:    rsi       = int
  # parm5:    rcx       = int
  # parm6:    [sp+0xb0]   = 'java/security/ProtectionDomain'  (sp of caller)
  # parm7:    [sp+0xb8]   = boolean
  # parm8:    [sp+0xc0]   = int
  # parm9:    [sp+0xc8]   = 'java/lang/Object'
  0x000001fe560801c0: 448b 5208 | 49bb 0000 | 0000 fe01 | 0000 4d03 | d349 3bc2 | 0f84 0600 

  0x000001fe560801d8: ;   {runtime_call ic_miss_stub}
  0x000001fe560801d8: 0000 e9a1 | e5c1 ff90 
[Verified Entry Point]
  0x000001fe560801e0: 8984 2400 | 80ff ff55 | 488b ec48 | 81ec a000 | 0000 6690 | 4181 7f20 | 0100 0000 

  0x000001fe560801fc: ;   {runtime_call StubRoutines (final stubs)}
  0x000001fe560801fc: 7405 e85d | 4bc0 ff48 | 837d 2800 | 488d 4528 | 480f 4445 | 2848 8944 | 2458 4863 | 4520 4889 
  0x000001fe5608021c: 4424 5048 | 6345 1848 | 8944 2448 | 4883 7d10 | 0048 8d45 | 1048 0f44 | 4510 4889 | 4424 4048 
  0x000001fe5608023c: 894c 2438 | 4889 7424 | 3048 897c | 2478 4883 | ff00 488d | 4424 7848 | 0f44 4424 | 7848 8944 
  0x000001fe5608025c: 2428 4c89 | 4c24 7049 | 83f9 0048 | 8d44 2470 | 480f 4444 | 2470 4889 | 4424 204c | 8944 2468 
  0x000001fe5608027c: 4983 f800 | 4c8d 4c24 | 684c 0f44 | 4c24 6848 | 8954 2460 | 4883 fa00 | 4c8d 4424 | 604c 0f44 
  0x000001fe5608029c: ;   {oop(a 'java/lang/Class'{0x00000000c1edd0d0} = 'java/lang/ClassLoader')}
  0x000001fe5608029c: 4424 6049 | bed0 d0ed | c100 0000 | 004c 89b4 | 2490 0000 | 004c 8db4 | 2490 0000 | 0049 8bd6 
  0x000001fe560802bc: ;   {internal_word}
  0x000001fe560802bc: c5f8 7749 | babc 0208 | 56fe 0100 | 004d 8997 | a003 0000 | 4989 a798 

  0x000001fe560802d4: ;   {external_word}
  0x000001fe560802d4: 0300 0049 | baf9 4566 | 32fa 7f00 | 0041 803a | 000f 844e | 0000 0052 | 4150 4151 

  0x000001fe560802f0: ;   {metadata({method} {0x000001fe0043c758} 'defineClass0' '(Ljava/lang/ClassLoader;Ljava/lang/Class;Ljava/lang/String;[BIILjava/security/ProtectionDomain;ZILjava/lang/Object;)Ljava/lang/Class;' in 'java/lang/ClassLoader')}
  0x000001fe560802f0: 48ba 50c7 | 4300 fe01 | 0000 498b | cf48 83ec | 2040 f6c4 | 0f0f 8419 | 0000 0048 

  0x000001fe5608030c: ;   {runtime_call}
  0x000001fe5608030c: 83ec 0848 | b840 0917 | 32fa 7f00 | 00ff d048 | 83c4 08e9 | 0c00 0000 

  0x000001fe56080324: ;   {runtime_call}
  0x000001fe56080324: 48b8 4009 | 1732 fa7f | 0000 ffd0 | 4883 c420 | 4159 4158 | 5a49 8d8f | b803 0000 | 41c7 874c 
  0x000001fe56080344: 0400 0004 

  0x000001fe56080348: ;   {runtime_call}
  0x000001fe56080348: 0000 0048 | b81c 1597 | 80fa 7f00 | 00ff d0c5 | f877 41c7 | 874c 0400 | 0005 0000 | 00f0 8344 
  0x000001fe56080368: 24c0 0049 | 3baf 5004 | 0000 0f87 | 0e00 0000 | 4183 bf48 | 0400 0000 | 0f84 2b00 | 0000 c5f8 
  0x000001fe56080388: 7748 8945 | f849 8bcf | 4c8b e448 | 83ec 2048 

  0x000001fe56080398: ;   {runtime_call}
  0x000001fe56080398: 83e4 f048 | b8d0 c3e2 | 31fa 7f00 | 00ff d049 | 8be4 4d33 | e448 8b45 | f841 c787 | 4c04 0000 
  0x000001fe560803b8: 0800 0000 | 4183 bfc8 | 0400 0002 | 0f84 a302 

  0x000001fe560803c8: ;   {external_word}
  0x000001fe560803c8: 0000 49ba | f945 6632 | fa7f 0000 | 4180 3a00 | 0f84 4c00 | 0000 4889 

  0x000001fe560803e0: ;   {metadata({method} {0x000001fe0043c758} 'defineClass0' '(Ljava/lang/ClassLoader;Ljava/lang/Class;Ljava/lang/String;[BIILjava/security/ProtectionDomain;ZILjava/lang/Object;)Ljava/lang/Class;' in 'java/lang/ClassLoader')}
  0x000001fe560803e0: 45f8 48ba | 50c7 4300 | fe01 0000 | 498b cf48 | 83ec 2040 | f6c4 0f0f | 8419 0000 | 0048 83ec 
  0x000001fe56080400: ;   {runtime_call}
  0x000001fe56080400: 0848 b840 | 0917 32fa | 7f00 00ff | d048 83c4 | 08e9 0c00 

  0x000001fe56080414: ;   {runtime_call}
  0x000001fe56080414: 0000 48b8 | 4009 1732 | fa7f 0000 | ffd0 4883 | c420 488b | 45f8 49c7 | 8798 0300 | 0000 0000 
  0x000001fe56080434: 0049 c787 | a003 0000 | 0000 0000 | c5f8 7748 | 85c0 0f84 | fe01 0000 | a803 0f85 | 0800 0000 
  0x000001fe56080454: 488b 00e9 | ee01 0000 | a801 0f85 | 0900 0000 | 488b 40fe | e9dd 0100 | 0048 8b40 | ff41 807f 
  0x000001fe56080474: 4000 0f84 | ce01 0000 | 4883 f800 | 0f84 c401 | 0000 498b | 4f28 4883 | f900 0f84 | 1400 0000 
  0x000001fe56080494: 4883 e908 | 4989 4f28 | 4903 4f38 | 4889 01e9 | a201 0000 | 4881 ecd0 | 0000 0048 | 8904 2448 
  0x000001fe560804b4: 894c 2408 | 4889 5424 | 1048 8974 | 2418 4889 | 7c24 204c | 8944 2428 | 4c89 4c24 | 304c 8954 
  0x000001fe560804d4: 2438 4c89 | 5c24 40c5 | fb11 4424 | 50c5 fb11 | 4c24 58c5 | fb11 5424 | 60c5 fb11 | 5c24 68c5 
  0x000001fe560804f4: fb11 6424 | 70c5 fb11 | 6c24 78c5 | fb11 b424 | 8000 0000 | c5fb 11bc | 2488 0000 | 00c5 7b11 
  0x000001fe56080514: ;   {no_reloc}
  0x000001fe56080514: 8424 9000 | 0000 c57b | 118c 2498 | 0000 00c5 | 7b11 9424 | a000 0000 | c57b 119c | 24a8 0000 
  0x000001fe56080534: 00c5 7b11 | a424 b000 | 0000 c57b | 11ac 24b8 | 0000 00c5 | 7b11 b424 | c000 0000 | c57b 11bc 
  0x000001fe56080554: 24c8 0000 | 0049 8bd7 | 488b c848 | 83ec 2040 | f6c4 0f0f | 8419 0000 | 0048 83ec 

  0x000001fe56080570: ;   {runtime_call}
  0x000001fe56080570: 0848 b890 | 26d6 31fa | 7f00 00ff | d048 83c4 | 08e9 0c00 

  0x000001fe56080584: ;   {runtime_call}
  0x000001fe56080584: 0000 48b8 | 9026 d631 | fa7f 0000 | ffd0 4883 | c420 c57b | 10bc 24c8 | 0000 00c5 | 7b10 b424 
  0x000001fe560805a4: c000 0000 | c57b 10ac | 24b8 0000 | 00c5 7b10 | a424 b000 | 0000 c57b | 109c 24a8 | 0000 00c5 
  0x000001fe560805c4: 7b10 9424 | a000 0000 | c57b 108c | 2498 0000 | 00c5 7b10 | 8424 9000 | 0000 c5fb | 10bc 2488 
  0x000001fe560805e4: 0000 00c5 | fb10 b424 | 8000 0000 | c5fb 106c | 2478 c5fb | 1064 2470 | c5fb 105c | 2468 c5fb 
  0x000001fe56080604: 1054 2460 | c5fb 104c | 2458 c5fb | 1044 2450 | 4c8b 5c24 | 404c 8b54 | 2438 4c8b | 4c24 304c 
  0x000001fe56080624: 8b44 2428 | 488b 7c24 | 2048 8b74 | 2418 488b | 5424 1048 | 8b4c 2408 | 488b 0424 | 4881 c4d0 
  0x000001fe56080644: 0000 00c5 | f877 498b | 8f28 0400 | 00c7 8100 | 0100 0000 | 0000 00c9 | 4983 7f08 | 000f 8501 
  0x000001fe56080664: 0000 00c3 

  0x000001fe56080668: ;   {runtime_call StubRoutines (initial stubs)}
  0x000001fe56080668: e993 08bd | ffc5 f877 | 4889 45f8 | 4c8b e448 | 83ec 2048 

  0x000001fe5608067c: ;   {runtime_call}
  0x000001fe5608067c: 83e4 f048 | b870 4117 | 32fa 7f00 | 00ff d049 | 8be4 4d33 | e448 8b45 | f8e9 30fd | ffff f4f4 
  0x000001fe5608069c: f4f4 f4f4 
[/MachCode]


Compiled method (c1)   10599 1644       1       java.lang.System$2::defineClass (21 bytes)
 total in heap  [0x000001fe56080710,0x000001fe56080a60] = 848
 relocation     [0x000001fe56080870,0x000001fe560808a8] = 56
 main code      [0x000001fe560808c0,0x000001fe560809a0] = 224
 stub code      [0x000001fe560809a0,0x000001fe560809e0] = 64
 metadata       [0x000001fe560809e0,0x000001fe560809e8] = 8
 scopes data    [0x000001fe560809e8,0x000001fe56080a08] = 32
 scopes pcs     [0x000001fe56080a08,0x000001fe56080a48] = 64
 dependencies   [0x000001fe56080a48,0x000001fe56080a50] = 8
 nul chk table  [0x000001fe56080a50,0x000001fe56080a60] = 16

[Constant Pool (empty)]

[MachCode]
[Entry Point]
  # {method} {0x000001fe00019490} 'defineClass' '(Ljava/lang/ClassLoader;Ljava/lang/Class;Ljava/lang/String;[BLjava/security/ProtectionDomain;ZILjava/lang/Object;)Ljava/lang/Class;' in 'java/lang/System$2'
  # this:     rdx:rdx   = 'java/lang/System$2'
  # parm0:    r8:r8     = 'java/lang/ClassLoader'
  # parm1:    r9:r9     = 'java/lang/Class'
  # parm2:    rdi:rdi   = 'java/lang/String'
  # parm3:    rsi:rsi   = '[B'
  # parm4:    rcx:rcx   = 'java/security/ProtectionDomain'
  # parm5:    [sp+0x70]   = boolean  (sp of caller)
  # parm6:    [sp+0x78]   = int
  # parm7:    [sp+0x80]   = 'java/lang/Object'
  0x000001fe560808c0: 448b 5208 | 49bb 0000 | 0000 fe01 | 0000 4d03 | d34c 3bd0 

  0x000001fe560808d4: ;   {runtime_call ic_miss_stub}
  0x000001fe560808d4: 0f85 a6de | c1ff 660f | 1f44 0000 
[Verified Entry Point]
  0x000001fe560808e0: 8984 2400 | 80ff ff55 | 4883 ec60 | 4181 7f20 | 0100 0000 

  0x000001fe560808f4: ;   {runtime_call StubRoutines (final stubs)}
  0x000001fe560808f4: 7405 e865 | 44c0 ff48 | 8bd9 4c8b | ac24 8000 | 0000 448b | 5c24 788b | 4424 708b | 4e0c 498b 
  0x000001fe56080914: d04d 8bc1 | 4c8b cf48 | 8bfe be00 | 0000 0048 | 891c 2489 | 4424 0844 | 895c 2410 | 4c89 6c24 
  0x000001fe56080934: ;   {static_call}
  0x000001fe56080934: 1866 90e8 

  0x000001fe56080938: ; ImmutableOopMap {}
                      ;*invokestatic defineClass0 {reexecute=0 rethrow=0 return_oop=0}
                      ; - java.lang.System$2::defineClass@17 (line 2394)
  0x000001fe56080938: a4f8 ffff 

  0x000001fe5608093c: ;   {other}
  0x000001fe5608093c: 0f1f 8400 | 2c02 0000 | 4883 c460 

  0x000001fe56080948: ;   {poll_return}
  0x000001fe56080948: 5d49 3ba7 | 5004 0000 | 0f87 0600 

  0x000001fe56080954: ;   {runtime_call throw_null_pointer_exception Runtime1 stub}
  0x000001fe56080954: 0000 c3e8 

  0x000001fe56080958: ; ImmutableOopMap {r8=Oop r9=Oop rdi=Oop rsi=Oop rbx=Oop r13=Oop [128]=Oop }
                      ;*arraylength {reexecute=0 rethrow=0 return_oop=0}
                      ; - java.lang.System$2::defineClass@8 (line 2394)
  0x000001fe56080958: a44d cdff 

  0x000001fe5608095c: ;   {internal_word}
  0x000001fe5608095c: 49ba 4909 | 0856 fe01 | 0000 4d89 | 9768 0400 

  0x000001fe5608096c: ;   {runtime_call SafepointBlob}
  0x000001fe5608096c: 00e9 8e4d | c2ff 498b | 8700 0500 | 0049 c787 | 0005 0000 | 0000 0000 | 49c7 8708 | 0500 0000 
  0x000001fe5608098c: 0000 0048 | 83c4 605d 

  0x000001fe56080994: ;   {runtime_call unwind_exception Runtime1 stub}
  0x000001fe56080994: e967 3ecd | fff4 f4f4 | f4f4 f4f4 
[Stub Code]
  0x000001fe560809a0: ;   {no_reloc}
  0x000001fe560809a0: 48bb 0000 | 0000 0000 

  0x000001fe560809a8: ;   {runtime_call}
  0x000001fe560809a8: 0000 e9fb 

  0x000001fe560809ac: ;   {runtime_call handle_exception_from_callee Runtime1 stub}
  0x000001fe560809ac: ffff ffe8 | 4c6b cdff 

  0x000001fe560809b4: ;   {external_word}
  0x000001fe560809b4: 48b9 0048 | 3e32 fa7f | 0000 4883 

  0x000001fe560809c0: ;   {runtime_call}
  0x000001fe560809c0: e4f0 48b8 | 4024 0632 | fa7f 0000 

  0x000001fe560809cc: ;   {section_word}
  0x000001fe560809cc: ffd0 f449 | bacf 0908 | 56fe 0100 

  0x000001fe560809d8: ;   {runtime_call DeoptimizationBlob}
  0x000001fe560809d8: 0041 52e9 | c03f c2ff 
[/MachCode]


Compiled method (c1)   10609 1643   !   1       java.lang.invoke.MethodHandles$Lookup$ClassDefiner::defineClass (213 bytes)
 total in heap  [0x000001fe56080d90,0x000001fe560816c0] = 2352
 relocation     [0x000001fe56080ef0,0x000001fe56080f88] = 152
 main code      [0x000001fe56080fa0,0x000001fe56081368] = 968
 stub code      [0x000001fe56081368,0x000001fe560813e0] = 120
 metadata       [0x000001fe560813e0,0x000001fe56081428] = 72
 scopes data    [0x000001fe56081428,0x000001fe56081528] = 256
 scopes pcs     [0x000001fe56081528,0x000001fe56081628] = 256
 dependencies   [0x000001fe56081628,0x000001fe56081638] = 16
 handler table  [0x000001fe56081638,0x000001fe56081680] = 72
 nul chk table  [0x000001fe56081680,0x000001fe560816c0] = 64

[Constant Pool (empty)]

[MachCode]
[Entry Point]
  # {method} {0x000001fe001ef338} 'defineClass' '(ZLjava/lang/Object;)Ljava/lang/Class;' in 'java/lang/invoke/MethodHandles$Lookup$ClassDefiner'
  # this:     rdx:rdx   = 'java/lang/invoke/MethodHandles$Lookup$ClassDefiner'
  # parm0:    r8        = boolean
  # parm1:    r9:r9     = 'java/lang/Object'
  #           [sp+0xf0]  (sp of caller)
  0x000001fe56080fa0: 448b 5208 | 49bb 0000 | 0000 fe01 | 0000 4d03 | d34c 3bd0 

  0x000001fe56080fb4: ;   {runtime_call ic_miss_stub}
  0x000001fe56080fb4: 0f85 c6d7 | c1ff 660f | 1f44 0000 
[Verified Entry Point]
  0x000001fe56080fc0: 8984 2400 | 80ff ff55 | 4881 ece0 | 0000 0090 | 4181 7f20 | 0100 0000 

  0x000001fe56080fd8: ;   {runtime_call StubRoutines (final stubs)}
  0x000001fe56080fd8: 7405 e881 | 3dc0 ff48 | 8994 2498 | 0000 0044 | 8984 24b0 | 0000 004c | 898c 24b8 | 0000 008b 
  0x000001fe56080ff8: 7210 4889 | b424 9000 | 0000 8b7e | 1048 89bc | 24a8 0000 | 008b 5f34 | 4885 db0f | 850a 0000 
  0x000001fe56081018: ;   {oop(nullptr)}
  0x000001fe56081018: 0048 bb00 | 0000 0000 | 0000 0048 | 85db 0f84 | ac00 0000 | 8b46 1848 | 85c0 4889 | 9c24 a000 
  0x000001fe56081038: 0000 0f85 | aa00 0000 

  0x000001fe56081040: ;   {oop(a 'java/lang/Class'{0x00000000c1f71670} = 'jdk/internal/access/SharedSecrets')}
  0x000001fe56081040: 48b8 7016 | f7c1 0000 | 0000 8b40 | 7c8b 4e10 | 4885 c00f | 842a 0000 

  0x000001fe56081058: ;   {metadata('java/lang/System$2')}
  0x000001fe56081058: 0048 be88 | 8101 00fe | 0100 0044 | 8b70 0849 | ba00 0000 | 00fe 0100 | 004d 03f2 | 493b 7638 
  0x000001fe56081078: 0f85 3d02 | 0000 e900 | 0000 004c | 8bd8 483b | 0048 3b01 

  0x000001fe5608108c: ;   {optimized virtual_call}
  0x000001fe5608108c: 488b d1e8 

  0x000001fe56081090: ; ImmutableOopMap {[144]=Oop [152]=Oop [160]=Oop [168]=Oop [184]=Oop }
                      ;*invokevirtual protectionDomain {reexecute=0 rethrow=0 return_oop=0}
                      ; - java.lang.System$2::protectionDomain@1 (line 2518)
                      ; - java.lang.invoke.MethodHandles$Lookup::lookupClassProtectionDomain@17 (line 2544)
                      ; - java.lang.invoke.MethodHandles$Lookup$ClassDefiner::defineClass@23 (line 2501)
  0x000001fe56081090: acf9 1200 

  0x000001fe56081094: ;   {other}
  0x000001fe56081094: 0f1f 8400 | 0403 0000 | 450f be47 | 4045 85c0 | 488b b424 | 9000 0000 | 0f85 1802 | 0000 4c8b 
  0x000001fe560810b4: d044 8956 | 18f0 8344 | 24c0 004c | 8bc6 4c33 | c049 c1e8 | 1449 83f8 | 000f 8513 | 0200 00e9 
  0x000001fe560810d4: 1200 0000 | 4889 9c24 | a000 0000 

  0x000001fe560810e0: ;   {oop(nullptr)}
  0x000001fe560810e0: 48b8 0000 | 0000 0000 | 0000 488b | 9c24 a000 | 0000 488b | bc24 a800 | 0000 488b | 9424 9800 
  0x000001fe56081100: ;   {oop(a 'java/lang/Class'{0x00000000c1f71670} = 'jdk/internal/access/SharedSecrets')}
  0x000001fe56081100: 0000 49b8 | 7016 f7c1 | 0000 0000 | 458b 707c | 8b72 148b | 4a18 448b | 4a0c 4d85 | f60f 842a 
  0x000001fe56081120: ;   {metadata('java/lang/System$2')}
  0x000001fe56081120: 0000 0049 | bb88 8101 | 00fe 0100 | 0045 8b6e | 0849 ba00 | 0000 00fe | 0100 004d | 03ea 4d3b 
  0x000001fe56081140: 5d38 0f85 | b601 0000 | e900 0000 | 004d 8bc6 

  0x000001fe56081150: ; implicit exception: dispatches to 0x000001fe56081303
  0x000001fe56081150: 493b 064c | 8bc3 498b | d14c 8bcf | 488b fe48 | 8bf1 488b | c88b 8424 | b000 0000 | 8904 2489 
  0x000001fe56081170: 5424 0848 | 8b94 24b8 | 0000 0048 | 8954 2410 | 498b d60f 

  0x000001fe56081184: ;   {optimized virtual_call}
  0x000001fe56081184: 1f40 00e8 

  0x000001fe56081188: ; ImmutableOopMap {[152]=Oop [168]=Oop }
                      ;*invokeinterface defineClass {reexecute=0 rethrow=0 return_oop=0}
                      ; - java.lang.invoke.MethodHandles$Lookup$ClassDefiner::defineClass@57 (line 2505)
  0x000001fe56081188: 54f7 ffff 

  0x000001fe5608118c: ;   {other}
  0x000001fe5608118c: 0f1f 8400 | fc03 0001 | 488b 9424 | 9800 0000 | 8b72 1c44 | 0fbe 460c | 4183 e001 | 4585 c00f 
  0x000001fe560811ac: 84bb 0000 | 008b 7a14 | 4885 c00f | 8485 0000 | 00e9 3d00 | 0000 488b | 9424 9800 | 0000 498b 
  0x000001fe560811cc: 8700 0500 | 004d 33d2 | 4d89 9700 | 0500 004d | 33d2 4d89 | 9708 0500 | 008b 721c 

  0x000001fe560811e8: ; implicit exception: dispatches to 0x000001fe5608130d
  0x000001fe560811e8: 440f be46 | 0c41 83e0 | 0145 85c0 | 0f84 b200 | 0000 e983 | 0000 008b | 5218 4c8b | c74c 8bc8 
  0x000001fe56081208: 488b fa48 | 8bd6 4889 | 8424 c000 

  0x000001fe56081214: ;   {optimized virtual_call}
  0x000001fe56081214: 0000 90e8 

  0x000001fe56081218: ; ImmutableOopMap {[192]=Oop }
                      ;*invokevirtual dumpClass {reexecute=0 rethrow=0 return_oop=0}
                      ; - java.lang.invoke.MethodHandles$Lookup$ClassDefiner::defineClass@134 (line 2513)
  0x000001fe56081218: 64d8 c1ff 

  0x000001fe5608121c: ;   {other}
  0x000001fe5608121c: 0f1f 8400 | 8c04 0002 | 488b 8424 | c000 0000 | 4881 c4e0 | 0000 005d 

  0x000001fe56081234: ;   {poll_return}
  0x000001fe56081234: 493b a750 | 0400 000f | 87d1 0000 | 00c3 4889 | 8424 c000 | 0000 448b | 4a18 4c8b | c748 8bd6 
  0x000001fe56081254: ;   {optimized virtual_call}
  0x000001fe56081254: 6666 90e8 

  0x000001fe56081258: ; ImmutableOopMap {[192]=Oop }
                      ;*invokevirtual dumpFailedClass {reexecute=0 rethrow=0 return_oop=0}
                      ; - java.lang.invoke.MethodHandles$Lookup$ClassDefiner::defineClass@150 (line 2515)
  0x000001fe56081258: 24d8 c1ff 

  0x000001fe5608125c: ;   {other}
  0x000001fe5608125c: 0f1f 8400 | cc04 0003 | 488b 8424 | c000 0000 | 4881 c4e0 | 0000 005d 

  0x000001fe56081274: ;   {poll_return}
  0x000001fe56081274: 493b a750 | 0400 000f | 87a7 0000 | 00c3 4889 | 8424 c800 | 0000 448b | 4214 448b | 4a18 488b 
  0x000001fe56081294: ;   {optimized virtual_call}
  0x000001fe56081294: d666 90e8 

  0x000001fe56081298: ; ImmutableOopMap {[200]=Oop }
                      ;*invokevirtual dumpFailedClass {reexecute=0 rethrow=0 return_oop=0}
                      ; - java.lang.invoke.MethodHandles$Lookup$ClassDefiner::defineClass@207 (line 2515)
  0x000001fe56081298: e4d7 c1ff 

  0x000001fe5608129c: ;   {other}
  0x000001fe5608129c: 0f1f 8400 | 0c05 0004 | 488b 8424 | c800 0000 | e9aa 0000 

  0x000001fe560812b0: ;   {runtime_call throw_null_pointer_exception Runtime1 stub}
  0x000001fe560812b0: 00e8 4a44 

  0x000001fe560812b4: ; ImmutableOopMap {rdx=Oop r9=Oop rsi=Oop [144]=Oop [152]=Oop [184]=Oop }
                      ;*invokevirtual lookupClass {reexecute=0 rethrow=0 return_oop=0}
                      ; - java.lang.invoke.MethodHandles$Lookup$ClassDefiner::defineClass@4 (line 2499)
                      ;   {runtime_call throw_null_pointer_exception Runtime1 stub}
  0x000001fe560812b4: cdff e845 

  0x000001fe560812b8: ; ImmutableOopMap {rdx=Oop r9=Oop rsi=Oop rdi=Oop [144]=Oop [152]=Oop [168]=Oop [184]=Oop }
                      ;*invokevirtual getClassLoader {reexecute=0 rethrow=0 return_oop=0}
                      ; - java.lang.invoke.MethodHandles$Lookup$ClassDefiner::defineClass@9 (line 2500)
                      ;   {runtime_call throw_incompatible_class_change_error Runtime1 stub}
  0x000001fe560812b8: 44cd ffe8 

  0x000001fe560812bc: ; ImmutableOopMap {rax=Oop rcx=Oop [144]=Oop [152]=Oop [160]=Oop [168]=Oop [184]=Oop }
                      ;*invokeinterface protectionDomain {reexecute=0 rethrow=0 return_oop=0}
                      ; - java.lang.invoke.MethodHandles$Lookup::lookupClassProtectionDomain@17 (line 2544)
                      ; - java.lang.invoke.MethodHandles$Lookup$ClassDefiner::defineClass@23 (line 2501)
  0x000001fe560812bc: 406b cdff 

  0x000001fe560812c0: ;   {runtime_call throw_null_pointer_exception Runtime1 stub}
  0x000001fe560812c0: e83b 44cd 

  0x000001fe560812c4: ; ImmutableOopMap {rcx=Oop [144]=Oop [152]=Oop [160]=Oop [168]=Oop [184]=Oop }
                      ;*invokeinterface protectionDomain {reexecute=0 rethrow=0 return_oop=0}
                      ; - java.lang.invoke.MethodHandles$Lookup::lookupClassProtectionDomain@17 (line 2544)
                      ; - java.lang.invoke.MethodHandles$Lookup$ClassDefiner::defineClass@23 (line 2501)
                      ;   {runtime_call throw_null_pointer_exception Runtime1 stub}
  0x000001fe560812c4: ffe8 3644 

  0x000001fe560812c8: ; ImmutableOopMap {rcx=Oop [144]=Oop [152]=Oop [160]=Oop [168]=Oop [184]=Oop }
                      ;*invokevirtual protectionDomain {reexecute=0 rethrow=0 return_oop=0}
                      ; - java.lang.System$2::protectionDomain@1 (line 2518)
                      ; - java.lang.invoke.MethodHandles$Lookup::lookupClassProtectionDomain@17 (line 2544)
                      ; - java.lang.invoke.MethodHandles$Lookup$ClassDefiner::defineClass@23 (line 2501)
  0x000001fe560812c8: cdff 448b | 4618 4983 | f800 0f84 | dafd ffff | 4c89 0424 

  0x000001fe560812dc: ;   {runtime_call g1_pre_barrier_slow}
  0x000001fe560812dc: e81f 9bcd | ffe9 ccfd | ffff 4883 | f800 0f84 | e3fd ffff | 4889 3424 

  0x000001fe560812f4: ;   {runtime_call g1_post_barrier_slow}
  0x000001fe560812f4: e807 9ecd | ffe9 d5fd 

  0x000001fe560812fc: ;   {runtime_call throw_incompatible_class_change_error Runtime1 stub}
  0x000001fe560812fc: ffff e8fd 

  0x000001fe56081300: ; ImmutableOopMap {rax=Oop rdi=Oop rbx=Oop r14=Oop rsi=Oop rcx=Oop [152]=Oop [168]=Oop [184]=Oop }
                      ;*invokeinterface defineClass {reexecute=0 rethrow=0 return_oop=0}
                      ; - java.lang.invoke.MethodHandles$Lookup$ClassDefiner::defineClass@57 (line 2505)
                      ;   {runtime_call throw_null_pointer_exception Runtime1 stub}
  0x000001fe56081300: 6acd ffe8 

  0x000001fe56081304: ; ImmutableOopMap {rax=Oop rdi=Oop rbx=Oop r14=Oop rsi=Oop rcx=Oop [152]=Oop [168]=Oop [184]=Oop }
                      ;*invokeinterface defineClass {reexecute=0 rethrow=0 return_oop=0}
                      ; - java.lang.invoke.MethodHandles$Lookup$ClassDefiner::defineClass@57 (line 2505)
  0x000001fe56081304: f843 cdff 

  0x000001fe56081308: ;   {runtime_call throw_null_pointer_exception Runtime1 stub}
  0x000001fe56081308: e8f3 43cd 

  0x000001fe5608130c: ; ImmutableOopMap {rax=Oop rdx=Oop rsi=Oop [152]=Oop }
                      ;*invokevirtual isEnabled {reexecute=0 rethrow=0 return_oop=0}
                      ; - java.lang.invoke.MethodHandles$Lookup$ClassDefiner::defineClass@105 (line 2510)
                      ;   {runtime_call throw_null_pointer_exception Runtime1 stub}
  0x000001fe5608130c: ffe8 ee43 

  0x000001fe56081310: ; ImmutableOopMap {rdx=Oop rax=Oop rsi=Oop [152]=Oop }
                      ;*invokevirtual isEnabled {reexecute=0 rethrow=0 return_oop=0}
                      ; - java.lang.invoke.MethodHandles$Lookup$ClassDefiner::defineClass@162 (line 2510)
                      ;   {internal_word}
  0x000001fe56081310: cdff 49ba | 3412 0856 | fe01 0000 | 4d89 9768 

  0x000001fe56081320: ;   {runtime_call SafepointBlob}
  0x000001fe56081320: 0400 00e9 | d843 c2ff 

  0x000001fe56081328: ;   {internal_word}
  0x000001fe56081328: 49ba 7412 | 0856 fe01 | 0000 4d89 | 9768 0400 

  0x000001fe56081338: ;   {runtime_call SafepointBlob}
  0x000001fe56081338: 00e9 c243 | c2ff 498b | 8700 0500 | 0049 c787 | 0005 0000 | 0000 0000 | 49c7 8708 | 0500 0000 
  0x000001fe56081358: 0000 0048 | 81c4 e000 

  0x000001fe56081360: ;   {runtime_call unwind_exception Runtime1 stub}
  0x000001fe56081360: 0000 5de9 | 9834 cdff 
[Stub Code]
  0x000001fe56081368: ;   {no_reloc}
  0x000001fe56081368: 0f1f 4400 

  0x000001fe5608136c: ;   {static_stub}
  0x000001fe5608136c: 0048 bb00 | 0000 0000 

  0x000001fe56081374: ;   {runtime_call}
  0x000001fe56081374: 0000 00e9 | fbff ffff 

  0x000001fe5608137c: ;   {static_stub}
  0x000001fe5608137c: 48bb 68f9 | 4600 fe01 

  0x000001fe56081384: ;   {runtime_call I2C/C2I adapters}
  0x000001fe56081384: 0000 e9d8 

  0x000001fe56081388: ;   {static_stub}
  0x000001fe56081388: 20c2 ff48 | bb00 0000 | 0000 0000 

  0x000001fe56081394: ;   {runtime_call}
  0x000001fe56081394: 00e9 fbff 

  0x000001fe56081398: ;   {static_stub}
  0x000001fe56081398: ffff 48bb | 0000 0000 | 0000 0000 

  0x000001fe560813a4: ;   {runtime_call}
  0x000001fe560813a4: e9fb ffff 

  0x000001fe560813a8: ;   {runtime_call handle_exception_from_callee Runtime1 stub}
  0x000001fe560813a8: ffe8 5261 

  0x000001fe560813ac: ;   {external_word}
  0x000001fe560813ac: cdff 48b9 | 0048 3e32 | fa7f 0000 | 4883 e4f0 

  0x000001fe560813bc: ;   {runtime_call}
  0x000001fe560813bc: 48b8 4024 | 0632 fa7f | 0000 ffd0 

  0x000001fe560813c8: ;   {section_word}
  0x000001fe560813c8: f449 bac9 | 1308 56fe | 0100 0041 

  0x000001fe560813d4: ;   {runtime_call DeoptimizationBlob}
  0x000001fe560813d4: 52e9 c635 | c2ff f4f4 | f4f4 f4f4 
[/MachCode]


---------------  P R O C E S S  ---------------

Threads class SMR info:
_java_thread_list=0x000001fe6215b460, length=13, elements={
0x000001fe4be92b80, 0x000001fe5ca39630, 0x000001fe5ca3c610, 0x000001fe5ca3d4e0,
0x000001fe5ca3f0b0, 0x000001fe5ca41b20, 0x000001fe5ca42580, 0x000001fe5ca42fe0,
0x000001fe4c0c9270, 0x000001fe616073d0, 0x000001fe6160ba70, 0x000001fe617a2010,
0x000001fe61d87130
}

Java Threads: ( => current thread )
=>0x000001fe4be92b80 JavaThread "main"                              [_thread_in_vm, id=17728, stack(0x000000fcdb900000,0x000000fcdba00000) (1024K)]
  0x000001fe5ca39630 JavaThread "Reference Handler"          daemon [_thread_blocked, id=4284, stack(0x000000fcdc100000,0x000000fcdc200000) (1024K)]
  0x000001fe5ca3c610 JavaThread "Finalizer"                  daemon [_thread_blocked, id=17412, stack(0x000000fcdc200000,0x000000fcdc300000) (1024K)]
  0x000001fe5ca3d4e0 JavaThread "Signal Dispatcher"          daemon [_thread_blocked, id=19200, stack(0x000000fcdc300000,0x000000fcdc400000) (1024K)]
  0x000001fe5ca3f0b0 JavaThread "Attach Listener"            daemon [_thread_blocked, id=18752, stack(0x000000fcdc400000,0x000000fcdc500000) (1024K)]
  0x000001fe5ca41b20 JavaThread "Service Thread"             daemon [_thread_blocked, id=18840, stack(0x000000fcdc500000,0x000000fcdc600000) (1024K)]
  0x000001fe5ca42580 JavaThread "Monitor Deflation Thread"   daemon [_thread_blocked, id=9140, stack(0x000000fcdc600000,0x000000fcdc700000) (1024K)]
  0x000001fe5ca42fe0 JavaThread "C1 CompilerThread0"         daemon [_thread_blocked, id=6896, stack(0x000000fcdc700000,0x000000fcdc800000) (1024K)]
  0x000001fe4c0c9270 JavaThread "Common-Cleaner"             daemon [_thread_blocked, id=7932, stack(0x000000fcdc800000,0x000000fcdc900000) (1024K)]
  0x000001fe616073d0 JavaThread "Monitor Ctrl-Break"         daemon [_thread_in_native, id=16868, stack(0x000000fcdc900000,0x000000fcdca00000) (1024K)]
  0x000001fe6160ba70 JavaThread "Notification Thread"        daemon [_thread_blocked, id=9476, stack(0x000000fcdca00000,0x000000fcdcb00000) (1024K)]
  0x000001fe617a2010 JavaThread "RMI TCP Accept-0"           daemon [_thread_in_native, id=16756, stack(0x000000fcdce00000,0x000000fcdcf00000) (1024K)]
  0x000001fe61d87130 JavaThread "C1 CompilerThread1"         daemon [_thread_blocked, id=17428, stack(0x000000fcdcf00000,0x000000fcdd000000) (1024K)]
Total: 13

Other Threads:
  0x000001fe4c0ddd60 VMThread "VM Thread"                           [id=17120, stack(0x000000fcdc000000,0x000000fcdc100000) (1024K)]
  0x000001fe4c0c8150 WatcherThread "VM Periodic Task Thread"        [id=8540, stack(0x000000fcdbf00000,0x000000fcdc000000) (1024K)]
  0x000001fe4c05ab60 WorkerThread "GC Thread#0"                     [id=14868, stack(0x000000fcdba00000,0x000000fcdbb00000) (1024K)]
  0x000001fe616f2e20 WorkerThread "GC Thread#1"                     [id=17480, stack(0x000000fcdcb00000,0x000000fcdcc00000) (1024K)]
  0x000001fe61705860 WorkerThread "GC Thread#2"                     [id=6268, stack(0x000000fcdcc00000,0x000000fcdcd00000) (1024K)]
  0x000001fe61709c10 WorkerThread "GC Thread#3"                     [id=3956, stack(0x000000fcdcd00000,0x000000fcdce00000) (1024K)]
  0x000001fe4c064720 ConcurrentGCThread "G1 Main Marker"            [id=6020, stack(0x000000fcdbb00000,0x000000fcdbc00000) (1024K)]
  0x000001fe4c066540 WorkerThread "G1 Conc#0"                       [id=11756, stack(0x000000fcdbc00000,0x000000fcdbd00000) (1024K)]
  0x000001fe4c0b8a40 ConcurrentGCThread "G1 Refine#0"               [id=12020, stack(0x000000fcdbd00000,0x000000fcdbe00000) (1024K)]
  0x000001fe4c0b94c0 ConcurrentGCThread "G1 Service"                [id=14096, stack(0x000000fcdbe00000,0x000000fcdbf00000) (1024K)]
Total: 10

Threads with active compile tasks:
Total: 0

VM state: not at safepoint (normal execution)

VM Mutex/Monitor currently owned by a thread:  ([mutex/lock_event])
[0x00007ffa3267ace8] Metaspace_lock - owner thread: 0x000001fe4be92b80

OutOfMemory and StackOverflow Exception counts:
OutOfMemoryError java_heap_errors=3
StackOverflowErrors=1
LinkageErrors=57

Heap address: 0x00000000c1a00000, size: 998 MB, Compressed Oops mode: 32-bit

CDS archive(s) mapped at: [0x000001fe00000000-0x000001fe00c90000-0x000001fe00c90000), size 13172736, SharedBaseAddress: 0x000001fe00000000, ArchiveRelocationMode: 1.
Compressed class space mapped at: 0x000001fe01000000-0x000001fe41000000, reserved size: 1073741824
Narrow klass base: 0x000001fe00000000, Narrow klass shift: 0, Narrow klass range: 0x100000000

GC Precious Log:
 CardTable entry size: 512
 Card Set container configuration: InlinePtr #cards 5 size 8 Array Of Cards #cards 12 size 40 Howl #buckets 4 coarsen threshold 1843 Howl Bitmap #cards 512 size 80 coarsen threshold 460 Card regions per heap region 1 cards per card region 2048
 CPUs: 4 total, 4 available
 Memory: 3984M
 Large Page Support: Disabled
 NUMA Support: Disabled
 Compressed Oops: Enabled (32-bit)
 Heap Region Size: 1M
 Heap Min Capacity: 8M
 Heap Initial Capacity: 64M
 Heap Max Capacity: 998M
 Pre-touch: Disabled
 Parallel Workers: 4
 Concurrent Workers: 1
 Concurrent Refinement Workers: 4
 Periodic GC: Disabled

Heap:
 garbage-first heap   total 65536K, used 42577K [0x00000000c1a00000, 0x0000000100000000)
  region size 1024K, 37 young (37888K), 3 survivors (3072K)
 Metaspace       used 17476K, committed 17728K, reserved 1114112K
  class space    used 2395K, committed 2496K, reserved 1048576K

Heap Regions: E=young(eden), S=young(survivor), O=old, HS=humongous(starts), HC=humongous(continues), CS=collection set, F=free, TAMS=top-at-mark-start, PB=parsable bottom
|   0|0x00000000c1a00000, 0x00000000c1b00000, 0x00000000c1b00000|100%|HS|  |TAMS 0x00000000c1a00000| PB 0x00000000c1a00000| Complete 
|   1|0x00000000c1b00000, 0x00000000c1c00000, 0x00000000c1c00000|100%| O|  |TAMS 0x00000000c1b00000| PB 0x00000000c1b00000| Untracked 
|   2|0x00000000c1c00000, 0x00000000c1d00000, 0x00000000c1d00000|100%| O|  |TAMS 0x00000000c1c00000| PB 0x00000000c1c00000| Untracked 
|   3|0x00000000c1d00000, 0x00000000c1e00000, 0x00000000c1e00000|100%| O|  |TAMS 0x00000000c1d00000| PB 0x00000000c1d00000| Untracked 
|   4|0x00000000c1e00000, 0x00000000c1f00000, 0x00000000c1f00000|100%| O|  |TAMS 0x00000000c1e00000| PB 0x00000000c1e00000| Untracked 
|   5|0x00000000c1f00000, 0x00000000c2000000, 0x00000000c2000000|100%| O|  |TAMS 0x00000000c1f00000| PB 0x00000000c1f00000| Untracked 
|   6|0x00000000c2000000, 0x00000000c2096318, 0x00000000c2100000| 58%| O|  |TAMS 0x00000000c2000000| PB 0x00000000c2000000| Untracked 
|   7|0x00000000c2100000, 0x00000000c2100000, 0x00000000c2200000|  0%| F|  |TAMS 0x00000000c2100000| PB 0x00000000c2100000| Untracked 
|   8|0x00000000c2200000, 0x00000000c2200000, 0x00000000c2300000|  0%| F|  |TAMS 0x00000000c2200000| PB 0x00000000c2200000| Untracked 
|   9|0x00000000c2300000, 0x00000000c2300000, 0x00000000c2400000|  0%| F|  |TAMS 0x00000000c2300000| PB 0x00000000c2300000| Untracked 
|  10|0x00000000c2400000, 0x00000000c2400000, 0x00000000c2500000|  0%| F|  |TAMS 0x00000000c2400000| PB 0x00000000c2400000| Untracked 
|  11|0x00000000c2500000, 0x00000000c2500000, 0x00000000c2600000|  0%| F|  |TAMS 0x00000000c2500000| PB 0x00000000c2500000| Untracked 
|  12|0x00000000c2600000, 0x00000000c2600000, 0x00000000c2700000|  0%| F|  |TAMS 0x00000000c2600000| PB 0x00000000c2600000| Untracked 
|  13|0x00000000c2700000, 0x00000000c2700000, 0x00000000c2800000|  0%| F|  |TAMS 0x00000000c2700000| PB 0x00000000c2700000| Untracked 
|  14|0x00000000c2800000, 0x00000000c2800000, 0x00000000c2900000|  0%| F|  |TAMS 0x00000000c2800000| PB 0x00000000c2800000| Untracked 
|  15|0x00000000c2900000, 0x00000000c2900000, 0x00000000c2a00000|  0%| F|  |TAMS 0x00000000c2900000| PB 0x00000000c2900000| Untracked 
|  16|0x00000000c2a00000, 0x00000000c2a00000, 0x00000000c2b00000|  0%| F|  |TAMS 0x00000000c2a00000| PB 0x00000000c2a00000| Untracked 
|  17|0x00000000c2b00000, 0x00000000c2b00000, 0x00000000c2c00000|  0%| F|  |TAMS 0x00000000c2b00000| PB 0x00000000c2b00000| Untracked 
|  18|0x00000000c2c00000, 0x00000000c2c00000, 0x00000000c2d00000|  0%| F|  |TAMS 0x00000000c2c00000| PB 0x00000000c2c00000| Untracked 
|  19|0x00000000c2d00000, 0x00000000c2d00000, 0x00000000c2e00000|  0%| F|  |TAMS 0x00000000c2d00000| PB 0x00000000c2d00000| Untracked 
|  20|0x00000000c2e00000, 0x00000000c2e00000, 0x00000000c2f00000|  0%| F|  |TAMS 0x00000000c2e00000| PB 0x00000000c2e00000| Untracked 
|  21|0x00000000c2f00000, 0x00000000c2f00000, 0x00000000c3000000|  0%| F|  |TAMS 0x00000000c2f00000| PB 0x00000000c2f00000| Untracked 
|  22|0x00000000c3000000, 0x00000000c3000000, 0x00000000c3100000|  0%| F|  |TAMS 0x00000000c3000000| PB 0x00000000c3000000| Untracked 
|  23|0x00000000c3100000, 0x00000000c3100000, 0x00000000c3200000|  0%| F|  |TAMS 0x00000000c3100000| PB 0x00000000c3100000| Untracked 
|  24|0x00000000c3200000, 0x00000000c3200000, 0x00000000c3300000|  0%| F|  |TAMS 0x00000000c3200000| PB 0x00000000c3200000| Untracked 
|  25|0x00000000c3300000, 0x00000000c3300000, 0x00000000c3400000|  0%| F|  |TAMS 0x00000000c3300000| PB 0x00000000c3300000| Untracked 
|  26|0x00000000c3400000, 0x00000000c3400000, 0x00000000c3500000|  0%| F|  |TAMS 0x00000000c3400000| PB 0x00000000c3400000| Untracked 
|  27|0x00000000c3500000, 0x00000000c356b530, 0x00000000c3600000| 41%| E|  |TAMS 0x00000000c3500000| PB 0x00000000c3500000| Complete 
|  28|0x00000000c3600000, 0x00000000c3700000, 0x00000000c3700000|100%| E|CS|TAMS 0x00000000c3600000| PB 0x00000000c3600000| Complete 
|  29|0x00000000c3700000, 0x00000000c3800000, 0x00000000c3800000|100%| E|CS|TAMS 0x00000000c3700000| PB 0x00000000c3700000| Complete 
|  30|0x00000000c3800000, 0x00000000c3900000, 0x00000000c3900000|100%| E|CS|TAMS 0x00000000c3800000| PB 0x00000000c3800000| Complete 
|  31|0x00000000c3900000, 0x00000000c3a00000, 0x00000000c3a00000|100%| E|  |TAMS 0x00000000c3900000| PB 0x00000000c3900000| Complete 
|  32|0x00000000c3a00000, 0x00000000c3b00000, 0x00000000c3b00000|100%| E|CS|TAMS 0x00000000c3a00000| PB 0x00000000c3a00000| Complete 
|  33|0x00000000c3b00000, 0x00000000c3c00000, 0x00000000c3c00000|100%| E|CS|TAMS 0x00000000c3b00000| PB 0x00000000c3b00000| Complete 
|  34|0x00000000c3c00000, 0x00000000c3d00000, 0x00000000c3d00000|100%| E|CS|TAMS 0x00000000c3c00000| PB 0x00000000c3c00000| Complete 
|  35|0x00000000c3d00000, 0x00000000c3e00000, 0x00000000c3e00000|100%| E|CS|TAMS 0x00000000c3d00000| PB 0x00000000c3d00000| Complete 
|  36|0x00000000c3e00000, 0x00000000c3efe180, 0x00000000c3f00000| 99%| S|CS|TAMS 0x00000000c3e00000| PB 0x00000000c3e00000| Complete 
|  37|0x00000000c3f00000, 0x00000000c4000000, 0x00000000c4000000|100%| S|CS|TAMS 0x00000000c3f00000| PB 0x00000000c3f00000| Complete 
|  38|0x00000000c4000000, 0x00000000c4100000, 0x00000000c4100000|100%| S|CS|TAMS 0x00000000c4000000| PB 0x00000000c4000000| Complete 
|  39|0x00000000c4100000, 0x00000000c4200000, 0x00000000c4200000|100%| E|CS|TAMS 0x00000000c4100000| PB 0x00000000c4100000| Complete 
|  40|0x00000000c4200000, 0x00000000c4300000, 0x00000000c4300000|100%| E|CS|TAMS 0x00000000c4200000| PB 0x00000000c4200000| Complete 
|  41|0x00000000c4300000, 0x00000000c4400000, 0x00000000c4400000|100%| E|CS|TAMS 0x00000000c4300000| PB 0x00000000c4300000| Complete 
|  42|0x00000000c4400000, 0x00000000c4500000, 0x00000000c4500000|100%| E|CS|TAMS 0x00000000c4400000| PB 0x00000000c4400000| Complete 
|  43|0x00000000c4500000, 0x00000000c4600000, 0x00000000c4600000|100%| E|CS|TAMS 0x00000000c4500000| PB 0x00000000c4500000| Complete 
|  44|0x00000000c4600000, 0x00000000c4700000, 0x00000000c4700000|100%| E|CS|TAMS 0x00000000c4600000| PB 0x00000000c4600000| Complete 
|  45|0x00000000c4700000, 0x00000000c4800000, 0x00000000c4800000|100%| E|CS|TAMS 0x00000000c4700000| PB 0x00000000c4700000| Complete 
|  46|0x00000000c4800000, 0x00000000c4900000, 0x00000000c4900000|100%| E|CS|TAMS 0x00000000c4800000| PB 0x00000000c4800000| Complete 
|  47|0x00000000c4900000, 0x00000000c4a00000, 0x00000000c4a00000|100%| E|CS|TAMS 0x00000000c4900000| PB 0x00000000c4900000| Complete 
|  48|0x00000000c4a00000, 0x00000000c4b00000, 0x00000000c4b00000|100%| E|CS|TAMS 0x00000000c4a00000| PB 0x00000000c4a00000| Complete 
|  49|0x00000000c4b00000, 0x00000000c4c00000, 0x00000000c4c00000|100%| E|CS|TAMS 0x00000000c4b00000| PB 0x00000000c4b00000| Complete 
|  50|0x00000000c4c00000, 0x00000000c4d00000, 0x00000000c4d00000|100%| E|CS|TAMS 0x00000000c4c00000| PB 0x00000000c4c00000| Complete 
|  51|0x00000000c4d00000, 0x00000000c4e00000, 0x00000000c4e00000|100%| E|CS|TAMS 0x00000000c4d00000| PB 0x00000000c4d00000| Complete 
|  52|0x00000000c4e00000, 0x00000000c4f00000, 0x00000000c4f00000|100%| E|CS|TAMS 0x00000000c4e00000| PB 0x00000000c4e00000| Complete 
|  53|0x00000000c4f00000, 0x00000000c5000000, 0x00000000c5000000|100%| E|CS|TAMS 0x00000000c4f00000| PB 0x00000000c4f00000| Complete 
|  54|0x00000000c5000000, 0x00000000c5100000, 0x00000000c5100000|100%| E|CS|TAMS 0x00000000c5000000| PB 0x00000000c5000000| Complete 
|  55|0x00000000c5100000, 0x00000000c5200000, 0x00000000c5200000|100%| E|CS|TAMS 0x00000000c5100000| PB 0x00000000c5100000| Complete 
|  56|0x00000000c5200000, 0x00000000c5300000, 0x00000000c5300000|100%| E|CS|TAMS 0x00000000c5200000| PB 0x00000000c5200000| Complete 
|  57|0x00000000c5300000, 0x00000000c5400000, 0x00000000c5400000|100%| E|CS|TAMS 0x00000000c5300000| PB 0x00000000c5300000| Complete 
|  58|0x00000000c5400000, 0x00000000c5500000, 0x00000000c5500000|100%| E|CS|TAMS 0x00000000c5400000| PB 0x00000000c5400000| Complete 
|  59|0x00000000c5500000, 0x00000000c5600000, 0x00000000c5600000|100%| E|CS|TAMS 0x00000000c5500000| PB 0x00000000c5500000| Complete 
|  60|0x00000000c5600000, 0x00000000c5700000, 0x00000000c5700000|100%| E|CS|TAMS 0x00000000c5600000| PB 0x00000000c5600000| Complete 
|  61|0x00000000c5700000, 0x00000000c5800000, 0x00000000c5800000|100%| E|CS|TAMS 0x00000000c5700000| PB 0x00000000c5700000| Complete 
|  62|0x00000000c5800000, 0x00000000c5900000, 0x00000000c5900000|100%| E|CS|TAMS 0x00000000c5800000| PB 0x00000000c5800000| Complete 
|  63|0x00000000c5900000, 0x00000000c5a00000, 0x00000000c5a00000|100%| E|CS|TAMS 0x00000000c5900000| PB 0x00000000c5900000| Complete 

Card table byte_map: [0x000001fe592f0000,0x000001fe594f0000] _byte_map_base: 0x000001fe58ce3000

Marking Bits: (CMBitMap*) 0x000001fe4c05b170
 Bits: [0x000001fe594f0000, 0x000001fe5a488000)

Polling page: 0x000001fe4c0e0000

Metaspace:

Usage:
  Non-class:     14.73 MB used.
      Class:      2.34 MB used.
       Both:     17.07 MB used.

Virtual space:
  Non-class space:       64.00 MB reserved,      14.88 MB ( 23%) committed,  1 nodes.
      Class space:        1.00 GB reserved,       2.44 MB ( <1%) committed,  1 nodes.
             Both:        1.06 GB reserved,      17.31 MB (  2%) committed. 

Chunk freelists:
   Non-Class:  688.00 KB
       Class:  13.50 MB
        Both:  14.17 MB

MaxMetaspaceSize: unlimited
CompressedClassSpaceSize: 1.00 GB
Initial GC threshold: 21.00 MB
Current GC threshold: 21.00 MB
CDS: on
 - commit_granule_bytes: 65536.
 - commit_granule_words: 8192.
 - virtual_space_node_default_size: 8388608.
 - enlarge_chunks_in_place: 1.
 - use_allocation_guard: 0.


Internal statistics:

num_allocs_failed_limit: 0.
num_arena_births: 332.
num_arena_deaths: 0.
num_vsnodes_births: 2.
num_vsnodes_deaths: 0.
num_space_committed: 277.
num_space_uncommitted: 0.
num_chunks_returned_to_freelist: 0.
num_chunks_taken_from_freelist: 812.
num_chunk_merges: 0.
num_chunk_splits: 568.
num_chunks_enlarged: 431.
num_inconsistent_stats: 0.

CodeCache: size=49152Kb used=5730Kb max_used=5730Kb free=43421Kb
 bounds [0x000001fe55c50000, 0x000001fe561f0000, 0x000001fe58c50000]
 total_blobs=3072 nmethods=2572 adapters=423
 compilation: enabled
              stopped_count=0, restarted_count=0
 full_count=0

Compilation events (20 events):
Event: 10.489 Thread 0x000001fe61d87130 nmethod 2562 0x000001fe561e3590 code [0x000001fe561e3740, 0x000001fe561e3908]
Event: 10.489 Thread 0x000001fe61d87130 2564       1       org.springframework.boot.autoconfigure.AutoConfigurationSorter$$Lambda/0x000001fe0127cd48::<init> (10 bytes)
Event: 10.489 Thread 0x000001fe61d87130 nmethod 2564 0x000001fe561e3990 code [0x000001fe561e3b20, 0x000001fe561e3c30]
Event: 10.489 Thread 0x000001fe61d87130 2565       1       org.springframework.boot.autoconfigure.AutoConfigurationSorter$AutoConfigurationClasses::getClassesRequestedAfter (34 bytes)
Event: 10.490 Thread 0x000001fe61d87130 nmethod 2565 0x000001fe561e3c90 code [0x000001fe561e3f20, 0x000001fe561e4440]
Event: 10.490 Thread 0x000001fe61d87130 2566       1       org.springframework.boot.autoconfigure.AutoConfigurationSorter$AutoConfigurationClasses$$Lambda/0x000001fe0127cf88::<init> (15 bytes)
Event: 10.490 Thread 0x000001fe61d87130 nmethod 2566 0x000001fe561e4710 code [0x000001fe561e48a0, 0x000001fe561e4a00]
Event: 10.490 Thread 0x000001fe61d87130 2567       1       java.util.TreeSet::addAll (82 bytes)
Event: 10.491 Thread 0x000001fe61d87130 nmethod 2567 0x000001fe561e4a90 code [0x000001fe561e4cc0, 0x000001fe561e5248]
Event: 10.492 Thread 0x000001fe61d87130 2568       1       org.springframework.boot.autoconfigure.AutoConfigurationSorter::checkForCycles (26 bytes)
Event: 10.493 Thread 0x000001fe5ca42fe0 nmethod 2563 0x000001fe561e5510 code [0x000001fe561e5920, 0x000001fe561e6910]
Event: 10.493 Thread 0x000001fe61d87130 nmethod 2568 0x000001fe561e7290 code [0x000001fe561e7480, 0x000001fe561e77e8]
Event: 10.493 Thread 0x000001fe5ca42fe0 2569       1       org.springframework.boot.autoconfigure.AutoConfigurationSorter$$Lambda/0x000001fe0127d1b8::<init> (15 bytes)
Event: 10.493 Thread 0x000001fe5ca42fe0 nmethod 2569 0x000001fe561e7a10 code [0x000001fe561e7ba0, 0x000001fe561e7d00]
Event: 10.493 Thread 0x000001fe61d87130 2571       1       java.util.ArrayList::fastRemove (44 bytes)
Event: 10.493 Thread 0x000001fe5ca42fe0 2570       1       java.util.ArrayList::remove (26 bytes)
Event: 10.494 Thread 0x000001fe5ca42fe0 nmethod 2570 0x000001fe561e7d90 code [0x000001fe561e7f40, 0x000001fe561e80a0]
Event: 10.494 Thread 0x000001fe61d87130 nmethod 2571 0x000001fe561e8210 code [0x000001fe561e83c0, 0x000001fe561e85c8]
Event: 10.496 Thread 0x000001fe61d87130 2572       1       java.lang.invoke.LambdaForm$DMH/0x000001fe01104400::invokeStatic (31 bytes)
Event: 10.496 Thread 0x000001fe61d87130 nmethod 2572 0x000001fe561e8690 code [0x000001fe561e8840, 0x000001fe561e8948]

GC Heap History (6 events):
Event: 2.738 GC heap before
{Heap before GC invocations=0 (full 0):
 garbage-first heap   total 65536K, used 14336K [0x00000000c1a00000, 0x0000000100000000)
  region size 1024K, 13 young (13312K), 0 survivors (0K)
 Metaspace       used 3288K, committed 3456K, reserved 1114112K
  class space    used 374K, committed 448K, reserved 1048576K
}
Event: 2.805 GC heap after
{Heap after GC invocations=1 (full 0):
 garbage-first heap   total 65536K, used 6912K [0x00000000c1a00000, 0x0000000100000000)
  region size 1024K, 2 young (2048K), 2 survivors (2048K)
 Metaspace       used 3288K, committed 3456K, reserved 1114112K
  class space    used 374K, committed 448K, reserved 1048576K
}
Event: 5.431 GC heap before
{Heap before GC invocations=1 (full 0):
 garbage-first heap   total 65536K, used 18176K [0x00000000c1a00000, 0x0000000100000000)
  region size 1024K, 13 young (13312K), 2 survivors (2048K)
 Metaspace       used 7305K, committed 7552K, reserved 1114112K
  class space    used 898K, committed 1024K, reserved 1048576K
}
Event: 5.443 GC heap after
{Heap after GC invocations=2 (full 0):
 garbage-first heap   total 65536K, used 8213K [0x00000000c1a00000, 0x0000000100000000)
  region size 1024K, 2 young (2048K), 2 survivors (2048K)
 Metaspace       used 7305K, committed 7552K, reserved 1114112K
  class space    used 898K, committed 1024K, reserved 1048576K
}
Event: 9.576 GC heap before
{Heap before GC invocations=2 (full 0):
 garbage-first heap   total 65536K, used 31765K [0x00000000c1a00000, 0x0000000100000000)
  region size 1024K, 25 young (25600K), 2 survivors (2048K)
 Metaspace       used 12200K, committed 12480K, reserved 1114112K
  class space    used 1641K, committed 1792K, reserved 1048576K
}
Event: 9.583 GC heap after
{Heap after GC invocations=3 (full 0):
 garbage-first heap   total 65536K, used 9809K [0x00000000c1a00000, 0x0000000100000000)
  region size 1024K, 3 young (3072K), 3 survivors (3072K)
 Metaspace       used 12200K, committed 12480K, reserved 1114112K
  class space    used 1641K, committed 1792K, reserved 1048576K
}

Dll operation events (11 events):
Event: 0.027 Loaded shared library C:\Program Files\Java\jdk-21\bin\java.dll
Event: 0.829 Loaded shared library C:\Program Files\Java\jdk-21\bin\zip.dll
Event: 0.840 Loaded shared library C:\Program Files\Java\jdk-21\bin\instrument.dll
Event: 0.854 Loaded shared library C:\Program Files\Java\jdk-21\bin\net.dll
Event: 0.859 Loaded shared library C:\Program Files\Java\jdk-21\bin\nio.dll
Event: 0.865 Loaded shared library C:\Program Files\Java\jdk-21\bin\zip.dll
Event: 1.682 Loaded shared library C:\Program Files\JetBrains\IntelliJ IDEA 2024.1.6\bin\breakgen64.dll
Event: 1.696 Loaded shared library C:\Program Files\Java\jdk-21\bin\jimage.dll
Event: 1.774 Loaded shared library C:\Program Files\Java\jdk-21\bin\extnet.dll
Event: 1.848 Loaded shared library C:\Program Files\Java\jdk-21\bin\management.dll
Event: 1.970 Loaded shared library C:\Program Files\Java\jdk-21\bin\management_ext.dll

Deoptimization events (0 events):
No events

Classes loaded (20 events):
Event: 10.218 Loading class java/lang/reflect/AnnotatedParameterizedType
Event: 10.218 Loading class java/lang/reflect/AnnotatedParameterizedType done
Event: 10.218 Loading class java/lang/reflect/AnnotatedArrayType
Event: 10.218 Loading class java/lang/reflect/AnnotatedArrayType done
Event: 10.234 Loading class jdk/internal/module/ModulePatcher$PatchedModuleReader
Event: 10.235 Loading class jdk/internal/module/ModulePatcher$PatchedModuleReader done
Event: 10.235 Loading class jdk/internal/vm/annotation/IntrinsicCandidate
Event: 10.236 Loading class jdk/internal/vm/annotation/IntrinsicCandidate done
Event: 10.240 Loading class sun/reflect/annotation/AnnotatedTypeFactory$AnnotatedParameterizedTypeImpl
Event: 10.241 Loading class sun/reflect/annotation/AnnotatedTypeFactory$AnnotatedParameterizedTypeImpl done
Event: 10.241 Loading class sun/reflect/annotation/AnnotatedTypeFactory$AnnotatedWildcardTypeImpl
Event: 10.241 Loading class java/lang/reflect/AnnotatedWildcardType
Event: 10.241 Loading class java/lang/reflect/AnnotatedWildcardType done
Event: 10.241 Loading class sun/reflect/annotation/AnnotatedTypeFactory$AnnotatedWildcardTypeImpl done
Event: 10.250 Loading class javax/naming/ldap/LdapContext
Event: 10.250 Loading class javax/naming/directory/DirContext
Event: 10.251 Loading class javax/naming/Context
Event: 10.251 Loading class javax/naming/Context done
Event: 10.251 Loading class javax/naming/directory/DirContext done
Event: 10.251 Loading class javax/naming/ldap/LdapContext done

Classes unloaded (0 events):
No events

Classes redefined (0 events):
No events

Internal exceptions (20 events):
Event: 9.047 Thread 0x000001fe4be92b80 Exception <a 'java/lang/NoSuchMethodError'{0x00000000c49aec60}: 'void java.lang.invoke.DirectMethodHandle$Holder.invokeStatic(java.lang.Object, java.lang.Object, int)'> (0x00000000c49aec60) 
thrown [s\open\src\hotspot\share\interpreter\linkResolver.cpp, line 773]
Event: 9.057 Thread 0x000001fe4be92b80 Exception <a 'java/lang/NoSuchMethodError'{0x00000000c49c3310}: 'void java.lang.invoke.DirectMethodHandle$Holder.invokeStaticInit(java.lang.Object, java.lang.Object, java.lang.Object)'> (0x00000000c49c3310) 
thrown [s\open\src\hotspot\share\interpreter\linkResolver.cpp, line 773]
Event: 9.073 Thread 0x000001fe4be92b80 Exception <a 'java/lang/NoSuchMethodError'{0x00000000c4816178}: 'java.lang.Object java.lang.invoke.DirectMethodHandle$Holder.invokeStatic(java.lang.Object, long, java.lang.Object)'> (0x00000000c4816178) 
thrown [s\open\src\hotspot\share\interpreter\linkResolver.cpp, line 773]
Event: 9.074 Thread 0x000001fe4be92b80 Exception <a 'java/lang/NoSuchMethodError'{0x00000000c48197d0}: 'java.lang.Object java.lang.invoke.DirectMethodHandle$Holder.invokeStaticInit(java.lang.Object, long, java.lang.Object)'> (0x00000000c48197d0) 
thrown [s\open\src\hotspot\share\interpreter\linkResolver.cpp, line 773]
Event: 9.074 Thread 0x000001fe4be92b80 Exception <a 'java/lang/NoSuchMethodError'{0x00000000c481ec58}: 'java.lang.Object java.lang.invoke.DirectMethodHandle$Holder.newInvokeSpecial(java.lang.Object, long)'> (0x00000000c481ec58) 
thrown [s\open\src\hotspot\share\interpreter\linkResolver.cpp, line 773]
Event: 9.126 Thread 0x000001fe4be92b80 Exception <a 'java/lang/NoSuchMethodError'{0x00000000c4882f40}: 'void java.lang.invoke.DirectMethodHandle$Holder.invokeVirtual(java.lang.Object, java.lang.Object, java.lang.Object, java.lang.Object)'> (0x00000000c4882f40) 
thrown [s\open\src\hotspot\share\interpreter\linkResolver.cpp, line 773]
Event: 9.385 Thread 0x000001fe4be92b80 Exception <a 'java/lang/NoSuchMethodError'{0x00000000c46c58c0}: 'void java.lang.invoke.DirectMethodHandle$Holder.invokeVirtual(java.lang.Object, java.lang.Object, int)'> (0x00000000c46c58c0) 
thrown [s\open\src\hotspot\share\interpreter\linkResolver.cpp, line 773]
Event: 9.387 Thread 0x000001fe4be92b80 Exception <a 'java/lang/NoSuchMethodError'{0x00000000c46c99e8}: 'int java.lang.invoke.DirectMethodHandle$Holder.invokeSpecial(java.lang.Object, java.lang.Object, java.lang.Object, int)'> (0x00000000c46c99e8) 
thrown [s\open\src\hotspot\share\interpreter\linkResolver.cpp, line 773]
Event: 9.389 Thread 0x000001fe4be92b80 Exception <a 'java/lang/NoSuchMethodError'{0x00000000c46dba00}: 'java.lang.Object java.lang.invoke.DirectMethodHandle$Holder.invokeStatic(java.lang.Object, java.lang.Object, java.lang.Object, java.lang.Object, int)'> (0x00000000c46dba00) 
thrown [s\open\src\hotspot\share\interpreter\linkResolver.cpp, line 773]
Event: 9.390 Thread 0x000001fe4be92b80 Exception <a 'java/lang/NoSuchMethodError'{0x00000000c46e6778}: 'void java.lang.invoke.DelegatingMethodHandle$Holder.reinvoke_L(java.lang.Object, java.lang.Object, int)'> (0x00000000c46e6778) 
thrown [s\open\src\hotspot\share\interpreter\linkResolver.cpp, line 773]
Event: 9.400 Thread 0x000001fe4be92b80 Exception <a 'java/lang/IncompatibleClassChangeError'{0x00000000c455ee30}: Found class java.lang.Object, but interface was expected> (0x00000000c455ee30) 
thrown [s\open\src\hotspot\share\interpreter\linkResolver.cpp, line 840]
Event: 10.101 Thread 0x000001fe4be92b80 Exception <a 'java/lang/NoSuchMethodError'{0x00000000c4a28328}: 'int java.lang.invoke.DirectMethodHandle$Holder.invokeSpecial(java.lang.Object, java.lang.Object, java.lang.Object, java.lang.Object, java.lang.Object)'> (0x00000000c4a28328) 
thrown [s\open\src\hotspot\share\interpreter\linkResolver.cpp, line 773]
Event: 10.104 Thread 0x000001fe4be92b80 Exception <a 'java/lang/NoSuchMethodError'{0x00000000c4a30500}: 'void java.lang.invoke.DirectMethodHandle$Holder.invokeVirtual(java.lang.Object, java.lang.Object)'> (0x00000000c4a30500) 
thrown [s\open\src\hotspot\share\interpreter\linkResolver.cpp, line 773]
Event: 10.324 Thread 0x000001fe61ef6290 Exception <a 'java/lang/OutOfMemoryError'{0x00000000c3922758}> (0x00000000c3922758) 
thrown [s\open\src\hotspot\share\prims\jni.cpp, line 539]
Event: 10.328 Thread 0x000001fe61b8c4b0 Exception <a 'java/lang/OutOfMemoryError'{0x00000000c39af150}> (0x00000000c39af150) 
thrown [s\open\src\hotspot\share\prims\jni.cpp, line 539]
Event: 10.333 Thread 0x000001fe61b8c4b0 Exception <a 'java/lang/OutOfMemoryError'{0x00000000c39e6830}> (0x00000000c39e6830) 
thrown [s\open\src\hotspot\share\prims\jni.cpp, line 539]
Event: 10.335 Thread 0x000001fe61b8c4b0 Exception <a 'java/lang/NoClassDefFoundError'{0x00000000c383a280}: org/apache/tomcat/util/http/Rfc6265CookieProcessor> (0x00000000c383a280) 
thrown [s\open\src\hotspot\share\classfile\systemDictionary.cpp, line 301]
Event: 10.335 Thread 0x000001fe61ef6290 StackOverflowError at 0x000001fe55d68c00
Event: 10.335 Thread 0x000001fe61ef6290 Exception <a 'java/lang/StackOverflowError'{0x00000000c3822990}> (0x00000000c3822990) 
thrown [s\open\src\hotspot\share\runtime\sharedRuntime.cpp, line 625]
Event: 10.364 Thread 0x000001fe4be92b80 Exception <a 'java/lang/IncompatibleClassChangeError'{0x00000000c38c04f0}: Found class java.lang.Object, but interface was expected> (0x00000000c38c04f0) 
thrown [s\open\src\hotspot\share\interpreter\linkResolver.cpp, line 840]

ZGC Phase Switch (0 events):
No events

VM Operations (20 events):
Event: 7.042 Executing VM operation: Cleanup
Event: 7.113 Executing VM operation: Cleanup done
Event: 8.119 Executing VM operation: Cleanup
Event: 8.178 Executing VM operation: Cleanup done
Event: 8.389 Executing VM operation: HandshakeAllThreads (Deoptimize)
Event: 8.389 Executing VM operation: HandshakeAllThreads (Deoptimize) done
Event: 9.257 Executing VM operation: HandshakeAllThreads (Deoptimize)
Event: 9.257 Executing VM operation: HandshakeAllThreads (Deoptimize) done
Event: 9.257 Executing VM operation: Cleanup
Event: 9.258 Executing VM operation: Cleanup done
Event: 9.269 Executing VM operation: HandshakeAllThreads (Deoptimize)
Event: 9.269 Executing VM operation: HandshakeAllThreads (Deoptimize) done
Event: 9.576 Executing VM operation: G1CollectForAllocation (G1 Evacuation Pause)
Event: 9.583 Executing VM operation: G1CollectForAllocation (G1 Evacuation Pause) done
Event: 9.985 Executing VM operation: HandshakeAllThreads (Deoptimize)
Event: 9.985 Executing VM operation: HandshakeAllThreads (Deoptimize) done
Event: 10.067 Executing VM operation: HandshakeAllThreads (Deoptimize)
Event: 10.067 Executing VM operation: HandshakeAllThreads (Deoptimize) done
Event: 10.235 Executing VM operation: HandshakeAllThreads (Deoptimize)
Event: 10.235 Executing VM operation: HandshakeAllThreads (Deoptimize) done

Events (19 events):
Event: 0.154 Thread 0x000001fe4be92b80 Thread added: 0x000001fe4be92b80
Event: 0.241 Thread 0x000001fe5ca39630 Thread added: 0x000001fe5ca39630
Event: 0.241 Thread 0x000001fe5ca3c610 Thread added: 0x000001fe5ca3c610
Event: 0.242 Thread 0x000001fe5ca3d4e0 Thread added: 0x000001fe5ca3d4e0
Event: 0.242 Thread 0x000001fe5ca3f0b0 Thread added: 0x000001fe5ca3f0b0
Event: 0.242 Thread 0x000001fe5ca41b20 Thread added: 0x000001fe5ca41b20
Event: 0.242 Thread 0x000001fe5ca42580 Thread added: 0x000001fe5ca42580
Event: 0.242 Thread 0x000001fe5ca42fe0 Thread added: 0x000001fe5ca42fe0
Event: 0.745 Thread 0x000001fe4c0c9270 Thread added: 0x000001fe4c0c9270
Event: 1.683 Thread 0x000001fe616073d0 Thread added: 0x000001fe616073d0
Event: 1.684 Thread 0x000001fe6160ba70 Thread added: 0x000001fe6160ba70
Event: 3.594 Thread 0x000001fe617a2010 Thread added: 0x000001fe617a2010
Event: 5.821 Thread 0x000001fe61d87130 Thread added: 0x000001fe61d87130
Event: 8.835 Thread 0x000001fe61e831a0 Thread added: 0x000001fe61e831a0
Event: 8.899 Thread 0x000001fe61e831a0 Thread exited: 0x000001fe61e831a0
Event: 9.331 Thread 0x000001fe61b8c4b0 Thread added: 0x000001fe61b8c4b0
Event: 10.226 Thread 0x000001fe61ef6290 Thread added: 0x000001fe61ef6290
Event: 10.336 Thread 0x000001fe61b8c4b0 Thread exited: 0x000001fe61b8c4b0
Event: 10.339 Thread 0x000001fe61ef6290 Thread exited: 0x000001fe61ef6290


Dynamic libraries:
0x00007ff6d8780000 - 0x00007ff6d8790000 	C:\Program Files\Java\jdk-21\bin\java.exe
0x00007ffa921f0000 - 0x00007ffa923e8000 	C:\Windows\SYSTEM32\ntdll.dll
0x00007ffa91010000 - 0x00007ffa910d2000 	C:\Windows\System32\KERNEL32.DLL
0x00007ffa8fb80000 - 0x00007ffa8fe7e000 	C:\Windows\System32\KERNELBASE.dll
0x00007ffa8f890000 - 0x00007ffa8f990000 	C:\Windows\System32\ucrtbase.dll
0x00007ffa83970000 - 0x00007ffa8398b000 	C:\Program Files\Java\jdk-21\bin\VCRUNTIME140.dll
0x00007ffa83990000 - 0x00007ffa839a9000 	C:\Program Files\Java\jdk-21\bin\jli.dll
0x00007ffa90d70000 - 0x00007ffa90e21000 	C:\Windows\System32\ADVAPI32.dll
0x00007ffa90210000 - 0x00007ffa902ae000 	C:\Windows\System32\msvcrt.dll
0x00007ffa92030000 - 0x00007ffa920cf000 	C:\Windows\System32\sechost.dll
0x00007ffa90c40000 - 0x00007ffa90d63000 	C:\Windows\System32\RPCRT4.dll
0x00007ffa8f990000 - 0x00007ffa8f9b7000 	C:\Windows\System32\bcrypt.dll
0x00007ffa91e90000 - 0x00007ffa9202d000 	C:\Windows\System32\USER32.dll
0x00007ffa90080000 - 0x00007ffa900a2000 	C:\Windows\System32\win32u.dll
0x00007ffa91c60000 - 0x00007ffa91c8b000 	C:\Windows\System32\GDI32.dll
0x00007ffa8f9c0000 - 0x00007ffa8fad7000 	C:\Windows\System32\gdi32full.dll
0x00007ffa8fae0000 - 0x00007ffa8fb7d000 	C:\Windows\System32\msvcp_win.dll
0x00007ffa80560000 - 0x00007ffa807fa000 	C:\Windows\WinSxS\amd64_microsoft.windows.common-controls_6595b64144ccf1df_6.0.19041.4355_none_60b8b9eb71f62e16\COMCTL32.dll
0x00007ffa7e1e0000 - 0x00007ffa7e1ea000 	C:\Windows\SYSTEM32\VERSION.dll
0x00007ffa920d0000 - 0x00007ffa920ff000 	C:\Windows\System32\IMM32.DLL
0x00007ffa83960000 - 0x00007ffa8396c000 	C:\Program Files\Java\jdk-21\bin\vcruntime140_1.dll
0x00007ffa739f0000 - 0x00007ffa73a7e000 	C:\Program Files\Java\jdk-21\bin\msvcp140.dll
0x00007ffa31a40000 - 0x00007ffa32757000 	C:\Program Files\Java\jdk-21\bin\server\jvm.dll
0x00007ffa90f40000 - 0x00007ffa90fab000 	C:\Windows\System32\WS2_32.dll
0x00007ffa8ee20000 - 0x00007ffa8ee6b000 	C:\Windows\SYSTEM32\POWRPROF.dll
0x00007ffa7d610000 - 0x00007ffa7d637000 	C:\Windows\SYSTEM32\WINMM.dll
0x00007ffa8ec90000 - 0x00007ffa8eca2000 	C:\Windows\SYSTEM32\UMPDC.dll
0x00007ffa8d710000 - 0x00007ffa8d722000 	C:\Windows\SYSTEM32\kernel.appcore.dll
0x00007ffa82b90000 - 0x00007ffa82b9a000 	C:\Program Files\Java\jdk-21\bin\jimage.dll
0x00007ffa75150000 - 0x00007ffa75334000 	C:\Windows\SYSTEM32\DBGHELP.DLL
0x00007ffa75110000 - 0x00007ffa75144000 	C:\Windows\SYSTEM32\dbgcore.DLL
0x00007ffa8fff0000 - 0x00007ffa90072000 	C:\Windows\System32\bcryptPrimitives.dll
0x00007ffa80300000 - 0x00007ffa8030f000 	C:\Program Files\Java\jdk-21\bin\instrument.dll
0x00007ffa80970000 - 0x00007ffa8098f000 	C:\Program Files\Java\jdk-21\bin\java.dll
0x00007ffa902b0000 - 0x00007ffa90a1d000 	C:\Windows\System32\SHELL32.dll
0x00007ffa8d910000 - 0x00007ffa8e0b4000 	C:\Windows\SYSTEM32\windows.storage.dll
0x00007ffa910e0000 - 0x00007ffa91433000 	C:\Windows\System32\combase.dll
0x00007ffa8f2c0000 - 0x00007ffa8f2ee000 	C:\Windows\SYSTEM32\Wldp.dll
0x00007ffa91b90000 - 0x00007ffa91c5d000 	C:\Windows\System32\OLEAUT32.dll
0x00007ffa92100000 - 0x00007ffa921ad000 	C:\Windows\System32\SHCORE.dll
0x00007ffa91500000 - 0x00007ffa91555000 	C:\Windows\System32\shlwapi.dll
0x00007ffa8f7c0000 - 0x00007ffa8f7e4000 	C:\Windows\SYSTEM32\profapi.dll
0x00007ffa7e950000 - 0x00007ffa7e968000 	C:\Program Files\Java\jdk-21\bin\zip.dll
0x00007ffa82b80000 - 0x00007ffa82b90000 	C:\Program Files\Java\jdk-21\bin\net.dll
0x00007ffa87570000 - 0x00007ffa8767d000 	C:\Windows\SYSTEM32\WINHTTP.dll
0x00007ffa8f020000 - 0x00007ffa8f08a000 	C:\Windows\system32\mswsock.dll
0x00007ffa800c0000 - 0x00007ffa800d6000 	C:\Program Files\Java\jdk-21\bin\nio.dll
0x00007ffa712e0000 - 0x00007ffa712fa000 	C:\Program Files\JetBrains\IntelliJ IDEA 2024.1.6\bin\breakgen64.dll
0x00007ffa800b0000 - 0x00007ffa800b9000 	C:\Program Files\Java\jdk-21\bin\extnet.dll
0x00007ffa8ed00000 - 0x00007ffa8edca000 	C:\Windows\SYSTEM32\DNSAPI.dll
0x00007ffa8ecb0000 - 0x00007ffa8eceb000 	C:\Windows\SYSTEM32\IPHLPAPI.DLL
0x00007ffa90e50000 - 0x00007ffa90e58000 	C:\Windows\System32\NSI.dll
0x00007ffa7fb50000 - 0x00007ffa7fb5a000 	C:\Windows\System32\rasadhlp.dll
0x00007ffa803e0000 - 0x00007ffa80460000 	C:\Windows\System32\fwpuclnt.dll
0x00007ffa77ea0000 - 0x00007ffa77eaa000 	C:\Program Files\Java\jdk-21\bin\management.dll
0x00007ffa739e0000 - 0x00007ffa739eb000 	C:\Program Files\Java\jdk-21\bin\management_ext.dll
0x00007ffa91440000 - 0x00007ffa91448000 	C:\Windows\System32\PSAPI.DLL
0x00007ffa8f220000 - 0x00007ffa8f238000 	C:\Windows\SYSTEM32\CRYPTSP.dll
0x00007ffa8e8d0000 - 0x00007ffa8e904000 	C:\Windows\system32\rsaenh.dll
0x00007ffa8f740000 - 0x00007ffa8f76e000 	C:\Windows\SYSTEM32\USERENV.dll
0x00007ffa8f210000 - 0x00007ffa8f21c000 	C:\Windows\SYSTEM32\CRYPTBASE.dll
0x00007ffa7e1c0000 - 0x00007ffa7e1d7000 	C:\Windows\system32\napinsp.dll
0x00007ffa71c50000 - 0x00007ffa71c6b000 	C:\Windows\system32\pnrpnsp.dll
0x00007ffa70690000 - 0x00007ffa706a5000 	C:\Windows\system32\wshbth.dll
0x00007ffa8a0c0000 - 0x00007ffa8a0dd000 	C:\Windows\system32\NLAapi.dll
0x00007ffa71c30000 - 0x00007ffa71c42000 	C:\Windows\System32\winrnr.dll

dbghelp: loaded successfully - version: 4.0.5 - missing functions: none
symbol engine: initialized successfully - sym options: 0x614 - pdb path: .;C:\Program Files\Java\jdk-21\bin;C:\Windows\SYSTEM32;C:\Windows\WinSxS\amd64_microsoft.windows.common-controls_6595b64144ccf1df_6.0.19041.4355_none_60b8b9eb71f62e16;C:\Program Files\Java\jdk-21\bin\server;C:\Program Files\JetBrains\IntelliJ IDEA 2024.1.6\bin

VM Arguments:
jvm_args: -XX:TieredStopAtLevel=1 -Dspring.output.ansi.enabled=always -Dcom.sun.management.jmxremote -Dspring.jmx.enabled=true -Dspring.liveBeansView.mbeanDomain -Dspring.application.admin.enabled=true -Dmanagement.endpoints.jmx.exposure.include=* -javaagent:C:\Program Files\JetBrains\IntelliJ IDEA 2024.1.6\lib\idea_rt.jar=49598:C:\Program Files\JetBrains\IntelliJ IDEA 2024.1.6\bin -Dfile.encoding=UTF-8 -Dsun.stdout.encoding=UTF-8 -Dsun.stderr.encoding=UTF-8 
java_command: com.example.gatewayservice.GatewayServiceApplication
java_class_path (initial): C:\Users\maison info\Desktop\Projet Bootcamp\Backend\recrutement_en_ligne\gatewayService\target\classes;C:\Users\maison info\.m2\repository\org\springframework\boot\spring-boot-starter-actuator\3.3.5\spring-boot-starter-actuator-3.3.5.jar;C:\Users\maison info\.m2\repository\org\springframework\boot\spring-boot-starter\3.3.5\spring-boot-starter-3.3.5.jar;C:\Users\maison info\.m2\repository\org\springframework\boot\spring-boot\3.3.5\spring-boot-3.3.5.jar;C:\Users\maison info\.m2\repository\org\springframework\spring-context\6.1.14\spring-context-6.1.14.jar;C:\Users\maison info\.m2\repository\org\springframework\spring-aop\6.1.14\spring-aop-6.1.14.jar;C:\Users\maison info\.m2\repository\org\springframework\spring-expression\6.1.14\spring-expression-6.1.14.jar;C:\Users\maison info\.m2\repository\org\springframework\boot\spring-boot-autoconfigure\3.3.5\spring-boot-autoconfigure-3.3.5.jar;C:\Users\maison info\.m2\repository\org\springframework\boot\spring-boot-starter-logging\3.3.5\spring-boot-starter-logging-3.3.5.jar;C:\Users\maison info\.m2\repository\ch\qos\logback\logback-classic\1.5.11\logback-classic-1.5.11.jar;C:\Users\maison info\.m2\repository\ch\qos\logback\logback-core\1.5.11\logback-core-1.5.11.jar;C:\Users\maison info\.m2\repository\org\apache\logging\log4j\log4j-to-slf4j\2.23.1\log4j-to-slf4j-2.23.1.jar;C:\Users\maison info\.m2\repository\org\apache\logging\log4j\log4j-api\2.23.1\log4j-api-2.23.1.jar;C:\Users\maison info\.m2\repository\org\slf4j\jul-to-slf4j\2.0.16\jul-to-slf4j-2.0.16.jar;C:\Users\maison info\.m2\repository\jakarta\annotation\jakarta.annotation-api\2.1.1\jakarta.annotation-api-2.1.1.jar;C:\Users\maison info\.m2\repository\org\yaml\snakeyaml\2.2\snakeyaml-2.2.jar;C:\Users\maison info\.m2\repository\org\springframework\boot\spring-boot-actuator-autoconfigure\3.3.5\spring-boot-actuator-autoconfigure-3.3.5.jar;C:\Users\maison info\.m2\repository\org\springframework\boot\spring-boot-actuator\3.3.5\spring-boot-actuator-3.3.5.jar;C:\Users\maison info\.m2\repository\com\fasterxml\jackson\core\jackson-databind\2.17.2\jackson-databind-2.17.2.jar;C:\Users\maison info\.m2\repository\com\fasterxml\jackson\datatype\jackson-datatype-jsr310\2.17.2\jackson-datatype-jsr310-2.17.2.jar;C:\Users\maison info\.m2\repository\io\micrometer\micrometer-observation\1.13.6\micrometer-observation-1.13.6.jar;C:\Users\maison info\.m2\repository\io\micrometer\micrometer-commons\1.13.6\micrometer-commons-1.13.6.jar;C:\Users\maison info\.m2\repository\io\micrometer\micrometer-jakarta9\1.13.6\micrometer-jakarta9-1.13.6.jar;C:\Users\maison info\.m2\repository\io\micrometer\micrometer-core\1.13.6\micrometer-core-1.13.6.jar;C:\Users\maison info\.m2\repository\org\hdrhistogram\HdrHistogram\2.2.2\HdrHistogram-2.2.2.jar;C:\Users\maison info\.m2\repository\org\latencyutils\LatencyUtils\2.0.3\LatencyUtils-2.0.3.jar;C:\Users\maison info\.m2\repository\org\springframework\cloud\spring-cloud-starter-netflix-eureka-client\4.1.3\spring-cloud-starter-netflix-eureka-client-4.1.3.jar;C:\Users\maison info\.m2\repository\org\springframework\cloud\spring-cloud-starter\4.1.4\spring-cloud-starter-4.1.4.jar;C:\Users\maison info\.m2\repository\org\springframework\cloud\spring-cloud-context\4.1.4\spring-cloud-context-4.1.4.jar;C:\Users\maison info\.m2\repository\org\springframework\security\spring-security-crypto\6.3.4\spring-security-crypto-6.3.4.jar;C:\Users\maison info\.m2\repository\org\springframework\cloud\spring-cloud-commons\4.1.4\spring-cloud-commons-4.1.4.jar;C:\Users\maison info\.m2\repository\org\springframework\security\spring-security-rsa\1.1.3\spring-security-rsa-1.1.3.jar;C:\Users\maison info\.m2\repository\org\bouncycastle\bcprov-jdk18on\1.78\bcprov-jdk18on-1.78.jar;C:\Users\maison info\.m2\repository\org\springframework\cloud\spring-cloud-netflix-eureka-client\4.1.3\spring-cloud-netflix-eureka-client-4.1.3.jar;C:\Users\maison info\.m2\repository\org\apache\httpcomponents\client5\httpclient5\5.3.1\httpclient5-5.3.1.jar;C:\Users\maison info\.m2\repository\org\apache\httpcomponents\core5\httpcore5\5.2.5\httpcore5-5.2.5.jar;C:\Users\maison info\.m2\repository\org\apache\httpcomponents\core5\httpcore5-h2\5.2.5\httpcore5-h2-5.2.5.jar;C:\Users\maison info\.m2\repository\com\netflix\eureka\eureka-client\2.0.3\eureka-client-2.0.3.jar;C:\Users\maison info\.m2\repository\com\thoughtworks\xstream\xstream\1.4.20\xstream-1.4.20.jar;C:\Users\maison info\.m2\repository\io\github\x-stream\mxparser\1.2.2\mxparser-1.2.2.jar;C:\Users\maison info\.m2\repository\xmlpull\xmlpull\1.1.3.1\xmlpull-1.1.3.1.jar;C:\Users\maison info\.m2\repository\jakarta\ws\rs\jakarta.ws.rs-api\3.1.0\jakarta.ws.rs-api-3.1.0.jar;C:\Users\maison info\.m2\repository\jakarta\inject\jakarta.inject-api\2.0.1\jakarta.inject-api-2.0.1.jar;C:\Users\maison info\.m2\repository\com\netflix\spectator\spectator-api\1.7.3\spectator-api-1.7.3.jar;C:\Users\maison info\.m2\repository\org\slf4j\slf4j-api\2.0.16\slf4j-api-2.0.16.jar;C:\Users\maison info\.m2\repository\org\apache\httpcomponents\httpclient\4.5.3\httpclient-4.5.3.jar;C:\Users\maison info\.m2\repository\org\apache\httpcomponents\httpcore\4.4.16\httpcore-4.4.16.jar;C:\Users\maison info\.m2\repository\commons-codec\commons-codec\1.16.1\commons-codec-1.16.1.jar;C:\Users\maison info\.m2\repository\commons-configuration\commons-configuration\1.10\commons-configuration-1.10.jar;C:\Users\maison info\.m2\repository\commons-lang\commons-lang\2.6\commons-lang-2.6.jar;C:\Users\maison info\.m2\repository\com\fasterxml\jackson\core\jackson-annotations\2.17.2\jackson-annotations-2.17.2.jar;C:\Users\maison info\.m2\repository\com\fasterxml\jackson\core\jackson-core\2.17.2\jackson-core-2.17.2.jar;C:\Users\maison info\.m2\repository\com\netflix\netflix-commons\netflix-eventbus\0.3.0\netflix-eventbus-0.3.0.jar;C:\Users\maison info\.m2\repository\com\netflix\netflix-commons\netflix-infix\0.3.0\netflix-infix-0.3.0.jar;C:\Users\maison info\.m2\repository\commons-jxpath\commons-jxpath\1.3\commons-jxpath-1.3.jar;C:\Users\maison info\.m2\repository\joda-time\joda-time\2.3\joda-time-2.3.jar;C:\Users\maison info\.m2\repository\org\antlr\antlr-runtime\3.4\antlr-runtime-3.4.jar;C:\Users\maison info\.m2\repository\org\antlr\stringtemplate\3.2.1\stringtemplate-3.2.1.jar;C:\Users\maison info\.m2\repository\antlr\antlr\2.7.7\antlr-2.7.7.jar;C:\Users\maison info\.m2\repository\com\google\code\gson\gson\2.10.1\gson-2.10.1.jar;C:\Users\maison info\.m2\repository\com\netflix\servo\servo-core\0.5.3\servo-core-0.5.3.jar;C:\Users\maison info\.m2\repository\org\apache\commons\commons-math\2.2\commons-math-2.2.jar;C:\Users\maison info\.m2\repository\javax\annotation\javax.annotation-api\1.2\javax.annotation-api-1.2.jar;C:\Users\maison info\.m2\repository\org\codehaus\jettison\jettison\1.5.4\jettison-1.5.4.jar;C:\Users\maison info\.m2\repository\com\netflix\eureka\eureka-core\2.0.3\eureka-core-2.0.3.jar;C:\Users\maison info\.m2\repository\com\fasterxml\woodstox\woodstox-core\6.2.1\woodstox-core-6.2.1.jar;C:\Users\maison info\.m2\repository\org\codehaus\woodstox\stax2-api\4.2.1\stax2-api-4.2.1.jar;C:\Users\maison info\.m2\repository\com\google\guava\guava\33.0.0-jre\guava-33.0.0-jre.jar;C:\Users\maison info\.m2\repository\com\google\guava\failureaccess\1.0.2\failureaccess-1.0.2.jar;C:\Users\maison info\.m2\repository\com\google\guava\listenablefuture\9999.0-empty-to-avoid-conflict-with-guava\listenablefuture-9999.0-empty-to-avoid-conflict-with-guava.jar;C:\Users\maison info\.m2\repository\org\checkerframework\checker-qual\3.41.0\checker-qual-3.41.0.jar;C:\Users\maison info\.m2\repository\com\google\errorprone\error_prone_annotations\2.23.0\error_prone_annotations-2.23.0.jar;C:\Users\maison info\.m2\repository\com\google\j2objc\j2objc-annotations\2.8\j2objc-annotations-2.8.jar;C:\Users\maison info\.m2\repository\org\springframework\cloud\spring-cloud-starter-loadbalancer\4.1.4\spring-cloud-starter-loadbalancer-4.1.4.jar;C:\Users\maison info\.m2\repository\org\springframework\cloud\spring-cloud-loadbalancer\4.1.4\spring-cloud-loadbalancer-4.1.4.jar;C:\Users\maison info\.m2\repository\io\projectreactor\reactor-core\3.6.11\reactor-core-3.6.11.jar;C:\Users\maison info\.m2\repository\org\reactivestreams\reactive-streams\1.0.4\reactive-streams-1.0.4.jar;C:\Users\maison info\.m2\repository\org\springframework\boot\spring-boot-starter-cache\3.3.5\spring-boot-starter-cache-3.3.5.jar;C:\Users\maison info\.m2\repository\org\springframework\spring-context-support\6.1.14\spring-context-support-6.1.14.jar;C:\Users\maison info\.m2\repository\com\stoyanr\evictor\1.0.0\evictor-1.0.0.jar;C:\Users\maison info\.m2\repository\org\springframework\spring-core\6.1.14\spring-core-6.1.14.jar;C:\Users\maison info\.m2\repository\org\springframework\spring-jcl\6.1.14\spring-jcl-6.1.14.jar;C:\Users\maison info\.m2\repository\org\springframework\cloud\spring-cloud-starter-gateway\4.1.5\spring-cloud-starter-gateway-4.1.5.jar;C:\Users\maison info\.m2\repository\org\springframework\cloud\spring-cloud-gateway-server\4.1.5\spring-cloud-gateway-server-4.1.5.jar;C:\Users\maison info\.m2\repository\org\springframework\boot\spring-boot-starter-validation\3.3.5\spring-boot-starter-validation-3.3.5.jar;C:\Users\maison info\.m2\repository\org\apache\tomcat\embed\tomcat-embed-el\10.1.31\tomcat-embed-el-10.1.31.jar;C:\Users\maison info\.m2\repository\org\hibernate\validator\hibernate-validator\8.0.1.Final\hibernate-validator-8.0.1.Final.jar;C:\Users\maison info\.m2\repository\jakarta\validation\jakarta.validation-api\3.0.2\jakarta.validation-api-3.0.2.jar;C:\Users\maison info\.m2\repository\org\jboss\logging\jboss-logging\3.5.3.Final\jboss-logging-3.5.3.Final.jar;C:\Users\maison info\.m2\repository\com\fasterxml\classmate\1.7.0\classmate-1.7.0.jar;C:\Users\maison info\.m2\repository\io\projectreactor\addons\reactor-extra\3.5.2\reactor-extra-3.5.2.jar;C:\Users\maison info\.m2\repository\org\springframework\boot\spring-boot-starter-webflux\3.3.5\spring-boot-starter-webflux-3.3.5.jar;C:\Users\maison info\.m2\repository\org\springframework\boot\spring-boot-starter-json\3.3.5\spring-boot-starter-json-3.3.5.jar;C:\Users\maison info\.m2\repository\com\fasterxml\jackson\datatype\jackson-datatype-jdk8\2.17.2\jackson-datatype-jdk8-2.17.2.jar;C:\Users\maison info\.m2\repository\com\fasterxml\jackson\module\jackson-module-parameter-names\2.17.2\jackson-module-parameter-names-2.17.2.jar;C:\Users\maison info\.m2\repository\org\springframework\boot\spring-boot-starter-reactor-netty\3.3.5\spring-boot-starter-reactor-netty-3.3.5.jar;C:\Users\maison info\.m2\repository\io\projectreactor\netty\reactor-netty-http\1.1.23\reactor-netty-http-1.1.23.jar;C:\Users\maison info\.m2\repository\io\netty\netty-codec-http\4.1.114.Final\netty-codec-http-4.1.114.Final.jar;C:\Users\maison info\.m2\repository\io\netty\netty-common\4.1.114.Final\netty-common-4.1.114.Final.jar;C:\Users\maison info\.m2\repository\io\netty\netty-buffer\4.1.114.Final\netty-buffer-4.1.114.Final.jar;C:\Users\maison info\.m2\repository\io\netty\netty-transport\4.1.114.Final\netty-transport-4.1.114.Final.jar;C:\Users\maison info\.m2\repository\io\netty\netty-codec\4.1.114.Final\netty-codec-4.1.114.Final.jar;C:\Users\maison info\.m2\repository\io\netty\netty-handler\4.1.114.Final\netty-handler-4.1.114.Final.jar;C:\Users\maison info\.m2\repository\io\netty\netty-codec-http2\4.1.114.Final\netty-codec-http2-4.1.114.Final.jar;C:\Users\maison info\.m2\repository\io\netty\netty-resolver-dns\4.1.114.Final\netty-resolver-dns-4.1.114.Final.jar;C:\Users\maison info\.m2\repository\io\netty\netty-resolver\4.1.114.Final\netty-resolver-4.1.114.Final.jar;C:\Users\maison info\.m2\repository\io\netty\netty-codec-dns\4.1.114.Final\netty-codec-dns-4.1.114.Final.jar;C:\Users\maison info\.m2\repository\io\netty\netty-resolver-dns-native-macos\4.1.114.Final\netty-resolver-dns-native-macos-4.1.114.Final-osx-x86_64.jar;C:\Users\maison info\.m2\repository\io\netty\netty-resolver-dns-classes-macos\4.1.114.Final\netty-resolver-dns-classes-macos-4.1.114.Final.jar;C:\Users\maison info\.m2\repository\io\netty\netty-transport-native-epoll\4.1.114.Final\netty-transport-native-epoll-4.1.114.Final-linux-x86_64.jar;C:\Users\maison info\.m2\repository\io\netty\netty-transport-native-unix-common\4.1.114.Final\netty-transport-native-unix-common-4.1.114.Final.jar;C:\Users\maison info\.m2\repository\io\netty\netty-transport-classes-epoll\4.1.114.Final\netty-transport-classes-epoll-4.1.114.Final.jar;C:\Users\maison info\.m2\repository\io\projectreactor\netty\reactor-netty-core\1.1.23\reactor-netty-core-1.1.23.jar;C:\Users\maison info\.m2\repository\io\netty\netty-handler-proxy\4.1.114.Final\netty-handler-proxy-4.1.114.Final.jar;C:\Users\maison info\.m2\repository\io\netty\netty-codec-socks\4.1.114.Final\netty-codec-socks-4.1.114.Final.jar;C:\Users\maison info\.m2\repository\org\springframework\spring-web\6.1.14\spring-web-6.1.14.jar;C:\Users\maison info\.m2\repository\org\springframework\spring-beans\6.1.14\spring-beans-6.1.14.jar;C:\Users\maison info\.m2\repository\org\springframework\spring-webflux\6.1.14\spring-webflux-6.1.14.jar
Launcher Type: SUN_STANDARD

[Global flags]
     intx CICompilerCount                          = 3                                         {product} {ergonomic}
     uint ConcGCThreads                            = 1                                         {product} {ergonomic}
     uint G1ConcRefinementThreads                  = 4                                         {product} {ergonomic}
   size_t G1HeapRegionSize                         = 1048576                                   {product} {ergonomic}
    uintx GCDrainStackTargetSize                   = 64                                        {product} {ergonomic}
   size_t InitialHeapSize                          = 67108864                                  {product} {ergonomic}
     bool ManagementServer                         = true                                      {product} {command line}
   size_t MarkStackSize                            = 4194304                                   {product} {ergonomic}
   size_t MaxHeapSize                              = 1046478848                                {product} {ergonomic}
   size_t MaxNewSize                               = 627048448                                 {product} {ergonomic}
   size_t MinHeapDeltaBytes                        = 1048576                                   {product} {ergonomic}
   size_t MinHeapSize                              = 8388608                                   {product} {ergonomic}
    uintx NonNMethodCodeHeapSize                   = 4096                                   {pd product} {ergonomic}
    uintx NonProfiledCodeHeapSize                  = 0                                      {pd product} {ergonomic}
     bool ProfileInterpreter                       = false                                  {pd product} {command line}
    uintx ProfiledCodeHeapSize                     = 0                                      {pd product} {ergonomic}
   size_t SoftMaxHeapSize                          = 1046478848                             {manageable} {ergonomic}
     intx TieredStopAtLevel                        = 1                                         {product} {command line}
     bool UseCompressedOops                        = true                           {product lp64_product} {ergonomic}
     bool UseG1GC                                  = true                                      {product} {ergonomic}
     bool UseLargePagesIndividualAllocation        = false                                  {pd product} {ergonomic}

Logging:
Log output configuration:
 #0: stdout all=warning uptime,level,tags foldmultilines=false
 #1: stderr all=off uptime,level,tags foldmultilines=false

Environment Variables:
JAVA_HOME=C:\Program Files\Java\jdk-17.0.13+11
PATH=C:\Program Files\Common Files\Oracle\Java\javapath;C:\Program Files (x86)\Common Files\Oracle\Java\javapath;C:\Windows\system32;C:\Windows;C:\Windows\System32\Wbem;C:\Windows\System32\WindowsPowerShell\v1.0\;C:\Windows\System32\OpenSSH\;C:\Program Files (x86)\AMD\ATI.ACE\Core-Static;C:\Users\maison info\AppData\Roaming\nvm;C:\Program Files\nodejs;C:\Users\maison info\AppData\Roaming\nvm;C:\Program Files\nodejs;C:\Program Files\Git\cmd;C:\Program Files\Java\jdk-21\bin;C:\Users\maison info\AppData\Local\Microsoft\WindowsApps;C:\Users\maison info\AppData\Local\Programs\Microsoft VS Code\bin;C:\Users\maison info\AppData\Local\GitHubDesktop\bin;C:\Users\maison info\AppData\Roaming\npm;C:\Users\maison info\AppData\Roaming\nvm;C:\Program Files\nodejs
USERNAME=maison info
OS=Windows_NT
PROCESSOR_IDENTIFIER=Intel64 Family 6 Model 69 Stepping 1, GenuineIntel
TMP=C:\Users\MAISON~1\AppData\Local\Temp
TEMP=C:\Users\MAISON~1\AppData\Local\Temp




Periodic native trim disabled

---------------  S Y S T E M  ---------------

OS:
 Windows 10 , 64 bit Build 19041 (10.0.19041.5072)
OS uptime: 1 days 16:05 hours

CPU: total 4 (initial active 4) (2 cores per cpu, 2 threads per core) family 6 model 69 stepping 1 microcode 0x25, cx8, cmov, fxsr, ht, mmx, sse, sse2, sse3, ssse3, sse4.1, sse4.2, popcnt, lzcnt, tsc, tscinvbit, avx, avx2, aes, erms, clmul, bmi1, bmi2, fma, vzeroupper, clflush, rdtscp, f16c
Processor Information for all 4 processors :
  Max Mhz: 2301, Current Mhz: 1600, Mhz Limit: 1587

Memory: 4k page, system-wide physical 3984M (209M free)
TotalPageFile size 16272M (AvailPageFile size 0M)
current process WorkingSet (physical memory assigned to process): 111M, peak: 111M
current process commit charge ("private bytes"): 166M, peak: 166M

vm_info: Java HotSpot(TM) 64-Bit Server VM (21.0.2+13-LTS-58) for windows-amd64 JRE (21.0.2+13-LTS-58), built on 2024-01-05T18:32:24Z by "mach5one" with MS VC++ 17.1 (VS2022)

END.
