#
# There is insufficient memory for the Java Runtime Environment to continue.
# Native memory allocation (mmap) failed to map 3145728 bytes for G1 virtual space
# Possible reasons:
#   The system is out of physical RAM or swap space
#   The process is running with CompressedOops enabled, and the Java Heap may be blocking the growth of the native heap
# Possible solutions:
#   Reduce memory load on the system
#   Increase physical memory or swap space
#   Check if swap backing store is full
#   Decrease Java heap size (-Xmx/-Xms)
#   Decrease number of Java threads
#   Decrease Java thread stack sizes (-Xss)
#   Set larger code cache with -XX:ReservedCodeCacheSize=
#   JVM is running with Unscaled Compressed Oops mode in which the Java heap is
#     placed in the first 4GB address space. The Java Heap base address is the
#     maximum limit for the native heap growth. Please use -XX:HeapBaseMinAddress
#     to set the Java Heap base and to place the Java Heap above 4GB virtual address.
# This output file may be truncated or incomplete.
#
#  Out of Memory Error (os_windows.cpp:3600), pid=8412, tid=6848
#
# JRE version: Java(TM) SE Runtime Environment (21.0.2+13) (build 21.0.2+13-LTS-58)
# Java VM: Java HotSpot(TM) 64-Bit Server VM (21.0.2+13-LTS-58, mixed mode, emulated-client, sharing, tiered, compressed oops, compressed class ptrs, g1 gc, windows-amd64)
# No core dump will be written. Minidumps are not enabled by default on client versions of Windows
#

---------------  S U M M A R Y ------------

Command Line: -XX:TieredStopAtLevel=1 -Dspring.output.ansi.enabled=always -Dcom.sun.management.jmxremote -Dspring.jmx.enabled=true -Dspring.liveBeansView.mbeanDomain -Dspring.application.admin.enabled=true -Dmanagement.endpoints.jmx.exposure.include=* -javaagent:C:\Program Files\JetBrains\IntelliJ IDEA 2024.1.6\lib\idea_rt.jar=50005:C:\Program Files\JetBrains\IntelliJ IDEA 2024.1.6\bin -Dfile.encoding=UTF-8 -Dsun.stdout.encoding=UTF-8 -Dsun.stderr.encoding=UTF-8 com.example.administrateurservice.AdministrateurServiceApplication

Host: Intel(R) Core(TM) i5-4200U CPU @ 1.60GHz, 4 cores, 3G,  Windows 10 , 64 bit Build 19041 (10.0.19041.5072)
Time: Thu Nov 28 08:00:35 2024 Paris, Madrid elapsed time: 30.698668 seconds (0d 0h 0m 30s)

---------------  T H R E A D  ---------------

Current thread (0x0000021460a2e6b0):  VMThread "VM Thread"          [id=6848, stack(0x000000d4c1500000,0x000000d4c1600000) (1024K)]

Stack: [0x000000d4c1500000,0x000000d4c1600000]
Native frames: (J=compiled Java code, j=interpreted, Vv=VM code, C=native code)
V  [jvm.dll+0x6cade9]
V  [jvm.dll+0x8569c1]
V  [jvm.dll+0x858d2e]
V  [jvm.dll+0x859413]
V  [jvm.dll+0x280e56]
V  [jvm.dll+0x6c74d5]
V  [jvm.dll+0x6bbeca]
V  [jvm.dll+0x355bca]
V  [jvm.dll+0x35d816]
V  [jvm.dll+0x3ae67e]
V  [jvm.dll+0x3ae928]
V  [jvm.dll+0x3295dc]
V  [jvm.dll+0x32be86]
V  [jvm.dll+0x335dde]
V  [jvm.dll+0x36c045]
V  [jvm.dll+0x85ef18]
V  [jvm.dll+0x860014]
V  [jvm.dll+0x860550]
V  [jvm.dll+0x8607f3]
V  [jvm.dll+0x7ff568]
V  [jvm.dll+0x6c953d]
C  [ucrtbase.dll+0x21bb2]
C  [KERNEL32.DLL+0x17374]
C  [ntdll.dll+0x4cc91]

VM_Operation (0x000000d4c10ff860): G1PauseRemark, mode: safepoint, requested by thread 0x00000214500664a0


---------------  P R O C E S S  ---------------

Threads class SMR info:
_java_thread_list=0x00000214686128f0, length=24, elements={
0x000002144fe52e80, 0x0000021460a4dea0, 0x0000021460a4edc0, 0x0000021460a4fce0,
0x0000021460a538c0, 0x0000021460a54320, 0x0000021460a54d80, 0x0000021460a557e0,
0x0000021465096870, 0x00000214652251a0, 0x00000214653fc2b0, 0x00000214653fc920,
0x0000021465855150, 0x0000021465b731c0, 0x0000021465e7d270, 0x0000021465b6c550,
0x000002146702db30, 0x0000021467036e40, 0x00000214658cbf00, 0x000002146588d4e0,
0x0000021467aed500, 0x0000021467aec7e0, 0x0000021467aece70, 0x0000021467aebac0
}

Java Threads: ( => current thread )
  0x000002144fe52e80 JavaThread "main"                              [_thread_blocked, id=6020, stack(0x000000d4c0e00000,0x000000d4c0f00000) (1024K)]
  0x0000021460a4dea0 JavaThread "Reference Handler"          daemon [_thread_blocked, id=12788, stack(0x000000d4c1600000,0x000000d4c1700000) (1024K)]
  0x0000021460a4edc0 JavaThread "Finalizer"                  daemon [_thread_blocked, id=10680, stack(0x000000d4c1700000,0x000000d4c1800000) (1024K)]
  0x0000021460a4fce0 JavaThread "Signal Dispatcher"          daemon [_thread_blocked, id=4216, stack(0x000000d4c1800000,0x000000d4c1900000) (1024K)]
  0x0000021460a538c0 JavaThread "Attach Listener"            daemon [_thread_blocked, id=12768, stack(0x000000d4c1900000,0x000000d4c1a00000) (1024K)]
  0x0000021460a54320 JavaThread "Service Thread"             daemon [_thread_blocked, id=748, stack(0x000000d4c1a00000,0x000000d4c1b00000) (1024K)]
  0x0000021460a54d80 JavaThread "Monitor Deflation Thread"   daemon [_thread_blocked, id=16892, stack(0x000000d4c1b00000,0x000000d4c1c00000) (1024K)]
  0x0000021460a557e0 JavaThread "C1 CompilerThread0"         daemon [_thread_blocked, id=10396, stack(0x000000d4c1c00000,0x000000d4c1d00000) (1024K)]
  0x0000021465096870 JavaThread "Common-Cleaner"             daemon [_thread_blocked, id=16888, stack(0x000000d4c1d00000,0x000000d4c1e00000) (1024K)]
  0x00000214652251a0 JavaThread "C1 CompilerThread1"         daemon [_thread_blocked, id=19300, stack(0x000000d4c1e00000,0x000000d4c1f00000) (1024K)]
  0x00000214653fc2b0 JavaThread "Monitor Ctrl-Break"         daemon [_thread_in_native, id=17968, stack(0x000000d4c1f00000,0x000000d4c2000000) (1024K)]
  0x00000214653fc920 JavaThread "Notification Thread"        daemon [_thread_blocked, id=10256, stack(0x000000d4c2000000,0x000000d4c2100000) (1024K)]
  0x0000021465855150 JavaThread "RMI TCP Accept-0"           daemon [_thread_in_native, id=6268, stack(0x000000d4c2400000,0x000000d4c2500000) (1024K)]
  0x0000021465b731c0 JavaThread "RMI TCP Connection(1)-192.168.1.8" daemon [_thread_in_native, id=17248, stack(0x000000d4c2500000,0x000000d4c2600000) (1024K)]
  0x0000021465e7d270 JavaThread "RMI Scheduler(0)"           daemon [_thread_blocked, id=11396, stack(0x000000d4c2600000,0x000000d4c2700000) (1024K)]
  0x0000021465b6c550 JavaThread "Catalina-utility-1"                [_thread_blocked, id=8144, stack(0x000000d4c2700000,0x000000d4c2800000) (1024K)]
  0x000002146702db30 JavaThread "Catalina-utility-2"                [_thread_blocked, id=18692, stack(0x000000d4c2800000,0x000000d4c2900000) (1024K)]
  0x0000021467036e40 JavaThread "container-0"                       [_thread_blocked, id=14740, stack(0x000000d4c2900000,0x000000d4c2a00000) (1024K)]
  0x00000214658cbf00 JavaThread "mysql-cj-abandoned-connection-cleanup" daemon [_thread_blocked, id=7764, stack(0x000000d4c2a00000,0x000000d4c2b00000) (1024K)]
  0x000002146588d4e0 JavaThread "HikariPool-1 housekeeper"   daemon [_thread_blocked, id=17960, stack(0x000000d4c2c00000,0x000000d4c2d00000) (1024K)]
  0x0000021467aed500 JavaThread "spring.cloud.inetutils"     daemon [_thread_blocked, id=6740, stack(0x000000d4c2d00000,0x000000d4c2e00000) (1024K)]
  0x0000021467aec7e0 JavaThread "HttpClient-1-SelectorManager" daemon [_thread_in_native, id=16424, stack(0x000000d4c2e00000,0x000000d4c2f00000) (1024K)]
  0x0000021467aece70 JavaThread "spectator-gauge-polling-0"  daemon [_thread_blocked, id=2752, stack(0x000000d4c2f00000,0x000000d4c3000000) (1024K)]
  0x0000021467aebac0 JavaThread "AsyncResolver-bootstrap-%d" daemon [_thread_blocked, id=15172, stack(0x000000d4c3000000,0x000000d4c3100000) (1024K)]
Total: 24

Other Threads:
=>0x0000021460a2e6b0 VMThread "VM Thread"                           [id=6848, stack(0x000000d4c1500000,0x000000d4c1600000) (1024K)]
  0x00000214500cb960 WatcherThread "VM Periodic Task Thread"        [id=17680, stack(0x000000d4c1400000,0x000000d4c1500000) (1024K)]
  0x000002145005d780 WorkerThread "GC Thread#0"                     [id=13516, stack(0x000000d4c0f00000,0x000000d4c1000000) (1024K)]
  0x00000214657b7430 WorkerThread "GC Thread#1"                     [id=18576, stack(0x000000d4c2100000,0x000000d4c2200000) (1024K)]
  0x00000214657d3270 WorkerThread "GC Thread#2"                     [id=12448, stack(0x000000d4c2200000,0x000000d4c2300000) (1024K)]
  0x00000214657d3610 WorkerThread "GC Thread#3"                     [id=17160, stack(0x000000d4c2300000,0x000000d4c2400000) (1024K)]
  0x00000214500664a0 ConcurrentGCThread "G1 Main Marker"            [id=2172, stack(0x000000d4c1000000,0x000000d4c1100000) (1024K)]
  0x0000021450066fa0 WorkerThread "G1 Conc#0"                       [id=12320, stack(0x000000d4c1100000,0x000000d4c1200000) (1024K)]
  0x00000214500b9c50 ConcurrentGCThread "G1 Refine#0"               [id=16800, stack(0x000000d4c1200000,0x000000d4c1300000) (1024K)]
  0x00000214500ba7c0 ConcurrentGCThread "G1 Service"                [id=18396, stack(0x000000d4c1300000,0x000000d4c1400000) (1024K)]
Total: 10

Threads with active compile tasks:
Total: 0

VM state: at safepoint (normal execution)

VM Mutex/Monitor currently owned by a thread:  ([mutex/lock_event])
[0x00007ffa3267cd68] Threads_lock - owner thread: 0x0000021460a2e6b0
[0x00007ffa3267ce68] Heap_lock - owner thread: 0x00000214500664a0

Heap address: 0x00000000c1a00000, size: 998 MB, Compressed Oops mode: 32-bit

CDS archive(s) mapped at: [0x0000021400000000-0x0000021400c90000-0x0000021400c90000), size 13172736, SharedBaseAddress: 0x0000021400000000, ArchiveRelocationMode: 1.
Compressed class space mapped at: 0x0000021401000000-0x0000021441000000, reserved size: 1073741824
Narrow klass base: 0x0000021400000000, Narrow klass shift: 0, Narrow klass range: 0x100000000

GC Precious Log:
 CardTable entry size: 512
 Card Set container configuration: InlinePtr #cards 5 size 8 Array Of Cards #cards 12 size 40 Howl #buckets 4 coarsen threshold 1843 Howl Bitmap #cards 512 size 80 coarsen threshold 460 Card regions per heap region 1 cards per card region 2048
 CPUs: 4 total, 4 available
 Memory: 3984M
 Large Page Support: Disabled
 NUMA Support: Disabled
 Compressed Oops: Enabled (32-bit)
 Heap Region Size: 1M
 Heap Min Capacity: 8M
 Heap Initial Capacity: 64M
 Heap Max Capacity: 998M
 Pre-touch: Disabled
 Parallel Workers: 4
 Concurrent Workers: 1
 Concurrent Refinement Workers: 4
 Periodic GC: Disabled

Heap:
 garbage-first heap   total 78848K, used 47372K [0x00000000c1a00000, 0x0000000100000000)
  region size 1024K, 4 young (4096K), 2 survivors (2048K)
 Metaspace       used 75448K, committed 76288K, reserved 1179648K
  class space    used 10866K, committed 11264K, reserved 1048576K

Heap Regions: E=young(eden), S=young(survivor), O=old, HS=humongous(starts), HC=humongous(continues), CS=collection set, F=free, TAMS=top-at-mark-start, PB=parsable bottom
|   0|0x00000000c1a00000, 0x00000000c1b00000, 0x00000000c1b00000|100%|HS|  |TAMS 0x00000000c1b00000| PB 0x00000000c1a00000| Complete 
|   1|0x00000000c1b00000, 0x00000000c1c00000, 0x00000000c1c00000|100%|HS|  |TAMS 0x00000000c1c00000| PB 0x00000000c1b00000| Complete 
|   2|0x00000000c1c00000, 0x00000000c1d00000, 0x00000000c1d00000|100%| O|  |TAMS 0x00000000c1d00000| PB 0x00000000c1d00000| Untracked 
|   3|0x00000000c1d00000, 0x00000000c1e00000, 0x00000000c1e00000|100%| O|  |TAMS 0x00000000c1e00000| PB 0x00000000c1e00000| Untracked 
|   4|0x00000000c1e00000, 0x00000000c1f00000, 0x00000000c1f00000|100%| O|  |TAMS 0x00000000c1f00000| PB 0x00000000c1f00000| Untracked 
|   5|0x00000000c1f00000, 0x00000000c2000000, 0x00000000c2000000|100%| O|  |TAMS 0x00000000c2000000| PB 0x00000000c2000000| Untracked 
|   6|0x00000000c2000000, 0x00000000c2100000, 0x00000000c2100000|100%| O|  |TAMS 0x00000000c2100000| PB 0x00000000c2100000| Untracked 
|   7|0x00000000c2100000, 0x00000000c2200000, 0x00000000c2200000|100%| O|  |TAMS 0x00000000c2200000| PB 0x00000000c2200000| Untracked 
|   8|0x00000000c2200000, 0x00000000c2300000, 0x00000000c2300000|100%| O|  |TAMS 0x00000000c2300000| PB 0x00000000c2300000| Untracked 
|   9|0x00000000c2300000, 0x00000000c2400000, 0x00000000c2400000|100%| O|  |TAMS 0x00000000c2400000| PB 0x00000000c2400000| Untracked 
|  10|0x00000000c2400000, 0x00000000c2500000, 0x00000000c2500000|100%| O|  |TAMS 0x00000000c2500000| PB 0x00000000c2500000| Untracked 
|  11|0x00000000c2500000, 0x00000000c2600000, 0x00000000c2600000|100%| O|  |TAMS 0x00000000c2600000| PB 0x00000000c2600000| Untracked 
|  12|0x00000000c2600000, 0x00000000c2700000, 0x00000000c2700000|100%| O|  |TAMS 0x00000000c2700000| PB 0x00000000c2700000| Untracked 
|  13|0x00000000c2700000, 0x00000000c2800000, 0x00000000c2800000|100%| O|  |TAMS 0x00000000c2800000| PB 0x00000000c2800000| Untracked 
|  14|0x00000000c2800000, 0x00000000c2900000, 0x00000000c2900000|100%| O|  |TAMS 0x00000000c2900000| PB 0x00000000c2900000| Updating 
|  15|0x00000000c2900000, 0x00000000c2a00000, 0x00000000c2a00000|100%| O|  |TAMS 0x00000000c2a00000| PB 0x00000000c2a00000| Untracked 
|  16|0x00000000c2a00000, 0x00000000c2b00000, 0x00000000c2b00000|100%| O|  |TAMS 0x00000000c2b00000| PB 0x00000000c2b00000| Untracked 
|  17|0x00000000c2b00000, 0x00000000c2c00000, 0x00000000c2c00000|100%| O|  |TAMS 0x00000000c2c00000| PB 0x00000000c2c00000| Updating 
|  18|0x00000000c2c00000, 0x00000000c2d00000, 0x00000000c2d00000|100%| O|  |TAMS 0x00000000c2d00000| PB 0x00000000c2d00000| Updating 
|  19|0x00000000c2d00000, 0x00000000c2e00000, 0x00000000c2e00000|100%| O|  |TAMS 0x00000000c2e00000| PB 0x00000000c2e00000| Untracked 
|  20|0x00000000c2e00000, 0x00000000c2f00000, 0x00000000c2f00000|100%| O|  |TAMS 0x00000000c2f00000| PB 0x00000000c2f00000| Updating 
|  21|0x00000000c2f00000, 0x00000000c3000000, 0x00000000c3000000|100%| O|  |TAMS 0x00000000c3000000| PB 0x00000000c3000000| Untracked 
|  22|0x00000000c3000000, 0x00000000c3100000, 0x00000000c3100000|100%| O|  |TAMS 0x00000000c3100000| PB 0x00000000c3100000| Updating 
|  23|0x00000000c3100000, 0x00000000c3200000, 0x00000000c3200000|100%| O|  |TAMS 0x00000000c3100000| PB 0x00000000c3100000| Untracked 
|  24|0x00000000c3200000, 0x00000000c3300000, 0x00000000c3300000|100%| O|  |TAMS 0x00000000c3300000| PB 0x00000000c3300000| Untracked 
|  25|0x00000000c3300000, 0x00000000c3400000, 0x00000000c3400000|100%| O|  |TAMS 0x00000000c3400000| PB 0x00000000c3400000| Updating 
|  26|0x00000000c3400000, 0x00000000c3500000, 0x00000000c3500000|100%| O|  |TAMS 0x00000000c3500000| PB 0x00000000c3500000| Updating 
|  27|0x00000000c3500000, 0x00000000c3600000, 0x00000000c3600000|100%| O|  |TAMS 0x00000000c3500000| PB 0x00000000c3500000| Untracked 
|  28|0x00000000c3600000, 0x00000000c3700000, 0x00000000c3700000|100%| O|  |TAMS 0x00000000c3700000| PB 0x00000000c3700000| Untracked 
|  29|0x00000000c3700000, 0x00000000c3800000, 0x00000000c3800000|100%| O|  |TAMS 0x00000000c3800000| PB 0x00000000c3800000| Untracked 
|  30|0x00000000c3800000, 0x00000000c3900000, 0x00000000c3900000|100%| O|  |TAMS 0x00000000c3900000| PB 0x00000000c3900000| Untracked 
|  31|0x00000000c3900000, 0x00000000c3a00000, 0x00000000c3a00000|100%| O|  |TAMS 0x00000000c3a00000| PB 0x00000000c3a00000| Untracked 
|  32|0x00000000c3a00000, 0x00000000c3b00000, 0x00000000c3b00000|100%| O|  |TAMS 0x00000000c3b00000| PB 0x00000000c3b00000| Untracked 
|  33|0x00000000c3b00000, 0x00000000c3c00000, 0x00000000c3c00000|100%| O|  |TAMS 0x00000000c3c00000| PB 0x00000000c3c00000| Untracked 
|  34|0x00000000c3c00000, 0x00000000c3d00000, 0x00000000c3d00000|100%| O|  |TAMS 0x00000000c3d00000| PB 0x00000000c3d00000| Updating 
|  35|0x00000000c3d00000, 0x00000000c3e00000, 0x00000000c3e00000|100%| O|  |TAMS 0x00000000c3e00000| PB 0x00000000c3e00000| Untracked 
|  36|0x00000000c3e00000, 0x00000000c3f00000, 0x00000000c3f00000|100%| O|  |TAMS 0x00000000c3f00000| PB 0x00000000c3f00000| Untracked 
|  37|0x00000000c3f00000, 0x00000000c4000000, 0x00000000c4000000|100%| O|  |TAMS 0x00000000c4000000| PB 0x00000000c4000000| Untracked 
|  38|0x00000000c4000000, 0x00000000c4100000, 0x00000000c4100000|100%| O|  |TAMS 0x00000000c4100000| PB 0x00000000c4100000| Updating 
|  39|0x00000000c4100000, 0x00000000c4200000, 0x00000000c4200000|100%| O|  |TAMS 0x00000000c4200000| PB 0x00000000c4200000| Untracked 
|  40|0x00000000c4200000, 0x00000000c4300000, 0x00000000c4300000|100%| O|  |TAMS 0x00000000c4300000| PB 0x00000000c4300000| Updating 
|  41|0x00000000c4300000, 0x00000000c4400000, 0x00000000c4400000|100%| O|  |TAMS 0x00000000c4400000| PB 0x00000000c4400000| Untracked 
|  42|0x00000000c4400000, 0x00000000c4500000, 0x00000000c4500000|100%| O|  |TAMS 0x00000000c4496240| PB 0x00000000c4496240| Updating 
|  43|0x00000000c4500000, 0x00000000c4500000, 0x00000000c4600000|  0%| F|  |TAMS 0x00000000c4500000| PB 0x00000000c4500000| Untracked 
|  44|0x00000000c4600000, 0x00000000c4600000, 0x00000000c4700000|  0%| F|  |TAMS 0x00000000c4600000| PB 0x00000000c4600000| Untracked 
|  45|0x00000000c4700000, 0x00000000c4700000, 0x00000000c4800000|  0%| F|  |TAMS 0x00000000c4700000| PB 0x00000000c4700000| Untracked 
|  46|0x00000000c4800000, 0x00000000c48a1148, 0x00000000c4900000| 62%| O|  |TAMS 0x00000000c4800000| PB 0x00000000c4800000| Updating 
|  47|0x00000000c4900000, 0x00000000c4900000, 0x00000000c4a00000|  0%| F|  |TAMS 0x00000000c4900000| PB 0x00000000c4900000| Untracked 
|  48|0x00000000c4a00000, 0x00000000c4a00000, 0x00000000c4b00000|  0%| F|  |TAMS 0x00000000c4a00000| PB 0x00000000c4a00000| Untracked 
|  49|0x00000000c4b00000, 0x00000000c4b00000, 0x00000000c4c00000|  0%| F|  |TAMS 0x00000000c4b00000| PB 0x00000000c4b00000| Untracked 
|  50|0x00000000c4c00000, 0x00000000c4c00000, 0x00000000c4d00000|  0%| F|  |TAMS 0x00000000c4c00000| PB 0x00000000c4c00000| Untracked 
|  51|0x00000000c4d00000, 0x00000000c4d00000, 0x00000000c4e00000|  0%| F|  |TAMS 0x00000000c4d00000| PB 0x00000000c4d00000| Untracked 
|  52|0x00000000c4e00000, 0x00000000c4ea1f80, 0x00000000c4f00000| 63%| S|CS|TAMS 0x00000000c4e00000| PB 0x00000000c4e00000| Complete 
|  53|0x00000000c4f00000, 0x00000000c5000000, 0x00000000c5000000|100%| S|CS|TAMS 0x00000000c4f00000| PB 0x00000000c4f00000| Complete 
|  54|0x00000000c5000000, 0x00000000c5000000, 0x00000000c5100000|  0%| F|  |TAMS 0x00000000c5000000| PB 0x00000000c5000000| Untracked 
|  55|0x00000000c5100000, 0x00000000c5100000, 0x00000000c5200000|  0%| F|  |TAMS 0x00000000c5100000| PB 0x00000000c5100000| Untracked 
|  56|0x00000000c5200000, 0x00000000c5200000, 0x00000000c5300000|  0%| F|  |TAMS 0x00000000c5200000| PB 0x00000000c5200000| Untracked 
|  57|0x00000000c5300000, 0x00000000c5300000, 0x00000000c5400000|  0%| F|  |TAMS 0x00000000c5300000| PB 0x00000000c5300000| Untracked 
|  58|0x00000000c5400000, 0x00000000c5400000, 0x00000000c5500000|  0%| F|  |TAMS 0x00000000c5400000| PB 0x00000000c5400000| Untracked 
|  59|0x00000000c5500000, 0x00000000c5500000, 0x00000000c5600000|  0%| F|  |TAMS 0x00000000c5500000| PB 0x00000000c5500000| Untracked 
|  60|0x00000000c5600000, 0x00000000c5600000, 0x00000000c5700000|  0%| F|  |TAMS 0x00000000c5600000| PB 0x00000000c5600000| Untracked 
|  61|0x00000000c5700000, 0x00000000c5700000, 0x00000000c5800000|  0%| F|  |TAMS 0x00000000c5700000| PB 0x00000000c5700000| Untracked 
|  62|0x00000000c5800000, 0x00000000c5800000, 0x00000000c5900000|  0%| F|  |TAMS 0x00000000c5800000| PB 0x00000000c5800000| Untracked 
|  63|0x00000000c5900000, 0x00000000c5900000, 0x00000000c5a00000|  0%| F|  |TAMS 0x00000000c5900000| PB 0x00000000c5900000| Untracked 
|  64|0x00000000c5a00000, 0x00000000c5a00000, 0x00000000c5b00000|  0%| F|  |TAMS 0x00000000c5a00000| PB 0x00000000c5a00000| Untracked 
|  65|0x00000000c5b00000, 0x00000000c5b00000, 0x00000000c5c00000|  0%| F|  |TAMS 0x00000000c5b00000| PB 0x00000000c5b00000| Untracked 
|  66|0x00000000c5c00000, 0x00000000c5c00000, 0x00000000c5d00000|  0%| F|  |TAMS 0x00000000c5c00000| PB 0x00000000c5c00000| Untracked 
|  67|0x00000000c5d00000, 0x00000000c5d00000, 0x00000000c5e00000|  0%| F|  |TAMS 0x00000000c5d00000| PB 0x00000000c5d00000| Untracked 
|  68|0x00000000c5e00000, 0x00000000c5e00000, 0x00000000c5f00000|  0%| F|  |TAMS 0x00000000c5e00000| PB 0x00000000c5e00000| Untracked 
|  69|0x00000000c5f00000, 0x00000000c5f00000, 0x00000000c6000000|  0%| F|  |TAMS 0x00000000c5f00000| PB 0x00000000c5f00000| Untracked 
|  70|0x00000000c6000000, 0x00000000c6000000, 0x00000000c6100000|  0%| F|  |TAMS 0x00000000c6000000| PB 0x00000000c6000000| Untracked 
|  71|0x00000000c6100000, 0x00000000c6100000, 0x00000000c6200000|  0%| F|  |TAMS 0x00000000c6100000| PB 0x00000000c6100000| Untracked 
|  72|0x00000000c6200000, 0x00000000c6200000, 0x00000000c6300000|  0%| F|  |TAMS 0x00000000c6200000| PB 0x00000000c6200000| Untracked 
|  73|0x00000000c6300000, 0x00000000c6300000, 0x00000000c6400000|  0%| F|  |TAMS 0x00000000c6300000| PB 0x00000000c6300000| Untracked 
|  74|0x00000000c6400000, 0x00000000c6400000, 0x00000000c6500000|  0%| F|  |TAMS 0x00000000c6400000| PB 0x00000000c6400000| Untracked 
|  75|0x00000000c6500000, 0x00000000c6600000, 0x00000000c6600000|100%| E|  |TAMS 0x00000000c6500000| PB 0x00000000c6500000| Complete 
|  76|0x00000000c6600000, 0x00000000c6700000, 0x00000000c6700000|100%| E|CS|TAMS 0x00000000c6600000| PB 0x00000000c6600000| Complete 

Card table byte_map: [0x000002145d330000,0x000002145d530000] _byte_map_base: 0x000002145cd23000

Marking Bits: (CMBitMap*) 0x000002145005de80
 Bits: [0x000002145d530000, 0x000002145e4c8000)

Polling page: 0x00000214500e0000

Metaspace:

Usage:
  Non-class:     63.07 MB used.
      Class:     10.61 MB used.
       Both:     73.68 MB used.

Virtual space:
  Non-class space:      128.00 MB reserved,      63.50 MB ( 50%) committed,  2 nodes.
      Class space:        1.00 GB reserved,      11.00 MB (  1%) committed,  1 nodes.
             Both:        1.12 GB reserved,      74.50 MB (  6%) committed. 

Chunk freelists:
   Non-Class:  15.56 MB
       Class:  4.83 MB
        Both:  20.39 MB

MaxMetaspaceSize: unlimited
CompressedClassSpaceSize: 1.00 GB
Initial GC threshold: 21.00 MB
Current GC threshold: 111.56 MB
CDS: on
 - commit_granule_bytes: 65536.
 - commit_granule_words: 8192.
 - virtual_space_node_default_size: 8388608.
 - enlarge_chunks_in_place: 1.
 - use_allocation_guard: 0.


Internal statistics:

num_allocs_failed_limit: 14.
num_arena_births: 1220.
num_arena_deaths: 0.
num_vsnodes_births: 3.
num_vsnodes_deaths: 0.
num_space_committed: 1192.
num_space_uncommitted: 0.
num_chunks_returned_to_freelist: 14.
num_chunks_taken_from_freelist: 3892.
num_chunk_merges: 14.
num_chunk_splits: 2807.
num_chunks_enlarged: 2190.
num_inconsistent_stats: 0.

CodeCache: size=49152Kb used=12821Kb max_used=12904Kb free=36330Kb
 bounds [0x0000021459c90000, 0x000002145a930000, 0x000002145cc90000]
 total_blobs=7342 nmethods=6620 adapters=645
 compilation: enabled
              stopped_count=0, restarted_count=0
 full_count=0

Compilation events (20 events):
Event: 30.500 Thread 0x00000214652251a0 6748       1       org.springframework.boot.ansi.AnsiOutput::buildEnabled (127 bytes)
Event: 30.500 Thread 0x0000021460a557e0 6749       1       ch.qos.logback.core.pattern.CompositeConverter::convert (43 bytes)
Event: 30.500 Thread 0x0000021460a557e0 nmethod 6749 0x000002145a925910 code [0x000002145a925b00, 0x000002145a925df8]
Event: 30.500 Thread 0x0000021460a557e0 6747       1       org.springframework.boot.ansi.AnsiOutput::isEnabled (46 bytes)
Event: 30.500 Thread 0x00000214652251a0 nmethod 6748 0x000002145a926010 code [0x000002145a926240, 0x000002145a9265f0]
Event: 30.500 Thread 0x0000021460a557e0 nmethod 6747 0x000002145a926910 code [0x000002145a926ac0, 0x000002145a926c90]
Event: 30.501 Thread 0x00000214652251a0 6751       1       org.springframework.boot.logging.logback.ColorConverter::transform (60 bytes)
Event: 30.501 Thread 0x0000021460a557e0 6750       1       org.springframework.boot.logging.logback.ColorConverter::transform (10 bytes)
Event: 30.515 Thread 0x0000021460a557e0 nmethod 6750 0x000002145a926d90 code [0x000002145a926f40, 0x000002145a927080]
Event: 30.515 Thread 0x0000021460a557e0 6752       1       java.time.format.DateTimePrintContext::getValue (36 bytes)
Event: 30.515 Thread 0x0000021460a557e0 nmethod 6752 0x000002145a927110 code [0x000002145a9272e0, 0x000002145a927480]
Event: 30.515 Thread 0x0000021460a557e0 6753       1       java.time.ZonedDateTime::getLong (83 bytes)
Event: 30.515 Thread 0x00000214652251a0 nmethod 6751 0x000002145a927510 code [0x000002145a927740, 0x000002145a927d00]
Event: 30.516 Thread 0x0000021460a557e0 nmethod 6753 0x000002145a928010 code [0x000002145a928200, 0x000002145a9284a8]
Event: 30.520 Thread 0x0000021460a557e0 6754       1       java.util.TreeMap$KeySet::contains (11 bytes)
Event: 30.520 Thread 0x0000021460a557e0 nmethod 6754 0x000002145a928610 code [0x000002145a9287c0, 0x000002145a9288b8]
Event: 30.520 Thread 0x00000214652251a0 6755       1       javax.management.openmbean.CompositeDataSupport::get (73 bytes)
Event: 30.521 Thread 0x00000214652251a0 nmethod 6755 0x000002145a928990 code [0x000002145a928be0, 0x000002145a929078]
Event: 30.522 Thread 0x0000021460a557e0 6756       1       javax.management.openmbean.CompositeDataSupport::getCompositeType (5 bytes)
Event: 30.522 Thread 0x0000021460a557e0 nmethod 6756 0x000002145a929310 code [0x000002145a9294a0, 0x000002145a929568]

GC Heap History (20 events):
Event: 16.709 GC heap before
{Heap before GC invocations=11 (full 0):
 garbage-first heap   total 78848K, used 68171K [0x00000000c1a00000, 0x0000000100000000)
  region size 1024K, 45 young (46080K), 5 survivors (5120K)
 Metaspace       used 39042K, committed 39680K, reserved 1114112K
  class space    used 5541K, committed 5824K, reserved 1048576K
}
Event: 16.723 GC heap after
{Heap after GC invocations=12 (full 0):
 garbage-first heap   total 78848K, used 28580K [0x00000000c1a00000, 0x0000000100000000)
  region size 1024K, 5 young (5120K), 5 survivors (5120K)
 Metaspace       used 39042K, committed 39680K, reserved 1114112K
  class space    used 5541K, committed 5824K, reserved 1048576K
}
Event: 18.742 GC heap before
{Heap before GC invocations=12 (full 0):
 garbage-first heap   total 78848K, used 66468K [0x00000000c1a00000, 0x0000000100000000)
  region size 1024K, 43 young (44032K), 5 survivors (5120K)
 Metaspace       used 48704K, committed 49344K, reserved 1114112K
  class space    used 6912K, committed 7232K, reserved 1048576K
}
Event: 18.756 GC heap after
{Heap after GC invocations=13 (full 0):
 garbage-first heap   total 78848K, used 30810K [0x00000000c1a00000, 0x0000000100000000)
  region size 1024K, 6 young (6144K), 6 survivors (6144K)
 Metaspace       used 48704K, committed 49344K, reserved 1114112K
  class space    used 6912K, committed 7232K, reserved 1048576K
}
Event: 20.817 GC heap before
{Heap before GC invocations=13 (full 0):
 garbage-first heap   total 78848K, used 65626K [0x00000000c1a00000, 0x0000000100000000)
  region size 1024K, 41 young (41984K), 6 survivors (6144K)
 Metaspace       used 57986K, committed 58624K, reserved 1114112K
  class space    used 8305K, committed 8576K, reserved 1048576K
}
Event: 20.829 GC heap after
{Heap after GC invocations=14 (full 0):
 garbage-first heap   total 78848K, used 32982K [0x00000000c1a00000, 0x0000000100000000)
  region size 1024K, 5 young (5120K), 5 survivors (5120K)
 Metaspace       used 57986K, committed 58624K, reserved 1114112K
  class space    used 8305K, committed 8576K, reserved 1048576K
}
Event: 21.470 GC heap before
{Heap before GC invocations=14 (full 0):
 garbage-first heap   total 78848K, used 40150K [0x00000000c1a00000, 0x0000000100000000)
  region size 1024K, 13 young (13312K), 5 survivors (5120K)
 Metaspace       used 59816K, committed 60480K, reserved 1114112K
  class space    used 8621K, committed 8896K, reserved 1048576K
}
Event: 21.478 GC heap after
{Heap after GC invocations=15 (full 0):
 garbage-first heap   total 78848K, used 33546K [0x00000000c1a00000, 0x0000000100000000)
  region size 1024K, 3 young (3072K), 3 survivors (3072K)
 Metaspace       used 59816K, committed 60480K, reserved 1114112K
  class space    used 8621K, committed 8896K, reserved 1048576K
}
Event: 23.362 GC heap before
{Heap before GC invocations=16 (full 0):
 garbage-first heap   total 78848K, used 69386K [0x00000000c1a00000, 0x0000000100000000)
  region size 1024K, 38 young (38912K), 3 survivors (3072K)
 Metaspace       used 64837K, committed 65600K, reserved 1114112K
  class space    used 9333K, committed 9664K, reserved 1048576K
}
Event: 23.375 GC heap after
{Heap after GC invocations=17 (full 0):
 garbage-first heap   total 78848K, used 35959K [0x00000000c1a00000, 0x0000000100000000)
  region size 1024K, 5 young (5120K), 5 survivors (5120K)
 Metaspace       used 64837K, committed 65600K, reserved 1114112K
  class space    used 9333K, committed 9664K, reserved 1048576K
}
Event: 24.746 GC heap before
{Heap before GC invocations=17 (full 0):
 garbage-first heap   total 78848K, used 67703K [0x00000000c1a00000, 0x0000000100000000)
  region size 1024K, 36 young (36864K), 5 survivors (5120K)
 Metaspace       used 66403K, committed 67072K, reserved 1114112K
  class space    used 9562K, committed 9856K, reserved 1048576K
}
Event: 24.763 GC heap after
{Heap after GC invocations=18 (full 0):
 garbage-first heap   total 78848K, used 38136K [0x00000000c1a00000, 0x0000000100000000)
  region size 1024K, 3 young (3072K), 3 survivors (3072K)
 Metaspace       used 66403K, committed 67072K, reserved 1114112K
  class space    used 9562K, committed 9856K, reserved 1048576K
}
Event: 25.989 GC heap before
{Heap before GC invocations=18 (full 0):
 garbage-first heap   total 78848K, used 69880K [0x00000000c1a00000, 0x0000000100000000)
  region size 1024K, 34 young (34816K), 3 survivors (3072K)
 Metaspace       used 67790K, committed 68480K, reserved 1114112K
  class space    used 9794K, committed 10112K, reserved 1048576K
}
Event: 26.002 GC heap after
{Heap after GC invocations=19 (full 0):
 garbage-first heap   total 78848K, used 40139K [0x00000000c1a00000, 0x0000000100000000)
  region size 1024K, 5 young (5120K), 5 survivors (5120K)
 Metaspace       used 67790K, committed 68480K, reserved 1114112K
  class space    used 9794K, committed 10112K, reserved 1048576K
}
Event: 27.776 GC heap before
{Heap before GC invocations=20 (full 0):
 garbage-first heap   total 78848K, used 67787K [0x00000000c1a00000, 0x0000000100000000)
  region size 1024K, 32 young (32768K), 5 survivors (5120K)
 Metaspace       used 70412K, committed 71168K, reserved 1114112K
  class space    used 10156K, committed 10496K, reserved 1048576K
}
Event: 27.794 GC heap after
{Heap after GC invocations=21 (full 0):
 garbage-first heap   total 78848K, used 42083K [0x00000000c1a00000, 0x0000000100000000)
  region size 1024K, 4 young (4096K), 4 survivors (4096K)
 Metaspace       used 70412K, committed 71168K, reserved 1114112K
  class space    used 10156K, committed 10496K, reserved 1048576K
}
Event: 29.406 GC heap before
{Heap before GC invocations=21 (full 0):
 garbage-first heap   total 78848K, used 68707K [0x00000000c1a00000, 0x0000000100000000)
  region size 1024K, 30 young (30720K), 4 survivors (4096K)
 Metaspace       used 73074K, committed 73856K, reserved 1114112K
  class space    used 10474K, committed 10816K, reserved 1048576K
}
Event: 29.435 GC heap after
{Heap after GC invocations=22 (full 0):
 garbage-first heap   total 78848K, used 45204K [0x00000000c1a00000, 0x0000000100000000)
  region size 1024K, 4 young (4096K), 4 survivors (4096K)
 Metaspace       used 73074K, committed 73856K, reserved 1114112K
  class space    used 10474K, committed 10816K, reserved 1048576K
}
Event: 30.501 GC heap before
{Heap before GC invocations=22 (full 0):
 garbage-first heap   total 78848K, used 68756K [0x00000000c1a00000, 0x0000000100000000)
  region size 1024K, 27 young (27648K), 4 survivors (4096K)
 Metaspace       used 75257K, committed 76160K, reserved 1179648K
  class space    used 10829K, committed 11264K, reserved 1048576K
}
Event: 30.514 GC heap after
{Heap after GC invocations=23 (full 0):
 garbage-first heap   total 78848K, used 46348K [0x00000000c1a00000, 0x0000000100000000)
  region size 1024K, 2 young (2048K), 2 survivors (2048K)
 Metaspace       used 75257K, committed 76160K, reserved 1179648K
  class space    used 10829K, committed 11264K, reserved 1048576K
}

Dll operation events (13 events):
Event: 0.033 Loaded shared library C:\Program Files\Java\jdk-21\bin\java.dll
Event: 2.659 Loaded shared library C:\Program Files\Java\jdk-21\bin\zip.dll
Event: 2.668 Loaded shared library C:\Program Files\Java\jdk-21\bin\instrument.dll
Event: 2.758 Loaded shared library C:\Program Files\Java\jdk-21\bin\net.dll
Event: 2.760 Loaded shared library C:\Program Files\Java\jdk-21\bin\nio.dll
Event: 2.767 Loaded shared library C:\Program Files\Java\jdk-21\bin\zip.dll
Event: 2.991 Loaded shared library C:\Program Files\Java\jdk-21\bin\jimage.dll
Event: 3.628 Loaded shared library C:\Program Files\JetBrains\IntelliJ IDEA 2024.1.6\bin\breakgen64.dll
Event: 3.711 Loaded shared library C:\Program Files\Java\jdk-21\bin\extnet.dll
Event: 3.757 Loaded shared library C:\Program Files\Java\jdk-21\bin\management.dll
Event: 3.793 Loaded shared library C:\Program Files\Java\jdk-21\bin\management_ext.dll
Event: 8.391 Loaded shared library C:\Program Files\Java\jdk-21\bin\sunmscapi.dll
Event: 17.525 Loaded shared library C:\Program Files\Java\jdk-21\bin\verify.dll

Deoptimization events (10 events):
Event: 13.735 Thread 0x000002144fe52e80 DEOPT PACKING pc=0x000002145a5073bc sp=0x000000d4c0efdac0
Event: 13.735 Thread 0x000002144fe52e80 DEOPT UNPACKING pc=0x0000021459ce4e42 sp=0x000000d4c0efd068 mode 0
Event: 23.057 Thread 0x000002144fe52e80 DEOPT PACKING pc=0x000002145a1faf9c sp=0x000000d4c0efc1e0
Event: 23.057 Thread 0x000002144fe52e80 DEOPT UNPACKING pc=0x0000021459ce4e42 sp=0x000000d4c0efb738 mode 0
Event: 24.260 Thread 0x000002144fe52e80 DEOPT PACKING pc=0x000002145a24b4d9 sp=0x000000d4c0efdce0
Event: 24.260 Thread 0x000002144fe52e80 DEOPT UNPACKING pc=0x0000021459ce4e42 sp=0x000000d4c0efd1e8 mode 3
Event: 24.261 Thread 0x000002144fe52e80 DEOPT PACKING pc=0x000002145a22b91a sp=0x000000d4c0efdca0
Event: 24.261 Thread 0x000002144fe52e80 DEOPT UNPACKING pc=0x0000021459ce4e42 sp=0x000000d4c0efd1e8 mode 3
Event: 28.602 Thread 0x0000021465b731c0 DEOPT PACKING pc=0x000002145a69963c sp=0x000000d4c25fedc0
Event: 28.632 Thread 0x0000021465b731c0 DEOPT UNPACKING pc=0x0000021459ce4e42 sp=0x000000d4c25fe258 mode 0

Classes loaded (20 events):
Event: 30.242 Loading class java/util/stream/Nodes$LongArrayNode done
Event: 30.242 Loading class java/util/stream/Nodes$LongFixedNodeBuilder done
Event: 30.277 Loading class java/util/function/DoubleSupplier
Event: 30.277 Loading class java/util/function/DoubleSupplier done
Event: 30.397 Loading class java/util/function/LongSupplier
Event: 30.397 Loading class java/util/function/LongSupplier done
Event: 30.443 Loading class sun/util/resources/LocaleData$CommonResourceBundleProvider
Event: 30.443 Loading class sun/util/resources/LocaleData$LocaleDataResourceBundleProvider
Event: 30.444 Loading class java/util/spi/ResourceBundleProvider
Event: 30.444 Loading class java/util/spi/ResourceBundleProvider done
Event: 30.444 Loading class sun/util/resources/LocaleData$LocaleDataResourceBundleProvider done
Event: 30.444 Loading class sun/util/resources/LocaleData$CommonResourceBundleProvider done
Event: 30.444 Loading class sun/util/resources/Bundles$2
Event: 30.445 Loading class sun/util/resources/Bundles$2 done
Event: 30.533 Loading class java/security/KeyManagementException
Event: 30.534 Loading class java/security/KeyManagementException done
Event: 30.534 Loading class sun/security/ssl/SSLContextImpl$TLSContext
Event: 30.535 Loading class sun/security/ssl/SSLContextImpl$TLSContext done
Event: 30.535 Loading class sun/security/ssl/DummyX509KeyManager
Event: 30.535 Loading class sun/security/ssl/DummyX509KeyManager done

Classes unloaded (0 events):
No events

Classes redefined (0 events):
No events

Internal exceptions (20 events):
Event: 23.645 Thread 0x000002144fe52e80 Exception <a 'java/lang/NoSuchMethodError'{0x00000000c63450a0}: 'java.lang.Object java.lang.invoke.DirectMethodHandle$Holder.newInvokeSpecial(java.lang.Object, java.lang.Object, java.lang.Object, java.lang.Object, java.lang.Object, java.lang.Object, java.lang.Object, java.lang.Object)'> (0x00000000c63450a0) 
thrown [s\open\src\hotspot\share\interpreter\linkResolver.cpp, line 773]
Event: 24.654 Thread 0x000002144fe52e80 Exception <a 'java/lang/IncompatibleClassChangeError'{0x00000000c4acb800}: Found class java.lang.Object, but interface was expected> (0x00000000c4acb800) 
thrown [s\open\src\hotspot\share\interpreter\linkResolver.cpp, line 840]
Event: 24.804 Thread 0x000002144fe52e80 Exception <a 'java/lang/NoSuchMethodError'{0x00000000c66f5388}: 'void java.lang.invoke.DirectMethodHandle$Holder.invokeVirtual(java.lang.Object, java.lang.Object, long)'> (0x00000000c66f5388) 
thrown [s\open\src\hotspot\share\interpreter\linkResolver.cpp, line 773]
Event: 25.194 Thread 0x000002144fe52e80 Exception <a 'java/lang/NoSuchMethodError'{0x00000000c5f64638}: 'int java.lang.invoke.DirectMethodHandle$Holder.invokeStaticInit(java.lang.Object, java.lang.Object, java.lang.Object, java.lang.Object)'> (0x00000000c5f64638) 
thrown [s\open\src\hotspot\share\interpreter\linkResolver.cpp, line 773]
Event: 25.357 Thread 0x000002144fe52e80 Exception <a 'java/lang/IncompatibleClassChangeError'{0x00000000c5b5cbc8}: Found class java.lang.Object, but interface was expected> (0x00000000c5b5cbc8) 
thrown [s\open\src\hotspot\share\interpreter\linkResolver.cpp, line 840]
Event: 25.442 Thread 0x000002144fe52e80 Exception <a 'java/lang/NoSuchMethodError'{0x00000000c59f1f78}: 'java.lang.Object java.lang.invoke.DirectMethodHandle$Holder.newInvokeSpecial(java.lang.Object, java.lang.Object, java.lang.Object, java.lang.Object, java.lang.Object, java.lang.Object, java.lang.Object, java.lang.Object, java.lang.Object)'> (0x00000000c59f1f78) 
thrown [s\open\src\hotspot\share\interpreter\linkResolver.cpp, line 773]
Event: 25.555 Thread 0x000002144fe52e80 Exception <a 'java/lang/NoSuchMethodError'{0x00000000c56d2298}: 'void java.lang.invoke.Invokers$Holder.invokeExact_MT(java.lang.Object, java.lang.Object, int, java.lang.Object)'> (0x00000000c56d2298) 
thrown [s\open\src\hotspot\share\interpreter\linkResolver.cpp, line 773]
Event: 25.619 Thread 0x0000021467aed500 Exception <a 'java/net/UnknownHostException'{0x00000000c54001a8}> (0x00000000c54001a8) 
thrown [s\open\src\hotspot\share\prims\jni.cpp, line 520]
Event: 25.837 Thread 0x000002144fe52e80 Exception <a 'java/lang/NoSuchMethodError'{0x00000000c4b01a70}: 'java.lang.Object java.lang.invoke.DirectMethodHandle$Holder.invokeVirtual(java.lang.Object, java.lang.Object, java.lang.Object, java.lang.Object, java.lang.Object, java.lang.Object, java.lang.Object)'> (0x00000000c4b01a70) 
thrown [s\open\src\hotspot\share\interpreter\linkResolver.cpp, line 773]
Event: 26.977 Thread 0x000002144fe52e80 Exception <a 'java/lang/NoSuchMethodError'{0x00000000c5915d68}: 'int java.lang.invoke.DirectMethodHandle$Holder.invokeStatic(java.lang.Object, java.lang.Object, java.lang.Object, java.lang.Object, java.lang.Object)'> (0x00000000c5915d68) 
thrown [s\open\src\hotspot\share\interpreter\linkResolver.cpp, line 773]
Event: 27.293 Thread 0x000002144fe52e80 Exception <a 'java/lang/NoSuchMethodError'{0x00000000c538f710}: 'double java.lang.invoke.DirectMethodHandle$Holder.invokeStatic(java.lang.Object, java.lang.Object)'> (0x00000000c538f710) 
thrown [s\open\src\hotspot\share\interpreter\linkResolver.cpp, line 773]
Event: 27.570 Thread 0x000002144fe52e80 Exception <a 'java/lang/NoSuchMethodError'{0x00000000c4dbba38}: 'java.lang.Object java.lang.invoke.DirectMethodHandle$Holder.invokeStaticInit(java.lang.Object, java.lang.Object, int)'> (0x00000000c4dbba38) 
thrown [s\open\src\hotspot\share\interpreter\linkResolver.cpp, line 773]
Event: 27.636 Thread 0x000002144fe52e80 Exception <a 'sun/nio/fs/WindowsException'{0x00000000c4c07a70}> (0x00000000c4c07a70) 
thrown [s\open\src\hotspot\share\prims\jni.cpp, line 520]
Event: 27.907 Thread 0x00000214653fc920 Exception <a 'java/lang/NoSuchMethodError'{0x00000000c66385c0}: 'long java.lang.invoke.DirectMethodHandle$Holder.invokeStatic(java.lang.Object, java.lang.Object, java.lang.Object)'> (0x00000000c66385c0) 
thrown [s\open\src\hotspot\share\interpreter\linkResolver.cpp, line 773]
Event: 30.033 Thread 0x000002144fe52e80 Exception <a 'java/lang/NoSuchMethodError'{0x00000000c59cd770}: 'java.lang.Object java.lang.invoke.DirectMethodHandle$Holder.invokeVirtual(java.lang.Object, java.lang.Object, java.lang.Object, java.lang.Object, java.lang.Object, java.lang.Object, java.lang.Object, java.lang.Object, java.lang.Object)'> (0x00000000c59cd770) 
thrown [s\open\src\hotspot\share\interpreter\linkResolver.cpp, line 773]
Event: 30.225 Thread 0x000002144fe52e80 Exception <a 'java/lang/NoSuchMethodError'{0x00000000c5444d08}: 'void java.lang.invoke.DirectMethodHandle$Holder.invokeStatic(java.lang.Object, java.lang.Object, double)'> (0x00000000c5444d08) 
thrown [s\open\src\hotspot\share\interpreter\linkResolver.cpp, line 773]
Event: 30.242 Thread 0x000002144fe52e80 Exception <a 'java/lang/NoSuchMethodError'{0x00000000c5492368}: 'double java.lang.invoke.DirectMethodHandle$Holder.invokeStatic(java.lang.Object, java.lang.Object, java.lang.Object)'> (0x00000000c5492368) 
thrown [s\open\src\hotspot\share\interpreter\linkResolver.cpp, line 773]
Event: 30.309 Thread 0x000002144fe52e80 Exception <a 'java/lang/IncompatibleClassChangeError'{0x00000000c537f8d8}: Found class java.lang.Object, but interface was expected> (0x00000000c537f8d8) 
thrown [s\open\src\hotspot\share\interpreter\linkResolver.cpp, line 840]
Event: 30.330 Thread 0x000002144fe52e80 Exception <a 'java/lang/NoSuchMethodError'{0x00000000c53bc110}: 'java.lang.Object java.lang.invoke.DirectMethodHandle$Holder.newInvokeSpecial(java.lang.Object, java.lang.Object, int, java.lang.Object, java.lang.Object)'> (0x00000000c53bc110) 
thrown [s\open\src\hotspot\share\interpreter\linkResolver.cpp, line 773]
Event: 30.421 Thread 0x000002144fe52e80 Exception <a 'java/lang/NoSuchMethodError'{0x00000000c51ba010}: 'double java.lang.invoke.DirectMethodHandle$Holder.invokeVirtual(java.lang.Object, java.lang.Object)'> (0x00000000c51ba010) 
thrown [s\open\src\hotspot\share\interpreter\linkResolver.cpp, line 773]

ZGC Phase Switch (0 events):
No events

VM Operations (20 events):
Event: 26.965 Executing VM operation: HandshakeAllThreads (Deoptimize) done
Event: 27.776 Executing VM operation: G1CollectForAllocation (G1 Evacuation Pause)
Event: 27.795 Executing VM operation: G1CollectForAllocation (G1 Evacuation Pause) done
Event: 27.898 Executing VM operation: HandshakeAllThreads (Deoptimize)
Event: 27.906 Executing VM operation: HandshakeAllThreads (Deoptimize) done
Event: 27.985 Executing VM operation: HandshakeAllThreads (Deoptimize)
Event: 27.985 Executing VM operation: HandshakeAllThreads (Deoptimize) done
Event: 28.158 Executing VM operation: HandshakeAllThreads (Deoptimize)
Event: 28.158 Executing VM operation: HandshakeAllThreads (Deoptimize) done
Event: 29.160 Executing VM operation: Cleanup
Event: 29.221 Executing VM operation: Cleanup done
Event: 29.406 Executing VM operation: G1CollectForAllocation (G1 Evacuation Pause)
Event: 29.435 Executing VM operation: G1CollectForAllocation (G1 Evacuation Pause) done
Event: 30.247 Executing VM operation: HandshakeAllThreads (Deoptimize)
Event: 30.248 Executing VM operation: HandshakeAllThreads (Deoptimize) done
Event: 30.287 Executing VM operation: HandshakeAllThreads (Deoptimize)
Event: 30.307 Executing VM operation: HandshakeAllThreads (Deoptimize) done
Event: 30.501 Executing VM operation: G1CollectForAllocation (G1 Evacuation Pause)
Event: 30.514 Executing VM operation: G1CollectForAllocation (G1 Evacuation Pause) done
Event: 30.683 Executing VM operation: G1PauseRemark

Events (20 events):
Event: 30.689 Thread 0x0000021460a2e6b0 flushing nmethod 0x000002145a77f110
Event: 30.689 Thread 0x0000021460a2e6b0 flushing nmethod 0x000002145a623310
Event: 30.689 Thread 0x0000021460a2e6b0 flushing nmethod 0x000002145a59ae90
Event: 30.689 Thread 0x0000021460a2e6b0 flushing nmethod 0x000002145a540190
Event: 30.689 Thread 0x0000021460a2e6b0 flushing nmethod 0x000002145a4e1790
Event: 30.689 Thread 0x0000021460a2e6b0 flushing nmethod 0x000002145a44b590
Event: 30.689 Thread 0x0000021460a2e6b0 flushing nmethod 0x000002145a41af10
Event: 30.689 Thread 0x0000021460a2e6b0 flushing nmethod 0x000002145a435610
Event: 30.689 Thread 0x0000021460a2e6b0 flushing nmethod 0x000002145a3c4090
Event: 30.689 Thread 0x0000021460a2e6b0 flushing nmethod 0x000002145a327190
Event: 30.689 Thread 0x0000021460a2e6b0 flushing nmethod 0x000002145a2d7790
Event: 30.689 Thread 0x0000021460a2e6b0 flushing nmethod 0x000002145a249c10
Event: 30.689 Thread 0x0000021460a2e6b0 flushing nmethod 0x000002145a229d90
Event: 30.689 Thread 0x0000021460a2e6b0 flushing nmethod 0x000002145a1fa910
Event: 30.690 Thread 0x0000021460a2e6b0 flushing nmethod 0x000002145a1a1d10
Event: 30.690 Thread 0x0000021460a2e6b0 flushing nmethod 0x000002145a0e0d90
Event: 30.690 Thread 0x0000021460a2e6b0 flushing nmethod 0x000002145a0e6810
Event: 30.690 Thread 0x0000021460a2e6b0 flushing nmethod 0x000002145a023390
Event: 30.690 Thread 0x0000021460a2e6b0 flushing nmethod 0x0000021459fcd890
Event: 30.690 Thread 0x0000021460a2e6b0 flushing nmethod 0x0000021459f66790


Dynamic libraries:
0x00007ff6d8780000 - 0x00007ff6d8790000 	C:\Program Files\Java\jdk-21\bin\java.exe
0x00007ffa921f0000 - 0x00007ffa923e8000 	C:\Windows\SYSTEM32\ntdll.dll
0x00007ffa91010000 - 0x00007ffa910d2000 	C:\Windows\System32\KERNEL32.DLL
0x00007ffa8fb80000 - 0x00007ffa8fe7e000 	C:\Windows\System32\KERNELBASE.dll
0x00007ffa8f890000 - 0x00007ffa8f990000 	C:\Windows\System32\ucrtbase.dll
0x00007ffa83990000 - 0x00007ffa839a9000 	C:\Program Files\Java\jdk-21\bin\jli.dll
0x00007ffa90d70000 - 0x00007ffa90e21000 	C:\Windows\System32\ADVAPI32.dll
0x00007ffa90210000 - 0x00007ffa902ae000 	C:\Windows\System32\msvcrt.dll
0x00007ffa92030000 - 0x00007ffa920cf000 	C:\Windows\System32\sechost.dll
0x00007ffa90c40000 - 0x00007ffa90d63000 	C:\Windows\System32\RPCRT4.dll
0x00007ffa8f990000 - 0x00007ffa8f9b7000 	C:\Windows\System32\bcrypt.dll
0x00007ffa91e90000 - 0x00007ffa9202d000 	C:\Windows\System32\USER32.dll
0x00007ffa90080000 - 0x00007ffa900a2000 	C:\Windows\System32\win32u.dll
0x00007ffa91c60000 - 0x00007ffa91c8b000 	C:\Windows\System32\GDI32.dll
0x00007ffa8f9c0000 - 0x00007ffa8fad7000 	C:\Windows\System32\gdi32full.dll
0x00007ffa8fae0000 - 0x00007ffa8fb7d000 	C:\Windows\System32\msvcp_win.dll
0x00007ffa83970000 - 0x00007ffa8398b000 	C:\Program Files\Java\jdk-21\bin\VCRUNTIME140.dll
0x00007ffa80560000 - 0x00007ffa807fa000 	C:\Windows\WinSxS\amd64_microsoft.windows.common-controls_6595b64144ccf1df_6.0.19041.4355_none_60b8b9eb71f62e16\COMCTL32.dll
0x00007ffa7e1e0000 - 0x00007ffa7e1ea000 	C:\Windows\SYSTEM32\VERSION.dll
0x00007ffa920d0000 - 0x00007ffa920ff000 	C:\Windows\System32\IMM32.DLL
0x00007ffa83960000 - 0x00007ffa8396c000 	C:\Program Files\Java\jdk-21\bin\vcruntime140_1.dll
0x00007ffa739f0000 - 0x00007ffa73a7e000 	C:\Program Files\Java\jdk-21\bin\msvcp140.dll
0x00007ffa31a40000 - 0x00007ffa32757000 	C:\Program Files\Java\jdk-21\bin\server\jvm.dll
0x00007ffa90f40000 - 0x00007ffa90fab000 	C:\Windows\System32\WS2_32.dll
0x00007ffa8ee20000 - 0x00007ffa8ee6b000 	C:\Windows\SYSTEM32\POWRPROF.dll
0x00007ffa7d610000 - 0x00007ffa7d637000 	C:\Windows\SYSTEM32\WINMM.dll
0x00007ffa8ec90000 - 0x00007ffa8eca2000 	C:\Windows\SYSTEM32\UMPDC.dll
0x00007ffa8d710000 - 0x00007ffa8d722000 	C:\Windows\SYSTEM32\kernel.appcore.dll
0x00007ffa82b90000 - 0x00007ffa82b9a000 	C:\Program Files\Java\jdk-21\bin\jimage.dll
0x00007ffa75150000 - 0x00007ffa75334000 	C:\Windows\SYSTEM32\DBGHELP.DLL
0x00007ffa75110000 - 0x00007ffa75144000 	C:\Windows\SYSTEM32\dbgcore.DLL
0x00007ffa8fff0000 - 0x00007ffa90072000 	C:\Windows\System32\bcryptPrimitives.dll
0x00007ffa80300000 - 0x00007ffa8030f000 	C:\Program Files\Java\jdk-21\bin\instrument.dll
0x00007ffa80970000 - 0x00007ffa8098f000 	C:\Program Files\Java\jdk-21\bin\java.dll
0x00007ffa902b0000 - 0x00007ffa90a1d000 	C:\Windows\System32\SHELL32.dll
0x00007ffa8d910000 - 0x00007ffa8e0b4000 	C:\Windows\SYSTEM32\windows.storage.dll
0x00007ffa910e0000 - 0x00007ffa91433000 	C:\Windows\System32\combase.dll
0x00007ffa8f2c0000 - 0x00007ffa8f2ee000 	C:\Windows\SYSTEM32\Wldp.dll
0x00007ffa91b90000 - 0x00007ffa91c5d000 	C:\Windows\System32\OLEAUT32.dll
0x00007ffa92100000 - 0x00007ffa921ad000 	C:\Windows\System32\SHCORE.dll
0x00007ffa91500000 - 0x00007ffa91555000 	C:\Windows\System32\shlwapi.dll
0x00007ffa8f7c0000 - 0x00007ffa8f7e4000 	C:\Windows\SYSTEM32\profapi.dll
0x00007ffa7e950000 - 0x00007ffa7e968000 	C:\Program Files\Java\jdk-21\bin\zip.dll
0x00007ffa82b80000 - 0x00007ffa82b90000 	C:\Program Files\Java\jdk-21\bin\net.dll
0x00007ffa87570000 - 0x00007ffa8767d000 	C:\Windows\SYSTEM32\WINHTTP.dll
0x00007ffa8f020000 - 0x00007ffa8f08a000 	C:\Windows\system32\mswsock.dll
0x00007ffa800c0000 - 0x00007ffa800d6000 	C:\Program Files\Java\jdk-21\bin\nio.dll
0x00007ffa712e0000 - 0x00007ffa712fa000 	C:\Program Files\JetBrains\IntelliJ IDEA 2024.1.6\bin\breakgen64.dll
0x00007ffa8ed00000 - 0x00007ffa8edca000 	C:\Windows\SYSTEM32\DNSAPI.dll
0x00007ffa8ecb0000 - 0x00007ffa8eceb000 	C:\Windows\SYSTEM32\IPHLPAPI.DLL
0x00007ffa90e50000 - 0x00007ffa90e58000 	C:\Windows\System32\NSI.dll
0x00007ffa7fb50000 - 0x00007ffa7fb5a000 	C:\Windows\System32\rasadhlp.dll
0x00007ffa800b0000 - 0x00007ffa800b9000 	C:\Program Files\Java\jdk-21\bin\extnet.dll
0x00007ffa803e0000 - 0x00007ffa80460000 	C:\Windows\System32\fwpuclnt.dll
0x00007ffa77ea0000 - 0x00007ffa77eaa000 	C:\Program Files\Java\jdk-21\bin\management.dll
0x00007ffa739e0000 - 0x00007ffa739eb000 	C:\Program Files\Java\jdk-21\bin\management_ext.dll
0x00007ffa91440000 - 0x00007ffa91448000 	C:\Windows\System32\PSAPI.DLL
0x00007ffa8f220000 - 0x00007ffa8f238000 	C:\Windows\SYSTEM32\CRYPTSP.dll
0x00007ffa8e8d0000 - 0x00007ffa8e904000 	C:\Windows\system32\rsaenh.dll
0x00007ffa8f740000 - 0x00007ffa8f76e000 	C:\Windows\SYSTEM32\USERENV.dll
0x00007ffa8f210000 - 0x00007ffa8f21c000 	C:\Windows\SYSTEM32\CRYPTBASE.dll
0x00007ffa7e1c0000 - 0x00007ffa7e1d7000 	C:\Windows\system32\napinsp.dll
0x00007ffa71c50000 - 0x00007ffa71c6b000 	C:\Windows\system32\pnrpnsp.dll
0x00007ffa70690000 - 0x00007ffa706a5000 	C:\Windows\system32\wshbth.dll
0x00007ffa8a0c0000 - 0x00007ffa8a0dd000 	C:\Windows\system32\NLAapi.dll
0x00007ffa71c30000 - 0x00007ffa71c42000 	C:\Windows\System32\winrnr.dll
0x00007ffa739a0000 - 0x00007ffa739ae000 	C:\Program Files\Java\jdk-21\bin\sunmscapi.dll
0x00007ffa900b0000 - 0x00007ffa9020c000 	C:\Windows\System32\CRYPT32.dll
0x00007ffa8f330000 - 0x00007ffa8f357000 	C:\Windows\SYSTEM32\ncrypt.dll
0x00007ffa8f2f0000 - 0x00007ffa8f32b000 	C:\Windows\SYSTEM32\NTASN1.dll
0x00007ffa77eb0000 - 0x00007ffa77ec0000 	C:\Program Files\Java\jdk-21\bin\verify.dll
0x00007ffa82c10000 - 0x00007ffa82c17000 	C:\Windows\system32\wshunix.dll

dbghelp: loaded successfully - version: 4.0.5 - missing functions: none
symbol engine: initialized successfully - sym options: 0x614 - pdb path: .;C:\Program Files\Java\jdk-21\bin;C:\Windows\SYSTEM32;C:\Windows\WinSxS\amd64_microsoft.windows.common-controls_6595b64144ccf1df_6.0.19041.4355_none_60b8b9eb71f62e16;C:\Program Files\Java\jdk-21\bin\server;C:\Program Files\JetBrains\IntelliJ IDEA 2024.1.6\bin

VM Arguments:
jvm_args: -XX:TieredStopAtLevel=1 -Dspring.output.ansi.enabled=always -Dcom.sun.management.jmxremote -Dspring.jmx.enabled=true -Dspring.liveBeansView.mbeanDomain -Dspring.application.admin.enabled=true -Dmanagement.endpoints.jmx.exposure.include=* -javaagent:C:\Program Files\JetBrains\IntelliJ IDEA 2024.1.6\lib\idea_rt.jar=50005:C:\Program Files\JetBrains\IntelliJ IDEA 2024.1.6\bin -Dfile.encoding=UTF-8 -Dsun.stdout.encoding=UTF-8 -Dsun.stderr.encoding=UTF-8 
java_command: com.example.administrateurservice.AdministrateurServiceApplication
java_class_path (initial): C:\Users\maison info\Desktop\Projet Bootcamp\Backend\recrutement_en_ligne\administrateurService\target\classes;C:\Users\maison info\.m2\repository\org\springframework\boot\spring-boot-starter-actuator\3.3.5\spring-boot-starter-actuator-3.3.5.jar;C:\Users\maison info\.m2\repository\org\springframework\boot\spring-boot-starter\3.3.5\spring-boot-starter-3.3.5.jar;C:\Users\maison info\.m2\repository\org\springframework\boot\spring-boot\3.3.5\spring-boot-3.3.5.jar;C:\Users\maison info\.m2\repository\org\springframework\boot\spring-boot-autoconfigure\3.3.5\spring-boot-autoconfigure-3.3.5.jar;C:\Users\maison info\.m2\repository\org\springframework\boot\spring-boot-starter-logging\3.3.5\spring-boot-starter-logging-3.3.5.jar;C:\Users\maison info\.m2\repository\ch\qos\logback\logback-classic\1.5.11\logback-classic-1.5.11.jar;C:\Users\maison info\.m2\repository\ch\qos\logback\logback-core\1.5.11\logback-core-1.5.11.jar;C:\Users\maison info\.m2\repository\org\apache\logging\log4j\log4j-to-slf4j\2.23.1\log4j-to-slf4j-2.23.1.jar;C:\Users\maison info\.m2\repository\org\apache\logging\log4j\log4j-api\2.23.1\log4j-api-2.23.1.jar;C:\Users\maison info\.m2\repository\org\slf4j\jul-to-slf4j\2.0.16\jul-to-slf4j-2.0.16.jar;C:\Users\maison info\.m2\repository\jakarta\annotation\jakarta.annotation-api\2.1.1\jakarta.annotation-api-2.1.1.jar;C:\Users\maison info\.m2\repository\org\yaml\snakeyaml\2.2\snakeyaml-2.2.jar;C:\Users\maison info\.m2\repository\org\springframework\boot\spring-boot-actuator-autoconfigure\3.3.5\spring-boot-actuator-autoconfigure-3.3.5.jar;C:\Users\maison info\.m2\repository\org\springframework\boot\spring-boot-actuator\3.3.5\spring-boot-actuator-3.3.5.jar;C:\Users\maison info\.m2\repository\com\fasterxml\jackson\core\jackson-databind\2.17.2\jackson-databind-2.17.2.jar;C:\Users\maison info\.m2\repository\com\fasterxml\jackson\datatype\jackson-datatype-jsr310\2.17.2\jackson-datatype-jsr310-2.17.2.jar;C:\Users\maison info\.m2\repository\io\micrometer\micrometer-observation\1.13.6\micrometer-observation-1.13.6.jar;C:\Users\maison info\.m2\repository\io\micrometer\micrometer-commons\1.13.6\micrometer-commons-1.13.6.jar;C:\Users\maison info\.m2\repository\io\micrometer\micrometer-jakarta9\1.13.6\micrometer-jakarta9-1.13.6.jar;C:\Users\maison info\.m2\repository\io\micrometer\micrometer-core\1.13.6\micrometer-core-1.13.6.jar;C:\Users\maison info\.m2\repository\org\hdrhistogram\HdrHistogram\2.2.2\HdrHistogram-2.2.2.jar;C:\Users\maison info\.m2\repository\org\latencyutils\LatencyUtils\2.0.3\LatencyUtils-2.0.3.jar;C:\Users\maison info\.m2\repository\org\springframework\boot\spring-boot-starter-data-jpa\3.3.5\spring-boot-starter-data-jpa-3.3.5.jar;C:\Users\maison info\.m2\repository\org\springframework\boot\spring-boot-starter-aop\3.3.5\spring-boot-starter-aop-3.3.5.jar;C:\Users\maison info\.m2\repository\org\springframework\spring-aop\6.1.14\spring-aop-6.1.14.jar;C:\Users\maison info\.m2\repository\org\aspectj\aspectjweaver\1.9.22.1\aspectjweaver-1.9.22.1.jar;C:\Users\maison info\.m2\repository\org\springframework\boot\spring-boot-starter-jdbc\3.3.5\spring-boot-starter-jdbc-3.3.5.jar;C:\Users\maison info\.m2\repository\com\zaxxer\HikariCP\5.1.0\HikariCP-5.1.0.jar;C:\Users\maison info\.m2\repository\org\springframework\spring-jdbc\6.1.14\spring-jdbc-6.1.14.jar;C:\Users\maison info\.m2\repository\org\hibernate\orm\hibernate-core\6.5.3.Final\hibernate-core-6.5.3.Final.jar;C:\Users\maison info\.m2\repository\jakarta\persistence\jakarta.persistence-api\3.1.0\jakarta.persistence-api-3.1.0.jar;C:\Users\maison info\.m2\repository\jakarta\transaction\jakarta.transaction-api\2.0.1\jakarta.transaction-api-2.0.1.jar;C:\Users\maison info\.m2\repository\org\jboss\logging\jboss-logging\3.5.3.Final\jboss-logging-3.5.3.Final.jar;C:\Users\maison info\.m2\repository\org\hibernate\common\hibernate-commons-annotations\6.0.6.Final\hibernate-commons-annotations-6.0.6.Final.jar;C:\Users\maison info\.m2\repository\io\smallrye\jandex\3.1.2\jandex-3.1.2.jar;C:\Users\maison info\.m2\repository\com\fasterxml\classmate\1.7.0\classmate-1.7.0.jar;C:\Users\maison info\.m2\repository\net\bytebuddy\byte-buddy\1.14.19\byte-buddy-1.14.19.jar;C:\Users\maison info\.m2\repository\org\glassfish\jaxb\jaxb-runtime\4.0.5\jaxb-runtime-4.0.5.jar;C:\Users\maison info\.m2\repository\org\glassfish\jaxb\jaxb-core\4.0.5\jaxb-core-4.0.5.jar;C:\Users\maison info\.m2\repository\org\eclipse\angus\angus-activation\2.0.2\angus-activation-2.0.2.jar;C:\Users\maison info\.m2\repository\org\glassfish\jaxb\txw2\4.0.5\txw2-4.0.5.jar;C:\Users\maison info\.m2\repository\com\sun\istack\istack-commons-runtime\4.1.2\istack-commons-runtime-4.1.2.jar;C:\Users\maison info\.m2\repository\jakarta\inject\jakarta.inject-api\2.0.1\jakarta.inject-api-2.0.1.jar;C:\Users\maison info\.m2\repository\org\antlr\antlr4-runtime\4.13.0\antlr4-runtime-4.13.0.jar;C:\Users\maison info\.m2\repository\org\springframework\data\spring-data-jpa\3.3.5\spring-data-jpa-3.3.5.jar;C:\Users\maison info\.m2\repository\org\springframework\data\spring-data-commons\3.3.5\spring-data-commons-3.3.5.jar;C:\Users\maison info\.m2\repository\org\springframework\spring-orm\6.1.14\spring-orm-6.1.14.jar;C:\Users\maison info\.m2\repository\org\springframework\spring-context\6.1.14\spring-context-6.1.14.jar;C:\Users\maison info\.m2\repository\org\springframework\spring-expression\6.1.14\spring-expression-6.1.14.jar;C:\Users\maison info\.m2\repository\org\springframework\spring-tx\6.1.14\spring-tx-6.1.14.jar;C:\Users\maison info\.m2\repository\org\springframework\spring-beans\6.1.14\spring-beans-6.1.14.jar;C:\Users\maison info\.m2\repository\org\slf4j\slf4j-api\2.0.16\slf4j-api-2.0.16.jar;C:\Users\maison info\.m2\repository\org\springframework\spring-aspects\6.1.14\spring-aspects-6.1.14.jar;C:\Users\maison info\.m2\repository\org\springframework\cloud\spring-cloud-starter-gateway-mvc\4.1.5\spring-cloud-starter-gateway-mvc-4.1.5.jar;C:\Users\maison info\.m2\repository\org\springframework\cloud\spring-cloud-starter\4.1.4\spring-cloud-starter-4.1.4.jar;C:\Users\maison info\.m2\repository\org\springframework\cloud\spring-cloud-context\4.1.4\spring-cloud-context-4.1.4.jar;C:\Users\maison info\.m2\repository\org\springframework\security\spring-security-rsa\1.1.3\spring-security-rsa-1.1.3.jar;C:\Users\maison info\.m2\repository\org\bouncycastle\bcprov-jdk18on\1.78\bcprov-jdk18on-1.78.jar;C:\Users\maison info\.m2\repository\org\springframework\cloud\spring-cloud-gateway-server-mvc\4.1.5\spring-cloud-gateway-server-mvc-4.1.5.jar;C:\Users\maison info\.m2\repository\org\springframework\boot\spring-boot-starter-validation\3.3.5\spring-boot-starter-validation-3.3.5.jar;C:\Users\maison info\.m2\repository\org\apache\tomcat\embed\tomcat-embed-el\10.1.31\tomcat-embed-el-10.1.31.jar;C:\Users\maison info\.m2\repository\org\hibernate\validator\hibernate-validator\8.0.1.Final\hibernate-validator-8.0.1.Final.jar;C:\Users\maison info\.m2\repository\jakarta\validation\jakarta.validation-api\3.0.2\jakarta.validation-api-3.0.2.jar;C:\Users\maison info\.m2\repository\org\springframework\boot\spring-boot-starter-web\3.3.5\spring-boot-starter-web-3.3.5.jar;C:\Users\maison info\.m2\repository\org\springframework\boot\spring-boot-starter-json\3.3.5\spring-boot-starter-json-3.3.5.jar;C:\Users\maison info\.m2\repository\com\fasterxml\jackson\datatype\jackson-datatype-jdk8\2.17.2\jackson-datatype-jdk8-2.17.2.jar;C:\Users\maison info\.m2\repository\com\fasterxml\jackson\module\jackson-module-parameter-names\2.17.2\jackson-module-parameter-names-2.17.2.jar;C:\Users\maison info\.m2\repository\org\springframework\boot\spring-boot-starter-tomcat\3.3.5\spring-boot-starter-tomcat-3.3.5.jar;C:\Users\maison info\.m2\repository\org\apache\tomcat\embed\tomcat-embed-core\10.1.31\tomcat-embed-core-10.1.31.jar;C:\Users\maison info\.m2\repository\org\apache\tomcat\embed\tomcat-embed-websocket\10.1.31\tomcat-embed-websocket-10.1.31.jar;C:\Users\maison info\.m2\repository\org\springframework\spring-webmvc\6.1.14\spring-webmvc-6.1.14.jar;C:\Users\maison info\.m2\repository\org\springframework\cloud\spring-cloud-starter-netflix-eureka-client\4.1.3\spring-cloud-starter-netflix-eureka-client-4.1.3.jar;C:\Users\maison info\.m2\repository\org\springframework\cloud\spring-cloud-netflix-eureka-client\4.1.3\spring-cloud-netflix-eureka-client-4.1.3.jar;C:\Users\maison info\.m2\repository\org\apache\httpcomponents\client5\httpclient5\5.3.1\httpclient5-5.3.1.jar;C:\Users\maison info\.m2\repository\org\apache\httpcomponents\core5\httpcore5\5.2.5\httpcore5-5.2.5.jar;C:\Users\maison info\.m2\repository\org\apache\httpcomponents\core5\httpcore5-h2\5.2.5\httpcore5-h2-5.2.5.jar;C:\Users\maison info\.m2\repository\com\netflix\eureka\eureka-client\2.0.3\eureka-client-2.0.3.jar;C:\Users\maison info\.m2\repository\com\thoughtworks\xstream\xstream\1.4.20\xstream-1.4.20.jar;C:\Users\maison info\.m2\repository\io\github\x-stream\mxparser\1.2.2\mxparser-1.2.2.jar;C:\Users\maison info\.m2\repository\xmlpull\xmlpull\1.1.3.1\xmlpull-1.1.3.1.jar;C:\Users\maison info\.m2\repository\jakarta\ws\rs\jakarta.ws.rs-api\3.1.0\jakarta.ws.rs-api-3.1.0.jar;C:\Users\maison info\.m2\repository\com\netflix\spectator\spectator-api\1.7.3\spectator-api-1.7.3.jar;C:\Users\maison info\.m2\repository\org\apache\httpcomponents\httpclient\4.5.3\httpclient-4.5.3.jar;C:\Users\maison info\.m2\repository\org\apache\httpcomponents\httpcore\4.4.16\httpcore-4.4.16.jar;C:\Users\maison info\.m2\repository\commons-codec\commons-codec\1.16.1\commons-codec-1.16.1.jar;C:\Users\maison info\.m2\repository\commons-configuration\commons-configuration\1.10\commons-configuration-1.10.jar;C:\Users\maison info\.m2\repository\commons-lang\commons-lang\2.6\commons-lang-2.6.jar;C:\Users\maison info\.m2\repository\com\fasterxml\jackson\core\jackson-annotations\2.17.2\jackson-annotations-2.17.2.jar;C:\Users\maison info\.m2\repository\com\fasterxml\jackson\core\jackson-core\2.17.2\jackson-core-2.17.2.jar;C:\Users\maison info\.m2\repository\com\netflix\netflix-commons\netflix-eventbus\0.3.0\netflix-eventbus-0.3.0.jar;C:\Users\maison info\.m2\repository\com\netflix\netflix-commons\netflix-infix\0.3.0\netflix-infix-0.3.0.jar;C:\Users\maison info\.m2\repository\commons-jxpath\commons-jxpath\1.3\commons-jxpath-1.3.jar;C:\Users\maison info\.m2\repository\joda-time\joda-time\2.3\joda-time-2.3.jar;C:\Users\maison info\.m2\repository\org\antlr\antlr-runtime\3.4\antlr-runtime-3.4.jar;C:\Users\maison info\.m2\repository\org\antlr\stringtemplate\3.2.1\stringtemplate-3.2.1.jar;C:\Users\maison info\.m2\repository\antlr\antlr\2.7.7\antlr-2.7.7.jar;C:\Users\maison info\.m2\repository\com\google\code\gson\gson\2.10.1\gson-2.10.1.jar;C:\Users\maison info\.m2\repository\com\netflix\servo\servo-core\0.5.3\servo-core-0.5.3.jar;C:\Users\maison info\.m2\repository\org\apache\commons\commons-math\2.2\commons-math-2.2.jar;C:\Users\maison info\.m2\repository\javax\annotation\javax.annotation-api\1.2\javax.annotation-api-1.2.jar;C:\Users\maison info\.m2\repository\org\codehaus\jettison\jettison\1.5.4\jettison-1.5.4.jar;C:\Users\maison info\.m2\repository\com\netflix\eureka\eureka-core\2.0.3\eureka-core-2.0.3.jar;C:\Users\maison info\.m2\repository\com\fasterxml\woodstox\woodstox-core\6.2.1\woodstox-core-6.2.1.jar;C:\Users\maison info\.m2\repository\org\codehaus\woodstox\stax2-api\4.2.1\stax2-api-4.2.1.jar;C:\Users\maison info\.m2\repository\com\google\guava\guava\33.0.0-jre\guava-33.0.0-jre.jar;C:\Users\maison info\.m2\repository\com\google\guava\failureaccess\1.0.2\failureaccess-1.0.2.jar;C:\Users\maison info\.m2\repository\com\google\guava\listenablefuture\9999.0-empty-to-avoid-conflict-with-guava\listenablefuture-9999.0-empty-to-avoid-conflict-with-guava.jar;C:\Users\maison info\.m2\repository\org\checkerframework\checker-qual\3.41.0\checker-qual-3.41.0.jar;C:\Users\maison info\.m2\repository\com\google\errorprone\error_prone_annotations\2.23.0\error_prone_annotations-2.23.0.jar;C:\Users\maison info\.m2\repository\com\google\j2objc\j2objc-annotations\2.8\j2objc-annotations-2.8.jar;C:\Users\maison info\.m2\repository\org\springframework\cloud\spring-cloud-starter-loadbalancer\4.1.4\spring-cloud-starter-loadbalancer-4.1.4.jar;C:\Users\maison info\.m2\repository\org\springframework\cloud\spring-cloud-loadbalancer\4.1.4\spring-cloud-loadbalancer-4.1.4.jar;C:\Users\maison info\.m2\repository\io\projectreactor\reactor-core\3.6.11\reactor-core-3.6.11.jar;C:\Users\maison info\.m2\repository\org\reactivestreams\reactive-streams\1.0.4\reactive-streams-1.0.4.jar;C:\Users\maison info\.m2\repository\io\projectreactor\addons\reactor-extra\3.5.2\reactor-extra-3.5.2.jar;C:\Users\maison info\.m2\repository\org\springframework\boot\spring-boot-starter-cache\3.3.5\spring-boot-starter-cache-3.3.5.jar;C:\Users\maison info\.m2\repository\org\springframework\spring-context-support\6.1.14\spring-context-support-6.1.14.jar;C:\Users\maison info\.m2\repository\com\stoyanr\evictor\1.0.0\evictor-1.0.0.jar;C:\Users\maison info\.m2\repository\org\springframework\cloud\spring-cloud-starter-openfeign\4.1.3\spring-cloud-starter-openfeign-4.1.3.jar;C:\Users\maison info\.m2\repository\org\springframework\cloud\spring-cloud-openfeign-core\4.1.3\spring-cloud-openfeign-core-4.1.3.jar;C:\Users\maison info\.m2\repository\io\github\openfeign\form\feign-form-spring\3.8.0\feign-form-spring-3.8.0.jar;C:\Users\maison info\.m2\repository\io\github\openfeign\form\feign-form\3.8.0\feign-form-3.8.0.jar;C:\Users\maison info\.m2\repository\commons-fileupload\commons-fileupload\1.5\commons-fileupload-1.5.jar;C:\Users\maison info\.m2\repository\commons-io\commons-io\2.11.0\commons-io-2.11.0.jar;C:\Users\maison info\.m2\repository\org\springframework\spring-web\6.1.14\spring-web-6.1.14.jar;C:\Users\maison info\.m2\repository\org\springframework\cloud\spring-cloud-commons\4.1.4\spring-cloud-commons-4.1.4.jar;C:\Users\maison info\.m2\repository\org\springframework\security\spring-security-crypto\6.3.4\spring-security-crypto-6.3.4.jar;C:\Users\maison info\.m2\repository\io\github\openfeign\feign-core\13.3\feign-core-13.3.jar;C:\Users\maison info\.m2\repository\io\github\openfeign\feign-slf4j\13.3\feign-slf4j-13.3.jar;C:\Users\maison info\.m2\repository\com\mysql\mysql-connector-j\8.3.0\mysql-connector-j-8.3.0.jar;C:\Users\maison info\.m2\repository\org\projectlombok\lombok\1.18.34\lombok-1.18.34.jar;C:\Users\maison info\.m2\repository\jakarta\xml\bind\jakarta.xml.bind-api\4.0.2\jakarta.xml.bind-api-4.0.2.jar;C:\Users\maison info\.m2\repository\jakarta\activation\jakarta.activation-api\2.1.3\jakarta.activation-api-2.1.3.jar;C:\Users\maison info\.m2\repository\org\springframework\spring-core\6.1.14\spring-core-6.1.14.jar;C:\Users\maison info\.m2\repository\org\springframework\spring-jcl\6.1.14\spring-jcl-6.1.14.jar
Launcher Type: SUN_STANDARD

[Global flags]
     intx CICompilerCount                          = 3                                         {product} {ergonomic}
     uint ConcGCThreads                            = 1                                         {product} {ergonomic}
     uint G1ConcRefinementThreads                  = 4                                         {product} {ergonomic}
   size_t G1HeapRegionSize                         = 1048576                                   {product} {ergonomic}
    uintx GCDrainStackTargetSize                   = 64                                        {product} {ergonomic}
   size_t InitialHeapSize                          = 67108864                                  {product} {ergonomic}
     bool ManagementServer                         = true                                      {product} {command line}
   size_t MarkStackSize                            = 4194304                                   {product} {ergonomic}
   size_t MaxHeapSize                              = 1046478848                                {product} {ergonomic}
   size_t MaxNewSize                               = 627048448                                 {product} {ergonomic}
   size_t MinHeapDeltaBytes                        = 1048576                                   {product} {ergonomic}
   size_t MinHeapSize                              = 8388608                                   {product} {ergonomic}
    uintx NonNMethodCodeHeapSize                   = 4096                                   {pd product} {ergonomic}
    uintx NonProfiledCodeHeapSize                  = 0                                      {pd product} {ergonomic}
     bool ProfileInterpreter                       = false                                  {pd product} {command line}
    uintx ProfiledCodeHeapSize                     = 0                                      {pd product} {ergonomic}
   size_t SoftMaxHeapSize                          = 1046478848                             {manageable} {ergonomic}
     intx TieredStopAtLevel                        = 1                                         {product} {command line}
     bool UseCompressedOops                        = true                           {product lp64_product} {ergonomic}
     bool UseG1GC                                  = true                                      {product} {ergonomic}
     bool UseLargePagesIndividualAllocation        = false                                  {pd product} {ergonomic}

Logging:
Log output configuration:
 #0: stdout all=warning uptime,level,tags foldmultilines=false
 #1: stderr all=off uptime,level,tags foldmultilines=false

Environment Variables:
JAVA_HOME=C:\Program Files\Java\jdk-17.0.13+11
PATH=C:\Program Files\Common Files\Oracle\Java\javapath;C:\Program Files (x86)\Common Files\Oracle\Java\javapath;C:\Windows\system32;C:\Windows;C:\Windows\System32\Wbem;C:\Windows\System32\WindowsPowerShell\v1.0\;C:\Windows\System32\OpenSSH\;C:\Program Files (x86)\AMD\ATI.ACE\Core-Static;C:\Users\maison info\AppData\Roaming\nvm;C:\Program Files\nodejs;C:\Users\maison info\AppData\Roaming\nvm;C:\Program Files\nodejs;C:\Program Files\Git\cmd;C:\Program Files\Java\jdk-21\bin;C:\Users\maison info\AppData\Local\Microsoft\WindowsApps;C:\Users\maison info\AppData\Local\Programs\Microsoft VS Code\bin;C:\Users\maison info\AppData\Local\GitHubDesktop\bin;C:\Users\maison info\AppData\Roaming\npm;C:\Users\maison info\AppData\Roaming\nvm;C:\Program Files\nodejs
USERNAME=maison info
OS=Windows_NT
PROCESSOR_IDENTIFIER=Intel64 Family 6 Model 69 Stepping 1, GenuineIntel
TMP=C:\Users\MAISON~1\AppData\Local\Temp
TEMP=C:\Users\MAISON~1\AppData\Local\Temp




Periodic native trim disabled

---------------  S Y S T E M  ---------------

OS:
 Windows 10 , 64 bit Build 19041 (10.0.19041.5072)
OS uptime: 1 days 16:26 hours

CPU: total 4 (initial active 4) (2 cores per cpu, 2 threads per core) family 6 model 69 stepping 1 microcode 0x25, cx8, cmov, fxsr, ht, mmx, sse, sse2, sse3, ssse3, sse4.1, sse4.2, popcnt, lzcnt, tsc, tscinvbit, avx, avx2, aes, erms, clmul, bmi1, bmi2, fma, vzeroupper, clflush, rdtscp, f16c
Processor Information for all 4 processors :
  Max Mhz: 2301, Current Mhz: 1600, Mhz Limit: 1587

Memory: 4k page, system-wide physical 3984M (81M free)
TotalPageFile size 16272M (AvailPageFile size 3M)
current process WorkingSet (physical memory assigned to process): 228M, peak: 228M
current process commit charge ("private bytes"): 282M, peak: 285M

vm_info: Java HotSpot(TM) 64-Bit Server VM (21.0.2+13-LTS-58) for windows-amd64 JRE (21.0.2+13-LTS-58), built on 2024-01-05T18:32:24Z by "mach5one" with MS VC++ 17.1 (VS2022)

END.
